{"C:\\Users\\SHREERAJ M\\Downloads\\V1\\lyric-backend\\middleware\\apiKeyAuth.js": {"path":"C:\\Users\\SHREERAJ M\\Downloads\\V1\\lyric-backend\\middleware\\apiKeyAuth.js","statementMap":{"0":{"start":{"line":1,"column":17},"end":{"line":1,"column":36}},"1":{"start":{"line":2,"column":16},"end":{"line":2,"column":44}},"2":{"start":{"line":3,"column":23},"end":{"line":3,"column":58}},"3":{"start":{"line":6,"column":23},"end":{"line":13,"column":1}},"4":{"start":{"line":7,"column":2},"end":{"line":12,"column":5}},"5":{"start":{"line":15,"column":0},"end":{"line":25,"column":2}},"6":{"start":{"line":16,"column":17},"end":{"line":16,"column":40}},"7":{"start":{"line":17,"column":2},"end":{"line":17,"column":76}},"8":{"start":{"line":17,"column":15},"end":{"line":17,"column":76}},"9":{"start":{"line":19,"column":18},"end":{"line":19,"column":66}},"10":{"start":{"line":20,"column":2},"end":{"line":20,"column":76}},"11":{"start":{"line":20,"column":16},"end":{"line":20,"column":76}},"12":{"start":{"line":22,"column":2},"end":{"line":22,"column":24}},"13":{"start":{"line":23,"column":2},"end":{"line":23,"column":37}},"14":{"start":{"line":24,"column":2},"end":{"line":24,"column":9}}},"fnMap":{"0":{"name":"(anonymous_0)","decl":{"start":{"line":6,"column":23},"end":{"line":6,"column":24}},"loc":{"start":{"line":6,"column":47},"end":{"line":13,"column":1}},"line":6},"1":{"name":"(anonymous_1)","decl":{"start":{"line":15,"column":17},"end":{"line":15,"column":18}},"loc":{"start":{"line":15,"column":48},"end":{"line":25,"column":1}},"line":15}},"branchMap":{"0":{"loc":{"start":{"line":17,"column":2},"end":{"line":17,"column":76}},"type":"if","locations":[{"start":{"line":17,"column":2},"end":{"line":17,"column":76}},{"start":{},"end":{}}],"line":17},"1":{"loc":{"start":{"line":20,"column":2},"end":{"line":20,"column":76}},"type":"if","locations":[{"start":{"line":20,"column":2},"end":{"line":20,"column":76}},{"start":{},"end":{}}],"line":20}},"s":{"0":1,"1":1,"2":1,"3":1,"4":0,"5":1,"6":0,"7":0,"8":0,"9":0,"10":0,"11":0,"12":0,"13":0,"14":0},"f":{"0":0,"1":0},"b":{"0":[0,0],"1":[0,0]},"_coverageSchema":"1a1c01bbd47fc00a2c39e90264f33305004495a9","hash":"b04c4efd74203b12a1f6a2f79b304cf1f1d2c58a"}
,"C:\\Users\\SHREERAJ M\\Downloads\\V1\\lyric-backend\\middleware\\validateObjectId.js": {"path":"C:\\Users\\SHREERAJ M\\Downloads\\V1\\lyric-backend\\middleware\\validateObjectId.js","statementMap":{"0":{"start":{"line":1,"column":17},"end":{"line":1,"column":36}},"1":{"start":{"line":3,"column":0},"end":{"line":8,"column":2}},"2":{"start":{"line":4,"column":1},"end":{"line":5,"column":62}},"3":{"start":{"line":5,"column":2},"end":{"line":5,"column":62}},"4":{"start":{"line":7,"column":1},"end":{"line":7,"column":8}}},"fnMap":{"0":{"name":"(anonymous_0)","decl":{"start":{"line":3,"column":17},"end":{"line":3,"column":18}},"loc":{"start":{"line":3,"column":37},"end":{"line":8,"column":1}},"line":3}},"branchMap":{"0":{"loc":{"start":{"line":4,"column":1},"end":{"line":5,"column":62}},"type":"if","locations":[{"start":{"line":4,"column":1},"end":{"line":5,"column":62}},{"start":{},"end":{}}],"line":4}},"s":{"0":1,"1":1,"2":0,"3":0,"4":0},"f":{"0":0},"b":{"0":[0,0]},"_coverageSchema":"1a1c01bbd47fc00a2c39e90264f33305004495a9","hash":"2212ea32d27842a173289caee648c07532d5e238"}
,"C:\\Users\\SHREERAJ M\\Downloads\\V1\\lyric-backend\\models\\ApiKeyUsageLog.js": {"path":"C:\\Users\\SHREERAJ M\\Downloads\\V1\\lyric-backend\\models\\ApiKeyUsageLog.js","statementMap":{"0":{"start":{"line":1,"column":17},"end":{"line":1,"column":36}},"1":{"start":{"line":2,"column":29},"end":{"line":7,"column":2}},"2":{"start":{"line":8,"column":0},"end":{"line":8,"column":72}}},"fnMap":{},"branchMap":{},"s":{"0":1,"1":1,"2":1},"f":{},"b":{},"_coverageSchema":"1a1c01bbd47fc00a2c39e90264f33305004495a9","hash":"2f086c417ba95b07d80bee6b4a047802b581fe67"}
,"C:\\Users\\SHREERAJ M\\Downloads\\V1\\lyric-backend\\models\\Partner.js": {"path":"C:\\Users\\SHREERAJ M\\Downloads\\V1\\lyric-backend\\models\\Partner.js","statementMap":{"0":{"start":{"line":1,"column":17},"end":{"line":1,"column":36}},"1":{"start":{"line":3,"column":22},"end":{"line":8,"column":2}},"2":{"start":{"line":10,"column":16},"end":{"line":10,"column":56}},"3":{"start":{"line":12,"column":0},"end":{"line":12,"column":25}}},"fnMap":{},"branchMap":{},"s":{"0":1,"1":1,"2":1,"3":1},"f":{},"b":{},"_coverageSchema":"1a1c01bbd47fc00a2c39e90264f33305004495a9","hash":"1add4ee75e0ae406b8a5cf3b3a9ca3cfd128118e"}
,"C:\\Users\\SHREERAJ M\\Downloads\\V1\\lyric-backend\\models\\user.js": {"path":"C:\\Users\\SHREERAJ M\\Downloads\\V1\\lyric-backend\\models\\user.js","statementMap":{"0":{"start":{"line":1,"column":17},"end":{"line":1,"column":36}},"1":{"start":{"line":2,"column":12},"end":{"line":2,"column":35}},"2":{"start":{"line":3,"column":12},"end":{"line":3,"column":26}},"3":{"start":{"line":4,"column":27},"end":{"line":4,"column":61}},"4":{"start":{"line":5,"column":15},"end":{"line":5,"column":41}},"5":{"start":{"line":6,"column":0},"end":{"line":6,"column":36}},"6":{"start":{"line":8,"column":19},"end":{"line":19,"column":2}},"7":{"start":{"line":17,"column":43},"end":{"line":17,"column":102}},"8":{"start":{"line":21,"column":0},"end":{"line":21,"column":31}},"9":{"start":{"line":22,"column":0},"end":{"line":22,"column":30}},"10":{"start":{"line":23,"column":0},"end":{"line":23,"column":34}},"11":{"start":{"line":24,"column":0},"end":{"line":24,"column":59}},"12":{"start":{"line":25,"column":0},"end":{"line":25,"column":36}},"13":{"start":{"line":26,"column":0},"end":{"line":26,"column":36}},"14":{"start":{"line":28,"column":0},"end":{"line":45,"column":2}},"15":{"start":{"line":29,"column":1},"end":{"line":31,"column":2}},"16":{"start":{"line":30,"column":2},"end":{"line":30,"column":73}},"17":{"start":{"line":33,"column":15},"end":{"line":43,"column":2}},"18":{"start":{"line":44,"column":1},"end":{"line":44,"column":14}},"19":{"start":{"line":48,"column":17},"end":{"line":56,"column":1}},"20":{"start":{"line":49,"column":16},"end":{"line":54,"column":3}},"21":{"start":{"line":55,"column":1},"end":{"line":55,"column":30}},"22":{"start":{"line":58,"column":13},"end":{"line":58,"column":47}},"23":{"start":{"line":60,"column":0},"end":{"line":60,"column":36}}},"fnMap":{"0":{"name":"(anonymous_0)","decl":{"start":{"line":17,"column":37},"end":{"line":17,"column":38}},"loc":{"start":{"line":17,"column":43},"end":{"line":17,"column":102}},"line":17},"1":{"name":"(anonymous_1)","decl":{"start":{"line":28,"column":39},"end":{"line":28,"column":40}},"loc":{"start":{"line":28,"column":51},"end":{"line":45,"column":1}},"line":28},"2":{"name":"(anonymous_2)","decl":{"start":{"line":48,"column":17},"end":{"line":48,"column":18}},"loc":{"start":{"line":48,"column":27},"end":{"line":56,"column":1}},"line":48}},"branchMap":{"0":{"loc":{"start":{"line":29,"column":1},"end":{"line":31,"column":2}},"type":"if","locations":[{"start":{"line":29,"column":1},"end":{"line":31,"column":2}},{"start":{},"end":{}}],"line":29}},"s":{"0":1,"1":1,"2":1,"3":1,"4":1,"5":1,"6":1,"7":0,"8":1,"9":1,"10":1,"11":1,"12":1,"13":1,"14":1,"15":0,"16":0,"17":0,"18":0,"19":1,"20":0,"21":0,"22":1,"23":1},"f":{"0":0,"1":0,"2":0},"b":{"0":[0,0]},"_coverageSchema":"1a1c01bbd47fc00a2c39e90264f33305004495a9","hash":"3730f1294d5dba77bdb592037c594b76f07dfad0"}
,"C:\\Users\\SHREERAJ M\\Downloads\\V1\\lyric-backend\\routes\\partners.js": {"path":"C:\\Users\\SHREERAJ M\\Downloads\\V1\\lyric-backend\\routes\\partners.js","statementMap":{"0":{"start":{"line":79,"column":16},"end":{"line":79,"column":34}},"1":{"start":{"line":80,"column":15},"end":{"line":80,"column":31}},"2":{"start":{"line":81,"column":17},"end":{"line":81,"column":36}},"3":{"start":{"line":82,"column":15},"end":{"line":82,"column":32}},"4":{"start":{"line":86,"column":22},"end":{"line":91,"column":2}},"5":{"start":{"line":92,"column":16},"end":{"line":92,"column":83}},"6":{"start":{"line":95,"column":0},"end":{"line":111,"column":3}},"7":{"start":{"line":96,"column":19},"end":{"line":96,"column":27}},"8":{"start":{"line":97,"column":2},"end":{"line":97,"column":83}},"9":{"start":{"line":97,"column":13},"end":{"line":97,"column":83}},"10":{"start":{"line":99,"column":2},"end":{"line":110,"column":3}},"11":{"start":{"line":100,"column":19},"end":{"line":100,"column":57}},"12":{"start":{"line":101,"column":20},"end":{"line":101,"column":49}},"13":{"start":{"line":102,"column":4},"end":{"line":102,"column":25}},"14":{"start":{"line":103,"column":4},"end":{"line":103,"column":25}},"15":{"start":{"line":105,"column":4},"end":{"line":109,"column":5}},"16":{"start":{"line":106,"column":6},"end":{"line":106,"column":67}},"17":{"start":{"line":108,"column":6},"end":{"line":108,"column":66}},"18":{"start":{"line":114,"column":0},"end":{"line":121,"column":3}},"19":{"start":{"line":115,"column":2},"end":{"line":120,"column":3}},"20":{"start":{"line":116,"column":21},"end":{"line":116,"column":87}},"21":{"start":{"line":117,"column":4},"end":{"line":117,"column":48}},"22":{"start":{"line":119,"column":4},"end":{"line":119,"column":67}},"23":{"start":{"line":124,"column":23},"end":{"line":124,"column":58}},"24":{"start":{"line":125,"column":0},"end":{"line":134,"column":3}},"25":{"start":{"line":126,"column":2},"end":{"line":133,"column":3}},"26":{"start":{"line":127,"column":17},"end":{"line":129,"column":42}},"27":{"start":{"line":130,"column":4},"end":{"line":130,"column":44}},"28":{"start":{"line":132,"column":4},"end":{"line":132,"column":69}},"29":{"start":{"line":137,"column":0},"end":{"line":145,"column":3}},"30":{"start":{"line":138,"column":2},"end":{"line":144,"column":3}},"31":{"start":{"line":139,"column":19},"end":{"line":139,"column":65}},"32":{"start":{"line":140,"column":4},"end":{"line":140,"column":80}},"33":{"start":{"line":140,"column":17},"end":{"line":140,"column":80}},"34":{"start":{"line":141,"column":4},"end":{"line":141,"column":46}},"35":{"start":{"line":143,"column":4},"end":{"line":143,"column":67}},"36":{"start":{"line":147,"column":0},"end":{"line":147,"column":24}}},"fnMap":{"0":{"name":"(anonymous_0)","decl":{"start":{"line":95,"column":17},"end":{"line":95,"column":18}},"loc":{"start":{"line":95,"column":37},"end":{"line":111,"column":1}},"line":95},"1":{"name":"(anonymous_1)","decl":{"start":{"line":114,"column":16},"end":{"line":114,"column":17}},"loc":{"start":{"line":114,"column":36},"end":{"line":121,"column":1}},"line":114},"2":{"name":"(anonymous_2)","decl":{"start":{"line":125,"column":32},"end":{"line":125,"column":33}},"loc":{"start":{"line":125,"column":52},"end":{"line":134,"column":1}},"line":125},"3":{"name":"(anonymous_3)","decl":{"start":{"line":137,"column":22},"end":{"line":137,"column":23}},"loc":{"start":{"line":137,"column":42},"end":{"line":145,"column":1}},"line":137}},"branchMap":{"0":{"loc":{"start":{"line":92,"column":16},"end":{"line":92,"column":83}},"type":"binary-expr","locations":[{"start":{"line":92,"column":16},"end":{"line":92,"column":39}},{"start":{"line":92,"column":43},"end":{"line":92,"column":83}}],"line":92},"1":{"loc":{"start":{"line":97,"column":2},"end":{"line":97,"column":83}},"type":"if","locations":[{"start":{"line":97,"column":2},"end":{"line":97,"column":83}},{"start":{},"end":{}}],"line":97},"2":{"loc":{"start":{"line":105,"column":4},"end":{"line":109,"column":5}},"type":"if","locations":[{"start":{"line":105,"column":4},"end":{"line":109,"column":5}},{"start":{"line":107,"column":11},"end":{"line":109,"column":5}}],"line":105},"3":{"loc":{"start":{"line":140,"column":4},"end":{"line":140,"column":80}},"type":"if","locations":[{"start":{"line":140,"column":4},"end":{"line":140,"column":80}},{"start":{},"end":{}}],"line":140}},"s":{"0":11,"1":11,"2":11,"3":11,"4":11,"5":11,"6":11,"7":4,"8":4,"9":4,"10":0,"11":0,"12":0,"13":0,"14":0,"15":0,"16":0,"17":0,"18":11,"19":0,"20":0,"21":0,"22":0,"23":11,"24":11,"25":7,"26":7,"27":7,"28":0,"29":11,"30":0,"31":0,"32":0,"33":0,"34":0,"35":0,"36":11},"f":{"0":4,"1":0,"2":7,"3":0},"b":{"0":[11,11],"1":[4,0],"2":[0,0],"3":[0,0]},"_coverageSchema":"1a1c01bbd47fc00a2c39e90264f33305004495a9","hash":"2179ecc5a87746ac9df2229aa2ce8d2d88b91135"}
,"C:\\Users\\SHREERAJ M\\Downloads\\V1\\lyric-backend\\routes\\search.js": {"path":"C:\\Users\\SHREERAJ M\\Downloads\\V1\\lyric-backend\\routes\\search.js","statementMap":{"0":{"start":{"line":26,"column":15},"end":{"line":26,"column":42}},"1":{"start":{"line":27,"column":17},"end":{"line":27,"column":42}},"2":{"start":{"line":28,"column":13},"end":{"line":28,"column":42}},"3":{"start":{"line":30,"column":0},"end":{"line":41,"column":3}},"4":{"start":{"line":31,"column":16},"end":{"line":31,"column":32}},"5":{"start":{"line":32,"column":1},"end":{"line":40,"column":2}},"6":{"start":{"line":33,"column":16},"end":{"line":35,"column":14}},"7":{"start":{"line":36,"column":17},"end":{"line":36,"column":26}},"8":{"start":{"line":37,"column":2},"end":{"line":37,"column":31}},"9":{"start":{"line":39,"column":2},"end":{"line":39,"column":27}},"10":{"start":{"line":43,"column":0},"end":{"line":43,"column":24}}},"fnMap":{"0":{"name":"(anonymous_0)","decl":{"start":{"line":30,"column":16},"end":{"line":30,"column":17}},"loc":{"start":{"line":30,"column":36},"end":{"line":41,"column":1}},"line":30}},"branchMap":{"0":{"loc":{"start":{"line":32,"column":1},"end":{"line":40,"column":2}},"type":"if","locations":[{"start":{"line":32,"column":1},"end":{"line":40,"column":2}},{"start":{"line":38,"column":8},"end":{"line":40,"column":2}}],"line":32}},"s":{"0":1,"1":1,"2":1,"3":1,"4":3,"5":3,"6":2,"7":2,"8":2,"9":1,"10":1},"f":{"0":3},"b":{"0":[2,1]},"_coverageSchema":"1a1c01bbd47fc00a2c39e90264f33305004495a9","hash":"0f9f47078c25f8a1c274abf7fc1366ad084c8c55"}
,"C:\\Users\\SHREERAJ M\\Downloads\\V1\\lyric-backend\\routes\\sharedFavorites.js": {"path":"C:\\Users\\SHREERAJ M\\Downloads\\V1\\lyric-backend\\routes\\sharedFavorites.js","statementMap":{"0":{"start":{"line":4,"column":16},"end":{"line":4,"column":34}},"1":{"start":{"line":5,"column":15},"end":{"line":5,"column":31}},"2":{"start":{"line":6,"column":24},"end":{"line":6,"column":60}},"3":{"start":{"line":7,"column":13},"end":{"line":7,"column":38}},"4":{"start":{"line":8,"column":23},"end":{"line":8,"column":38}},"5":{"start":{"line":12,"column":0},"end":{"line":24,"column":3}},"6":{"start":{"line":13,"column":2},"end":{"line":23,"column":3}},"7":{"start":{"line":14,"column":22},"end":{"line":14,"column":30}},"8":{"start":{"line":15,"column":4},"end":{"line":17,"column":5}},"9":{"start":{"line":16,"column":6},"end":{"line":16,"column":66}},"10":{"start":{"line":18,"column":20},"end":{"line":18,"column":28}},"11":{"start":{"line":19,"column":4},"end":{"line":19,"column":53}},"12":{"start":{"line":20,"column":4},"end":{"line":20,"column":26}},"13":{"start":{"line":22,"column":4},"end":{"line":22,"column":52}},"14":{"start":{"line":27,"column":0},"end":{"line":36,"column":3}},"15":{"start":{"line":28,"column":2},"end":{"line":35,"column":3}},"16":{"start":{"line":29,"column":24},"end":{"line":29,"column":34}},"17":{"start":{"line":30,"column":19},"end":{"line":30,"column":79}},"18":{"start":{"line":31,"column":4},"end":{"line":31,"column":69}},"19":{"start":{"line":31,"column":17},"end":{"line":31,"column":69}},"20":{"start":{"line":32,"column":4},"end":{"line":32,"column":38}},"21":{"start":{"line":34,"column":4},"end":{"line":34,"column":52}},"22":{"start":{"line":38,"column":0},"end":{"line":38,"column":24}}},"fnMap":{"0":{"name":"(anonymous_0)","decl":{"start":{"line":12,"column":17},"end":{"line":12,"column":18}},"loc":{"start":{"line":12,"column":37},"end":{"line":24,"column":1}},"line":12},"1":{"name":"(anonymous_1)","decl":{"start":{"line":27,"column":24},"end":{"line":27,"column":25}},"loc":{"start":{"line":27,"column":44},"end":{"line":36,"column":1}},"line":27}},"branchMap":{"0":{"loc":{"start":{"line":15,"column":4},"end":{"line":17,"column":5}},"type":"if","locations":[{"start":{"line":15,"column":4},"end":{"line":17,"column":5}},{"start":{},"end":{}}],"line":15},"1":{"loc":{"start":{"line":15,"column":8},"end":{"line":15,"column":61}},"type":"binary-expr","locations":[{"start":{"line":15,"column":8},"end":{"line":15,"column":14}},{"start":{"line":15,"column":18},"end":{"line":15,"column":39}},{"start":{"line":15,"column":43},"end":{"line":15,"column":61}}],"line":15},"2":{"loc":{"start":{"line":31,"column":4},"end":{"line":31,"column":69}},"type":"if","locations":[{"start":{"line":31,"column":4},"end":{"line":31,"column":69}},{"start":{},"end":{}}],"line":31}},"s":{"0":1,"1":1,"2":1,"3":1,"4":1,"5":1,"6":3,"7":3,"8":3,"9":2,"10":1,"11":1,"12":1,"13":0,"14":1,"15":2,"16":2,"17":2,"18":2,"19":1,"20":1,"21":0,"22":1},"f":{"0":3,"1":2},"b":{"0":[2,1],"1":[3,2,2],"2":[1,1]},"_coverageSchema":"1a1c01bbd47fc00a2c39e90264f33305004495a9","hash":"791e7795c4a6ebeef25290daa2a644e1d9a5a7c9"}
,"C:\\Users\\SHREERAJ M\\Downloads\\V1\\lyric-backend\\routes\\songs.js": {"path":"C:\\Users\\SHREERAJ M\\Downloads\\V1\\lyric-backend\\routes\\songs.js","statementMap":{"0":{"start":{"line":8,"column":15},"end":{"line":8,"column":42}},"1":{"start":{"line":9,"column":17},"end":{"line":9,"column":36}},"2":{"start":{"line":10,"column":27},"end":{"line":10,"column":52}},"3":{"start":{"line":11,"column":17},"end":{"line":11,"column":42}},"4":{"start":{"line":12,"column":13},"end":{"line":12,"column":42}},"5":{"start":{"line":13,"column":14},"end":{"line":13,"column":44}},"6":{"start":{"line":14,"column":15},"end":{"line":14,"column":46}},"7":{"start":{"line":15,"column":13},"end":{"line":15,"column":28}},"8":{"start":{"line":16,"column":25},"end":{"line":16,"column":66}},"9":{"start":{"line":17,"column":15},"end":{"line":17,"column":32}},"10":{"start":{"line":22,"column":16},"end":{"line":29,"column":2}},"11":{"start":{"line":24,"column":4},"end":{"line":24,"column":25}},"12":{"start":{"line":27,"column":4},"end":{"line":27,"column":32}},"13":{"start":{"line":31,"column":15},"end":{"line":31,"column":43}},"14":{"start":{"line":66,"column":0},"end":{"line":87,"column":3}},"15":{"start":{"line":67,"column":2},"end":{"line":86,"column":3}},"16":{"start":{"line":68,"column":40},"end":{"line":68,"column":48}},"17":{"start":{"line":69,"column":4},"end":{"line":71,"column":5}},"18":{"start":{"line":70,"column":6},"end":{"line":70,"column":65}},"19":{"start":{"line":72,"column":19},"end":{"line":72,"column":29}},"20":{"start":{"line":73,"column":4},"end":{"line":77,"column":5}},"21":{"start":{"line":74,"column":6},"end":{"line":74,"column":53}},"22":{"start":{"line":76,"column":6},"end":{"line":76,"column":34}},"23":{"start":{"line":78,"column":17},"end":{"line":78,"column":83}},"24":{"start":{"line":79,"column":4},"end":{"line":81,"column":5}},"25":{"start":{"line":80,"column":6},"end":{"line":80,"column":65}},"26":{"start":{"line":82,"column":4},"end":{"line":82,"column":56}},"27":{"start":{"line":84,"column":4},"end":{"line":84,"column":56}},"28":{"start":{"line":85,"column":4},"end":{"line":85,"column":63}},"29":{"start":{"line":116,"column":0},"end":{"line":137,"column":3}},"30":{"start":{"line":117,"column":2},"end":{"line":136,"column":3}},"31":{"start":{"line":118,"column":49},"end":{"line":118,"column":57}},"32":{"start":{"line":119,"column":4},"end":{"line":121,"column":5}},"33":{"start":{"line":120,"column":6},"end":{"line":120,"column":71}},"34":{"start":{"line":122,"column":4},"end":{"line":124,"column":5}},"35":{"start":{"line":123,"column":6},"end":{"line":123,"column":65}},"36":{"start":{"line":125,"column":19},"end":{"line":125,"column":29}},"37":{"start":{"line":126,"column":4},"end":{"line":130,"column":5}},"38":{"start":{"line":127,"column":6},"end":{"line":127,"column":53}},"39":{"start":{"line":129,"column":6},"end":{"line":129,"column":34}},"40":{"start":{"line":131,"column":19},"end":{"line":131,"column":75}},"41":{"start":{"line":132,"column":4},"end":{"line":132,"column":65}},"42":{"start":{"line":134,"column":4},"end":{"line":134,"column":57}},"43":{"start":{"line":135,"column":4},"end":{"line":135,"column":63}},"44":{"start":{"line":167,"column":0},"end":{"line":195,"column":2}},"45":{"start":{"line":171,"column":4},"end":{"line":193,"column":5}},"46":{"start":{"line":172,"column":23},"end":{"line":172,"column":43}},"47":{"start":{"line":173,"column":22},"end":{"line":173,"column":41}},"48":{"start":{"line":176,"column":23},"end":{"line":182,"column":7}},"49":{"start":{"line":184,"column":24},"end":{"line":184,"column":42}},"50":{"start":{"line":185,"column":6},"end":{"line":186,"column":75}},"51":{"start":{"line":186,"column":8},"end":{"line":186,"column":75}},"52":{"start":{"line":188,"column":19},"end":{"line":188,"column":37}},"53":{"start":{"line":189,"column":6},"end":{"line":189,"column":24}},"54":{"start":{"line":190,"column":6},"end":{"line":190,"column":81}},"55":{"start":{"line":192,"column":6},"end":{"line":192,"column":65}},"56":{"start":{"line":223,"column":0},"end":{"line":253,"column":2}},"57":{"start":{"line":227,"column":4},"end":{"line":251,"column":5}},"58":{"start":{"line":228,"column":23},"end":{"line":228,"column":43}},"59":{"start":{"line":229,"column":22},"end":{"line":229,"column":41}},"60":{"start":{"line":232,"column":23},"end":{"line":237,"column":7}},"61":{"start":{"line":239,"column":24},"end":{"line":239,"column":42}},"62":{"start":{"line":240,"column":6},"end":{"line":241,"column":75}},"63":{"start":{"line":241,"column":8},"end":{"line":241,"column":75}},"64":{"start":{"line":243,"column":19},"end":{"line":243,"column":37}},"65":{"start":{"line":244,"column":6},"end":{"line":244,"column":24}},"66":{"start":{"line":245,"column":6},"end":{"line":247,"column":68}},"67":{"start":{"line":249,"column":6},"end":{"line":249,"column":51}},"68":{"start":{"line":250,"column":6},"end":{"line":250,"column":65}},"69":{"start":{"line":274,"column":0},"end":{"line":290,"column":3}},"70":{"start":{"line":275,"column":2},"end":{"line":289,"column":3}},"71":{"start":{"line":276,"column":19},"end":{"line":276,"column":21}},"72":{"start":{"line":277,"column":4},"end":{"line":279,"column":5}},"73":{"start":{"line":278,"column":6},"end":{"line":278,"column":39}},"74":{"start":{"line":280,"column":18},"end":{"line":280,"column":48}},"75":{"start":{"line":281,"column":31},"end":{"line":284,"column":7}},"76":{"start":{"line":281,"column":50},"end":{"line":284,"column":5}},"77":{"start":{"line":285,"column":4},"end":{"line":285,"column":55}},"78":{"start":{"line":287,"column":4},"end":{"line":287,"column":50}},"79":{"start":{"line":288,"column":4},"end":{"line":288,"column":63}},"80":{"start":{"line":312,"column":0},"end":{"line":330,"column":3}},"81":{"start":{"line":313,"column":2},"end":{"line":329,"column":3}},"82":{"start":{"line":314,"column":23},"end":{"line":314,"column":33}},"83":{"start":{"line":315,"column":4},"end":{"line":317,"column":5}},"84":{"start":{"line":316,"column":6},"end":{"line":316,"column":73}},"85":{"start":{"line":318,"column":17},"end":{"line":318,"column":44}},"86":{"start":{"line":319,"column":4},"end":{"line":321,"column":5}},"87":{"start":{"line":320,"column":6},"end":{"line":320,"column":65}},"88":{"start":{"line":323,"column":25},"end":{"line":323,"column":90}},"89":{"start":{"line":323,"column":54},"end":{"line":323,"column":89}},"90":{"start":{"line":324,"column":23},"end":{"line":324,"column":70}},"91":{"start":{"line":325,"column":4},"end":{"line":325,"column":47}},"92":{"start":{"line":327,"column":4},"end":{"line":327,"column":56}},"93":{"start":{"line":328,"column":4},"end":{"line":328,"column":63}},"94":{"start":{"line":334,"column":0},"end":{"line":347,"column":3}},"95":{"start":{"line":335,"column":2},"end":{"line":335,"column":56}},"96":{"start":{"line":336,"column":2},"end":{"line":346,"column":3}},"97":{"start":{"line":337,"column":18},"end":{"line":337,"column":67}},"98":{"start":{"line":338,"column":31},"end":{"line":341,"column":7}},"99":{"start":{"line":338,"column":50},"end":{"line":341,"column":5}},"100":{"start":{"line":342,"column":4},"end":{"line":342,"column":55}},"101":{"start":{"line":344,"column":4},"end":{"line":344,"column":59}},"102":{"start":{"line":345,"column":4},"end":{"line":345,"column":63}},"103":{"start":{"line":350,"column":0},"end":{"line":365,"column":3}},"104":{"start":{"line":351,"column":2},"end":{"line":364,"column":3}},"105":{"start":{"line":352,"column":19},"end":{"line":352,"column":31}},"106":{"start":{"line":353,"column":17},"end":{"line":353,"column":44}},"107":{"start":{"line":354,"column":4},"end":{"line":356,"column":5}},"108":{"start":{"line":355,"column":6},"end":{"line":355,"column":65}},"109":{"start":{"line":358,"column":25},"end":{"line":358,"column":90}},"110":{"start":{"line":358,"column":54},"end":{"line":358,"column":89}},"111":{"start":{"line":359,"column":23},"end":{"line":359,"column":70}},"112":{"start":{"line":360,"column":4},"end":{"line":360,"column":47}},"113":{"start":{"line":362,"column":4},"end":{"line":362,"column":56}},"114":{"start":{"line":363,"column":4},"end":{"line":363,"column":63}},"115":{"start":{"line":416,"column":0},"end":{"line":439,"column":3}},"116":{"start":{"line":417,"column":2},"end":{"line":438,"column":3}},"117":{"start":{"line":418,"column":31},"end":{"line":418,"column":41}},"118":{"start":{"line":419,"column":4},"end":{"line":421,"column":5}},"119":{"start":{"line":420,"column":6},"end":{"line":420,"column":73}},"120":{"start":{"line":422,"column":4},"end":{"line":424,"column":5}},"121":{"start":{"line":423,"column":6},"end":{"line":423,"column":73}},"122":{"start":{"line":425,"column":17},"end":{"line":425,"column":44}},"123":{"start":{"line":426,"column":4},"end":{"line":428,"column":5}},"124":{"start":{"line":427,"column":6},"end":{"line":427,"column":65}},"125":{"start":{"line":429,"column":17},"end":{"line":429,"column":44}},"126":{"start":{"line":430,"column":4},"end":{"line":432,"column":5}},"127":{"start":{"line":431,"column":6},"end":{"line":431,"column":65}},"128":{"start":{"line":433,"column":20},"end":{"line":433,"column":52}},"129":{"start":{"line":434,"column":4},"end":{"line":434,"column":38}},"130":{"start":{"line":436,"column":4},"end":{"line":436,"column":61}},"131":{"start":{"line":437,"column":4},"end":{"line":437,"column":63}},"132":{"start":{"line":470,"column":0},"end":{"line":525,"column":3}},"133":{"start":{"line":471,"column":2},"end":{"line":524,"column":3}},"134":{"start":{"line":472,"column":19},"end":{"line":472,"column":31}},"135":{"start":{"line":473,"column":23},"end":{"line":473,"column":33}},"136":{"start":{"line":474,"column":4},"end":{"line":474,"column":73}},"137":{"start":{"line":477,"column":4},"end":{"line":480,"column":5}},"138":{"start":{"line":478,"column":6},"end":{"line":478,"column":55}},"139":{"start":{"line":479,"column":6},"end":{"line":479,"column":73}},"140":{"start":{"line":481,"column":4},"end":{"line":484,"column":5}},"141":{"start":{"line":482,"column":6},"end":{"line":482,"column":55}},"142":{"start":{"line":483,"column":6},"end":{"line":483,"column":73}},"143":{"start":{"line":487,"column":4},"end":{"line":487,"column":60}},"144":{"start":{"line":488,"column":17},"end":{"line":488,"column":44}},"145":{"start":{"line":489,"column":4},"end":{"line":492,"column":5}},"146":{"start":{"line":490,"column":6},"end":{"line":490,"column":55}},"147":{"start":{"line":491,"column":6},"end":{"line":491,"column":65}},"148":{"start":{"line":495,"column":4},"end":{"line":495,"column":60}},"149":{"start":{"line":496,"column":17},"end":{"line":496,"column":44}},"150":{"start":{"line":497,"column":4},"end":{"line":500,"column":5}},"151":{"start":{"line":498,"column":6},"end":{"line":498,"column":55}},"152":{"start":{"line":499,"column":6},"end":{"line":499,"column":65}},"153":{"start":{"line":503,"column":4},"end":{"line":503,"column":62}},"154":{"start":{"line":503,"column":41},"end":{"line":503,"column":62}},"155":{"start":{"line":506,"column":22},"end":{"line":506,"column":41}},"156":{"start":{"line":507,"column":18},"end":{"line":507,"column":78}},"157":{"start":{"line":507,"column":50},"end":{"line":507,"column":77}},"158":{"start":{"line":508,"column":4},"end":{"line":516,"column":5}},"159":{"start":{"line":510,"column":6},"end":{"line":510,"column":38}},"160":{"start":{"line":511,"column":6},"end":{"line":511,"column":53}},"161":{"start":{"line":514,"column":6},"end":{"line":514,"column":39}},"162":{"start":{"line":515,"column":6},"end":{"line":515,"column":57}},"163":{"start":{"line":518,"column":4},"end":{"line":518,"column":22}},"164":{"start":{"line":519,"column":21},"end":{"line":519,"column":112}},"165":{"start":{"line":520,"column":4},"end":{"line":520,"column":35}},"166":{"start":{"line":522,"column":4},"end":{"line":522,"column":54}},"167":{"start":{"line":523,"column":4},"end":{"line":523,"column":85}},"168":{"start":{"line":549,"column":0},"end":{"line":578,"column":3}},"169":{"start":{"line":550,"column":2},"end":{"line":577,"column":3}},"170":{"start":{"line":552,"column":4},"end":{"line":554,"column":5}},"171":{"start":{"line":553,"column":6},"end":{"line":553,"column":73}},"172":{"start":{"line":556,"column":23},"end":{"line":556,"column":35}},"173":{"start":{"line":557,"column":4},"end":{"line":559,"column":5}},"174":{"start":{"line":558,"column":6},"end":{"line":558,"column":73}},"175":{"start":{"line":560,"column":17},"end":{"line":560,"column":44}},"176":{"start":{"line":561,"column":4},"end":{"line":563,"column":5}},"177":{"start":{"line":562,"column":6},"end":{"line":562,"column":65}},"178":{"start":{"line":565,"column":17},"end":{"line":565,"column":51}},"179":{"start":{"line":566,"column":4},"end":{"line":568,"column":5}},"180":{"start":{"line":567,"column":6},"end":{"line":567,"column":65}},"181":{"start":{"line":570,"column":19},"end":{"line":570,"column":32}},"182":{"start":{"line":571,"column":20},"end":{"line":571,"column":52}},"183":{"start":{"line":573,"column":4},"end":{"line":573,"column":38}},"184":{"start":{"line":575,"column":4},"end":{"line":575,"column":61}},"185":{"start":{"line":576,"column":4},"end":{"line":576,"column":63}},"186":{"start":{"line":600,"column":0},"end":{"line":620,"column":3}},"187":{"start":{"line":601,"column":2},"end":{"line":619,"column":3}},"188":{"start":{"line":602,"column":23},"end":{"line":602,"column":33}},"189":{"start":{"line":603,"column":4},"end":{"line":605,"column":5}},"190":{"start":{"line":604,"column":6},"end":{"line":604,"column":73}},"191":{"start":{"line":606,"column":17},"end":{"line":606,"column":44}},"192":{"start":{"line":607,"column":4},"end":{"line":609,"column":5}},"193":{"start":{"line":608,"column":6},"end":{"line":608,"column":65}},"194":{"start":{"line":612,"column":25},"end":{"line":612,"column":90}},"195":{"start":{"line":612,"column":54},"end":{"line":612,"column":89}},"196":{"start":{"line":613,"column":23},"end":{"line":613,"column":70}},"197":{"start":{"line":615,"column":4},"end":{"line":615,"column":47}},"198":{"start":{"line":617,"column":4},"end":{"line":617,"column":56}},"199":{"start":{"line":618,"column":4},"end":{"line":618,"column":63}},"200":{"start":{"line":656,"column":0},"end":{"line":669,"column":3}},"201":{"start":{"line":657,"column":2},"end":{"line":668,"column":3}},"202":{"start":{"line":658,"column":17},"end":{"line":660,"column":6}},"203":{"start":{"line":661,"column":4},"end":{"line":663,"column":5}},"204":{"start":{"line":662,"column":6},"end":{"line":662,"column":65}},"205":{"start":{"line":664,"column":4},"end":{"line":664,"column":67}},"206":{"start":{"line":666,"column":4},"end":{"line":666,"column":49}},"207":{"start":{"line":667,"column":4},"end":{"line":667,"column":63}},"208":{"start":{"line":689,"column":0},"end":{"line":692,"column":3}},"209":{"start":{"line":690,"column":2},"end":{"line":690,"column":46}},"210":{"start":{"line":691,"column":2},"end":{"line":691,"column":65}},"211":{"start":{"line":714,"column":0},"end":{"line":725,"column":3}},"212":{"start":{"line":715,"column":2},"end":{"line":724,"column":3}},"213":{"start":{"line":716,"column":17},"end":{"line":716,"column":51}},"214":{"start":{"line":717,"column":4},"end":{"line":719,"column":5}},"215":{"start":{"line":718,"column":6},"end":{"line":718,"column":65}},"216":{"start":{"line":720,"column":4},"end":{"line":720,"column":41}},"217":{"start":{"line":722,"column":4},"end":{"line":722,"column":49}},"218":{"start":{"line":723,"column":4},"end":{"line":723,"column":63}},"219":{"start":{"line":860,"column":0},"end":{"line":876,"column":3}},"220":{"start":{"line":861,"column":2},"end":{"line":875,"column":3}},"221":{"start":{"line":862,"column":19},"end":{"line":862,"column":21}},"222":{"start":{"line":863,"column":4},"end":{"line":865,"column":5}},"223":{"start":{"line":864,"column":6},"end":{"line":864,"column":39}},"224":{"start":{"line":866,"column":18},"end":{"line":866,"column":48}},"225":{"start":{"line":867,"column":31},"end":{"line":870,"column":7}},"226":{"start":{"line":867,"column":50},"end":{"line":870,"column":5}},"227":{"start":{"line":871,"column":4},"end":{"line":871,"column":55}},"228":{"start":{"line":873,"column":4},"end":{"line":873,"column":50}},"229":{"start":{"line":874,"column":4},"end":{"line":874,"column":63}},"230":{"start":{"line":909,"column":0},"end":{"line":927,"column":3}},"231":{"start":{"line":910,"column":2},"end":{"line":926,"column":3}},"232":{"start":{"line":911,"column":23},"end":{"line":911,"column":33}},"233":{"start":{"line":912,"column":4},"end":{"line":914,"column":5}},"234":{"start":{"line":913,"column":6},"end":{"line":913,"column":73}},"235":{"start":{"line":915,"column":17},"end":{"line":915,"column":44}},"236":{"start":{"line":916,"column":4},"end":{"line":918,"column":5}},"237":{"start":{"line":917,"column":6},"end":{"line":917,"column":65}},"238":{"start":{"line":920,"column":25},"end":{"line":920,"column":90}},"239":{"start":{"line":920,"column":54},"end":{"line":920,"column":89}},"240":{"start":{"line":921,"column":23},"end":{"line":921,"column":70}},"241":{"start":{"line":922,"column":4},"end":{"line":922,"column":47}},"242":{"start":{"line":924,"column":4},"end":{"line":924,"column":56}},"243":{"start":{"line":925,"column":4},"end":{"line":925,"column":63}},"244":{"start":{"line":939,"column":0},"end":{"line":952,"column":3}},"245":{"start":{"line":940,"column":2},"end":{"line":940,"column":56}},"246":{"start":{"line":941,"column":2},"end":{"line":951,"column":3}},"247":{"start":{"line":942,"column":18},"end":{"line":942,"column":67}},"248":{"start":{"line":943,"column":31},"end":{"line":946,"column":7}},"249":{"start":{"line":943,"column":50},"end":{"line":946,"column":5}},"250":{"start":{"line":947,"column":4},"end":{"line":947,"column":55}},"251":{"start":{"line":949,"column":4},"end":{"line":949,"column":59}},"252":{"start":{"line":950,"column":4},"end":{"line":950,"column":63}},"253":{"start":{"line":965,"column":0},"end":{"line":967,"column":3}},"254":{"start":{"line":966,"column":2},"end":{"line":966,"column":37}},"255":{"start":{"line":970,"column":19},"end":{"line":970,"column":54}},"256":{"start":{"line":987,"column":0},"end":{"line":996,"column":3}},"257":{"start":{"line":988,"column":2},"end":{"line":995,"column":3}},"258":{"start":{"line":989,"column":4},"end":{"line":989,"column":37}},"259":{"start":{"line":990,"column":18},"end":{"line":990,"column":37}},"260":{"start":{"line":991,"column":4},"end":{"line":991,"column":20}},"261":{"start":{"line":993,"column":4},"end":{"line":993,"column":47}},"262":{"start":{"line":994,"column":4},"end":{"line":994,"column":64}},"263":{"start":{"line":998,"column":0},"end":{"line":998,"column":24}}},"fnMap":{"0":{"name":"(anonymous_0)","decl":{"start":{"line":23,"column":15},"end":{"line":23,"column":16}},"loc":{"start":{"line":23,"column":40},"end":{"line":25,"column":3}},"line":23},"1":{"name":"(anonymous_1)","decl":{"start":{"line":26,"column":12},"end":{"line":26,"column":13}},"loc":{"start":{"line":26,"column":37},"end":{"line":28,"column":3}},"line":26},"2":{"name":"(anonymous_2)","decl":{"start":{"line":66,"column":43},"end":{"line":66,"column":44}},"loc":{"start":{"line":66,"column":63},"end":{"line":87,"column":1}},"line":66},"3":{"name":"(anonymous_3)","decl":{"start":{"line":116,"column":44},"end":{"line":116,"column":45}},"loc":{"start":{"line":116,"column":64},"end":{"line":137,"column":1}},"line":116},"4":{"name":"(anonymous_4)","decl":{"start":{"line":170,"column":2},"end":{"line":170,"column":3}},"loc":{"start":{"line":170,"column":22},"end":{"line":194,"column":3}},"line":170},"5":{"name":"(anonymous_5)","decl":{"start":{"line":226,"column":2},"end":{"line":226,"column":3}},"loc":{"start":{"line":226,"column":22},"end":{"line":252,"column":3}},"line":226},"6":{"name":"(anonymous_6)","decl":{"start":{"line":274,"column":16},"end":{"line":274,"column":17}},"loc":{"start":{"line":274,"column":36},"end":{"line":290,"column":1}},"line":274},"7":{"name":"(anonymous_7)","decl":{"start":{"line":281,"column":41},"end":{"line":281,"column":42}},"loc":{"start":{"line":281,"column":50},"end":{"line":284,"column":5}},"line":281},"8":{"name":"(anonymous_8)","decl":{"start":{"line":312,"column":34},"end":{"line":312,"column":35}},"loc":{"start":{"line":312,"column":54},"end":{"line":330,"column":1}},"line":312},"9":{"name":"(anonymous_9)","decl":{"start":{"line":323,"column":48},"end":{"line":323,"column":49}},"loc":{"start":{"line":323,"column":54},"end":{"line":323,"column":89}},"line":323},"10":{"name":"(anonymous_10)","decl":{"start":{"line":334,"column":36},"end":{"line":334,"column":37}},"loc":{"start":{"line":334,"column":56},"end":{"line":347,"column":1}},"line":334},"11":{"name":"(anonymous_11)","decl":{"start":{"line":338,"column":41},"end":{"line":338,"column":42}},"loc":{"start":{"line":338,"column":50},"end":{"line":341,"column":5}},"line":338},"12":{"name":"(anonymous_12)","decl":{"start":{"line":350,"column":34},"end":{"line":350,"column":35}},"loc":{"start":{"line":350,"column":54},"end":{"line":365,"column":1}},"line":350},"13":{"name":"(anonymous_13)","decl":{"start":{"line":358,"column":48},"end":{"line":358,"column":49}},"loc":{"start":{"line":358,"column":54},"end":{"line":358,"column":89}},"line":358},"14":{"name":"(anonymous_14)","decl":{"start":{"line":416,"column":42},"end":{"line":416,"column":43}},"loc":{"start":{"line":416,"column":62},"end":{"line":439,"column":1}},"line":416},"15":{"name":"(anonymous_15)","decl":{"start":{"line":470,"column":36},"end":{"line":470,"column":37}},"loc":{"start":{"line":470,"column":56},"end":{"line":525,"column":1}},"line":470},"16":{"name":"(anonymous_16)","decl":{"start":{"line":507,"column":44},"end":{"line":507,"column":45}},"loc":{"start":{"line":507,"column":50},"end":{"line":507,"column":77}},"line":507},"17":{"name":"(anonymous_17)","decl":{"start":{"line":549,"column":38},"end":{"line":549,"column":39}},"loc":{"start":{"line":549,"column":58},"end":{"line":578,"column":1}},"line":549},"18":{"name":"(anonymous_18)","decl":{"start":{"line":600,"column":34},"end":{"line":600,"column":35}},"loc":{"start":{"line":600,"column":54},"end":{"line":620,"column":1}},"line":600},"19":{"name":"(anonymous_19)","decl":{"start":{"line":612,"column":48},"end":{"line":612,"column":49}},"loc":{"start":{"line":612,"column":54},"end":{"line":612,"column":89}},"line":612},"20":{"name":"(anonymous_20)","decl":{"start":{"line":656,"column":46},"end":{"line":656,"column":47}},"loc":{"start":{"line":656,"column":66},"end":{"line":669,"column":1}},"line":656},"21":{"name":"(anonymous_21)","decl":{"start":{"line":689,"column":49},"end":{"line":689,"column":50}},"loc":{"start":{"line":689,"column":69},"end":{"line":692,"column":1}},"line":689},"22":{"name":"(anonymous_22)","decl":{"start":{"line":714,"column":45},"end":{"line":714,"column":46}},"loc":{"start":{"line":714,"column":65},"end":{"line":725,"column":1}},"line":714},"23":{"name":"(anonymous_23)","decl":{"start":{"line":860,"column":16},"end":{"line":860,"column":17}},"loc":{"start":{"line":860,"column":36},"end":{"line":876,"column":1}},"line":860},"24":{"name":"(anonymous_24)","decl":{"start":{"line":867,"column":41},"end":{"line":867,"column":42}},"loc":{"start":{"line":867,"column":50},"end":{"line":870,"column":5}},"line":867},"25":{"name":"(anonymous_25)","decl":{"start":{"line":909,"column":34},"end":{"line":909,"column":35}},"loc":{"start":{"line":909,"column":54},"end":{"line":927,"column":1}},"line":909},"26":{"name":"(anonymous_26)","decl":{"start":{"line":920,"column":48},"end":{"line":920,"column":49}},"loc":{"start":{"line":920,"column":54},"end":{"line":920,"column":89}},"line":920},"27":{"name":"(anonymous_27)","decl":{"start":{"line":939,"column":36},"end":{"line":939,"column":37}},"loc":{"start":{"line":939,"column":56},"end":{"line":952,"column":1}},"line":939},"28":{"name":"(anonymous_28)","decl":{"start":{"line":943,"column":41},"end":{"line":943,"column":42}},"loc":{"start":{"line":943,"column":50},"end":{"line":946,"column":5}},"line":943},"29":{"name":"(anonymous_29)","decl":{"start":{"line":965,"column":20},"end":{"line":965,"column":21}},"loc":{"start":{"line":965,"column":34},"end":{"line":967,"column":1}},"line":965},"30":{"name":"(anonymous_30)","decl":{"start":{"line":987,"column":35},"end":{"line":987,"column":36}},"loc":{"start":{"line":987,"column":55},"end":{"line":996,"column":1}},"line":987}},"branchMap":{"0":{"loc":{"start":{"line":69,"column":4},"end":{"line":71,"column":5}},"type":"if","locations":[{"start":{"line":69,"column":4},"end":{"line":71,"column":5}},{"start":{},"end":{}}],"line":69},"1":{"loc":{"start":{"line":73,"column":4},"end":{"line":77,"column":5}},"type":"if","locations":[{"start":{"line":73,"column":4},"end":{"line":77,"column":5}},{"start":{"line":75,"column":11},"end":{"line":77,"column":5}}],"line":73},"2":{"loc":{"start":{"line":74,"column":31},"end":{"line":74,"column":52}},"type":"binary-expr","locations":[{"start":{"line":74,"column":31},"end":{"line":74,"column":46}},{"start":{"line":74,"column":50},"end":{"line":74,"column":52}}],"line":74},"3":{"loc":{"start":{"line":79,"column":4},"end":{"line":81,"column":5}},"type":"if","locations":[{"start":{"line":79,"column":4},"end":{"line":81,"column":5}},{"start":{},"end":{}}],"line":79},"4":{"loc":{"start":{"line":119,"column":4},"end":{"line":121,"column":5}},"type":"if","locations":[{"start":{"line":119,"column":4},"end":{"line":121,"column":5}},{"start":{},"end":{}}],"line":119},"5":{"loc":{"start":{"line":119,"column":8},"end":{"line":119,"column":55}},"type":"binary-expr","locations":[{"start":{"line":119,"column":8},"end":{"line":119,"column":31}},{"start":{"line":119,"column":35},"end":{"line":119,"column":55}}],"line":119},"6":{"loc":{"start":{"line":122,"column":4},"end":{"line":124,"column":5}},"type":"if","locations":[{"start":{"line":122,"column":4},"end":{"line":124,"column":5}},{"start":{},"end":{}}],"line":122},"7":{"loc":{"start":{"line":126,"column":4},"end":{"line":130,"column":5}},"type":"if","locations":[{"start":{"line":126,"column":4},"end":{"line":130,"column":5}},{"start":{"line":128,"column":11},"end":{"line":130,"column":5}}],"line":126},"8":{"loc":{"start":{"line":127,"column":31},"end":{"line":127,"column":52}},"type":"binary-expr","locations":[{"start":{"line":127,"column":31},"end":{"line":127,"column":46}},{"start":{"line":127,"column":50},"end":{"line":127,"column":52}}],"line":127},"9":{"loc":{"start":{"line":181,"column":16},"end":{"line":181,"column":44}},"type":"binary-expr","locations":[{"start":{"line":181,"column":16},"end":{"line":181,"column":31}},{"start":{"line":181,"column":35},"end":{"line":181,"column":44}}],"line":181},"10":{"loc":{"start":{"line":185,"column":6},"end":{"line":186,"column":75}},"type":"if","locations":[{"start":{"line":185,"column":6},"end":{"line":186,"column":75}},{"start":{},"end":{}}],"line":185},"11":{"loc":{"start":{"line":240,"column":6},"end":{"line":241,"column":75}},"type":"if","locations":[{"start":{"line":240,"column":6},"end":{"line":241,"column":75}},{"start":{},"end":{}}],"line":240},"12":{"loc":{"start":{"line":277,"column":4},"end":{"line":279,"column":5}},"type":"if","locations":[{"start":{"line":277,"column":4},"end":{"line":279,"column":5}},{"start":{},"end":{}}],"line":277},"13":{"loc":{"start":{"line":315,"column":4},"end":{"line":317,"column":5}},"type":"if","locations":[{"start":{"line":315,"column":4},"end":{"line":317,"column":5}},{"start":{},"end":{}}],"line":315},"14":{"loc":{"start":{"line":319,"column":4},"end":{"line":321,"column":5}},"type":"if","locations":[{"start":{"line":319,"column":4},"end":{"line":321,"column":5}},{"start":{},"end":{}}],"line":319},"15":{"loc":{"start":{"line":354,"column":4},"end":{"line":356,"column":5}},"type":"if","locations":[{"start":{"line":354,"column":4},"end":{"line":356,"column":5}},{"start":{},"end":{}}],"line":354},"16":{"loc":{"start":{"line":419,"column":4},"end":{"line":421,"column":5}},"type":"if","locations":[{"start":{"line":419,"column":4},"end":{"line":421,"column":5}},{"start":{},"end":{}}],"line":419},"17":{"loc":{"start":{"line":422,"column":4},"end":{"line":424,"column":5}},"type":"if","locations":[{"start":{"line":422,"column":4},"end":{"line":424,"column":5}},{"start":{},"end":{}}],"line":422},"18":{"loc":{"start":{"line":426,"column":4},"end":{"line":428,"column":5}},"type":"if","locations":[{"start":{"line":426,"column":4},"end":{"line":428,"column":5}},{"start":{},"end":{}}],"line":426},"19":{"loc":{"start":{"line":430,"column":4},"end":{"line":432,"column":5}},"type":"if","locations":[{"start":{"line":430,"column":4},"end":{"line":432,"column":5}},{"start":{},"end":{}}],"line":430},"20":{"loc":{"start":{"line":477,"column":4},"end":{"line":480,"column":5}},"type":"if","locations":[{"start":{"line":477,"column":4},"end":{"line":480,"column":5}},{"start":{},"end":{}}],"line":477},"21":{"loc":{"start":{"line":481,"column":4},"end":{"line":484,"column":5}},"type":"if","locations":[{"start":{"line":481,"column":4},"end":{"line":484,"column":5}},{"start":{},"end":{}}],"line":481},"22":{"loc":{"start":{"line":489,"column":4},"end":{"line":492,"column":5}},"type":"if","locations":[{"start":{"line":489,"column":4},"end":{"line":492,"column":5}},{"start":{},"end":{}}],"line":489},"23":{"loc":{"start":{"line":497,"column":4},"end":{"line":500,"column":5}},"type":"if","locations":[{"start":{"line":497,"column":4},"end":{"line":500,"column":5}},{"start":{},"end":{}}],"line":497},"24":{"loc":{"start":{"line":503,"column":4},"end":{"line":503,"column":62}},"type":"if","locations":[{"start":{"line":503,"column":4},"end":{"line":503,"column":62}},{"start":{},"end":{}}],"line":503},"25":{"loc":{"start":{"line":508,"column":4},"end":{"line":516,"column":5}},"type":"if","locations":[{"start":{"line":508,"column":4},"end":{"line":516,"column":5}},{"start":{"line":512,"column":11},"end":{"line":516,"column":5}}],"line":508},"26":{"loc":{"start":{"line":552,"column":4},"end":{"line":554,"column":5}},"type":"if","locations":[{"start":{"line":552,"column":4},"end":{"line":554,"column":5}},{"start":{},"end":{}}],"line":552},"27":{"loc":{"start":{"line":557,"column":4},"end":{"line":559,"column":5}},"type":"if","locations":[{"start":{"line":557,"column":4},"end":{"line":559,"column":5}},{"start":{},"end":{}}],"line":557},"28":{"loc":{"start":{"line":561,"column":4},"end":{"line":563,"column":5}},"type":"if","locations":[{"start":{"line":561,"column":4},"end":{"line":563,"column":5}},{"start":{},"end":{}}],"line":561},"29":{"loc":{"start":{"line":566,"column":4},"end":{"line":568,"column":5}},"type":"if","locations":[{"start":{"line":566,"column":4},"end":{"line":568,"column":5}},{"start":{},"end":{}}],"line":566},"30":{"loc":{"start":{"line":603,"column":4},"end":{"line":605,"column":5}},"type":"if","locations":[{"start":{"line":603,"column":4},"end":{"line":605,"column":5}},{"start":{},"end":{}}],"line":603},"31":{"loc":{"start":{"line":607,"column":4},"end":{"line":609,"column":5}},"type":"if","locations":[{"start":{"line":607,"column":4},"end":{"line":609,"column":5}},{"start":{},"end":{}}],"line":607},"32":{"loc":{"start":{"line":661,"column":4},"end":{"line":663,"column":5}},"type":"if","locations":[{"start":{"line":661,"column":4},"end":{"line":663,"column":5}},{"start":{},"end":{}}],"line":661},"33":{"loc":{"start":{"line":717,"column":4},"end":{"line":719,"column":5}},"type":"if","locations":[{"start":{"line":717,"column":4},"end":{"line":719,"column":5}},{"start":{},"end":{}}],"line":717},"34":{"loc":{"start":{"line":863,"column":4},"end":{"line":865,"column":5}},"type":"if","locations":[{"start":{"line":863,"column":4},"end":{"line":865,"column":5}},{"start":{},"end":{}}],"line":863},"35":{"loc":{"start":{"line":912,"column":4},"end":{"line":914,"column":5}},"type":"if","locations":[{"start":{"line":912,"column":4},"end":{"line":914,"column":5}},{"start":{},"end":{}}],"line":912},"36":{"loc":{"start":{"line":916,"column":4},"end":{"line":918,"column":5}},"type":"if","locations":[{"start":{"line":916,"column":4},"end":{"line":918,"column":5}},{"start":{},"end":{}}],"line":916}},"s":{"0":1,"1":1,"2":1,"3":1,"4":1,"5":1,"6":1,"7":1,"8":1,"9":1,"10":1,"11":0,"12":0,"13":1,"14":1,"15":2,"16":2,"17":2,"18":1,"19":1,"20":1,"21":0,"22":1,"23":1,"24":1,"25":1,"26":0,"27":0,"28":0,"29":1,"30":3,"31":3,"32":3,"33":1,"34":2,"35":1,"36":1,"37":1,"38":0,"39":1,"40":1,"41":1,"42":0,"43":0,"44":1,"45":0,"46":0,"47":0,"48":0,"49":0,"50":0,"51":0,"52":0,"53":0,"54":0,"55":0,"56":1,"57":0,"58":0,"59":0,"60":0,"61":0,"62":0,"63":0,"64":0,"65":0,"66":0,"67":0,"68":0,"69":1,"70":1,"71":1,"72":1,"73":0,"74":1,"75":1,"76":1,"77":1,"78":0,"79":0,"80":1,"81":0,"82":0,"83":0,"84":0,"85":0,"86":0,"87":0,"88":0,"89":0,"90":0,"91":0,"92":0,"93":0,"94":1,"95":0,"96":0,"97":0,"98":0,"99":0,"100":0,"101":0,"102":0,"103":1,"104":0,"105":0,"106":0,"107":0,"108":0,"109":0,"110":0,"111":0,"112":0,"113":0,"114":0,"115":1,"116":0,"117":0,"118":0,"119":0,"120":0,"121":0,"122":0,"123":0,"124":0,"125":0,"126":0,"127":0,"128":0,"129":0,"130":0,"131":0,"132":1,"133":0,"134":0,"135":0,"136":0,"137":0,"138":0,"139":0,"140":0,"141":0,"142":0,"143":0,"144":0,"145":0,"146":0,"147":0,"148":0,"149":0,"150":0,"151":0,"152":0,"153":0,"154":0,"155":0,"156":0,"157":0,"158":0,"159":0,"160":0,"161":0,"162":0,"163":0,"164":0,"165":0,"166":0,"167":0,"168":1,"169":0,"170":0,"171":0,"172":0,"173":0,"174":0,"175":0,"176":0,"177":0,"178":0,"179":0,"180":0,"181":0,"182":0,"183":0,"184":0,"185":0,"186":1,"187":0,"188":0,"189":0,"190":0,"191":0,"192":0,"193":0,"194":0,"195":0,"196":0,"197":0,"198":0,"199":0,"200":1,"201":0,"202":0,"203":0,"204":0,"205":0,"206":0,"207":0,"208":1,"209":0,"210":0,"211":1,"212":0,"213":0,"214":0,"215":0,"216":0,"217":0,"218":0,"219":1,"220":0,"221":0,"222":0,"223":0,"224":0,"225":0,"226":0,"227":0,"228":0,"229":0,"230":1,"231":0,"232":0,"233":0,"234":0,"235":0,"236":0,"237":0,"238":0,"239":0,"240":0,"241":0,"242":0,"243":0,"244":1,"245":0,"246":0,"247":0,"248":0,"249":0,"250":0,"251":0,"252":0,"253":1,"254":0,"255":1,"256":1,"257":0,"258":0,"259":0,"260":0,"261":0,"262":0,"263":1},"f":{"0":0,"1":0,"2":2,"3":3,"4":0,"5":0,"6":1,"7":1,"8":0,"9":0,"10":0,"11":0,"12":0,"13":0,"14":0,"15":0,"16":0,"17":0,"18":0,"19":0,"20":0,"21":0,"22":0,"23":0,"24":0,"25":0,"26":0,"27":0,"28":0,"29":0,"30":0},"b":{"0":[1,1],"1":[0,1],"2":[0,0],"3":[1,0],"4":[1,2],"5":[3,2],"6":[1,1],"7":[0,1],"8":[0,0],"9":[0,0],"10":[0,0],"11":[0,0],"12":[0,1],"13":[0,0],"14":[0,0],"15":[0,0],"16":[0,0],"17":[0,0],"18":[0,0],"19":[0,0],"20":[0,0],"21":[0,0],"22":[0,0],"23":[0,0],"24":[0,0],"25":[0,0],"26":[0,0],"27":[0,0],"28":[0,0],"29":[0,0],"30":[0,0],"31":[0,0],"32":[0,0],"33":[0,0],"34":[0,0],"35":[0,0],"36":[0,0]},"_coverageSchema":"1a1c01bbd47fc00a2c39e90264f33305004495a9","hash":"5fe9ee1fbfb22e2694c3a310858a4250f8afb5b8"}
,"C:\\Users\\SHREERAJ M\\Downloads\\V1\\lyric-backend\\routes\\users.js": {"path":"C:\\Users\\SHREERAJ M\\Downloads\\V1\\lyric-backend\\routes\\users.js","statementMap":{"0":{"start":{"line":7,"column":15},"end":{"line":7,"column":42}},"1":{"start":{"line":8,"column":27},"end":{"line":8,"column":52}},"2":{"start":{"line":9,"column":15},"end":{"line":9,"column":32}},"3":{"start":{"line":10,"column":14},"end":{"line":10,"column":44}},"4":{"start":{"line":12,"column":25},"end":{"line":12,"column":66}},"5":{"start":{"line":13,"column":13},"end":{"line":13,"column":42}},"6":{"start":{"line":156,"column":0},"end":{"line":188,"column":3}},"7":{"start":{"line":157,"column":4},"end":{"line":187,"column":5}},"8":{"start":{"line":158,"column":26},"end":{"line":158,"column":44}},"9":{"start":{"line":159,"column":8},"end":{"line":159,"column":86}},"10":{"start":{"line":159,"column":19},"end":{"line":159,"column":86}},"11":{"start":{"line":160,"column":60},"end":{"line":160,"column":68}},"12":{"start":{"line":162,"column":21},"end":{"line":162,"column":92}},"13":{"start":{"line":163,"column":8},"end":{"line":163,"column":64}},"14":{"start":{"line":164,"column":8},"end":{"line":167,"column":76}},"15":{"start":{"line":165,"column":12},"end":{"line":167,"column":76}},"16":{"start":{"line":169,"column":21},"end":{"line":169,"column":45}},"17":{"start":{"line":170,"column":29},"end":{"line":170,"column":71}},"18":{"start":{"line":173,"column":22},"end":{"line":178,"column":10}},"19":{"start":{"line":180,"column":8},"end":{"line":180,"column":22}},"20":{"start":{"line":182,"column":8},"end":{"line":182,"column":72}},"21":{"start":{"line":185,"column":8},"end":{"line":185,"column":27}},"22":{"start":{"line":186,"column":8},"end":{"line":186,"column":67}},"23":{"start":{"line":191,"column":0},"end":{"line":211,"column":3}},"24":{"start":{"line":192,"column":1},"end":{"line":210,"column":2}},"25":{"start":{"line":194,"column":15},"end":{"line":194,"column":83}},"26":{"start":{"line":195,"column":2},"end":{"line":195,"column":56}},"27":{"start":{"line":196,"column":2},"end":{"line":196,"column":70}},"28":{"start":{"line":196,"column":13},"end":{"line":196,"column":70}},"29":{"start":{"line":198,"column":20},"end":{"line":201,"column":4}},"30":{"start":{"line":202,"column":2},"end":{"line":202,"column":75}},"31":{"start":{"line":202,"column":18},"end":{"line":202,"column":75}},"32":{"start":{"line":204,"column":2},"end":{"line":204,"column":62}},"33":{"start":{"line":205,"column":2},"end":{"line":205,"column":27}},"34":{"start":{"line":207,"column":2},"end":{"line":207,"column":67}},"35":{"start":{"line":209,"column":2},"end":{"line":209,"column":61}},"36":{"start":{"line":214,"column":0},"end":{"line":217,"column":3}},"37":{"start":{"line":215,"column":15},"end":{"line":215,"column":57}},"38":{"start":{"line":216,"column":1},"end":{"line":216,"column":39}},"39":{"start":{"line":221,"column":0},"end":{"line":224,"column":3}},"40":{"start":{"line":222,"column":14},"end":{"line":222,"column":73}},"41":{"start":{"line":223,"column":1},"end":{"line":223,"column":38}},"42":{"start":{"line":227,"column":0},"end":{"line":234,"column":3}},"43":{"start":{"line":228,"column":14},"end":{"line":232,"column":27}},"44":{"start":{"line":233,"column":1},"end":{"line":233,"column":79}},"45":{"start":{"line":237,"column":0},"end":{"line":240,"column":3}},"46":{"start":{"line":238,"column":1},"end":{"line":238,"column":45}},"47":{"start":{"line":239,"column":1},"end":{"line":239,"column":65}},"48":{"start":{"line":242,"column":0},"end":{"line":242,"column":24}}},"fnMap":{"0":{"name":"(anonymous_0)","decl":{"start":{"line":156,"column":17},"end":{"line":156,"column":18}},"loc":{"start":{"line":156,"column":37},"end":{"line":188,"column":1}},"line":156},"1":{"name":"(anonymous_1)","decl":{"start":{"line":191,"column":33},"end":{"line":191,"column":34}},"loc":{"start":{"line":191,"column":53},"end":{"line":211,"column":1}},"line":191},"2":{"name":"(anonymous_2)","decl":{"start":{"line":214,"column":16},"end":{"line":214,"column":17}},"loc":{"start":{"line":214,"column":36},"end":{"line":217,"column":1}},"line":214},"3":{"name":"(anonymous_3)","decl":{"start":{"line":221,"column":45},"end":{"line":221,"column":46}},"loc":{"start":{"line":221,"column":65},"end":{"line":224,"column":1}},"line":221},"4":{"name":"(anonymous_4)","decl":{"start":{"line":227,"column":45},"end":{"line":227,"column":46}},"loc":{"start":{"line":227,"column":65},"end":{"line":234,"column":1}},"line":227},"5":{"name":"(anonymous_5)","decl":{"start":{"line":237,"column":49},"end":{"line":237,"column":50}},"loc":{"start":{"line":237,"column":69},"end":{"line":240,"column":1}},"line":237}},"branchMap":{"0":{"loc":{"start":{"line":159,"column":8},"end":{"line":159,"column":86}},"type":"if","locations":[{"start":{"line":159,"column":8},"end":{"line":159,"column":86}},{"start":{},"end":{}}],"line":159},"1":{"loc":{"start":{"line":164,"column":8},"end":{"line":167,"column":76}},"type":"if","locations":[{"start":{"line":164,"column":8},"end":{"line":167,"column":76}},{"start":{},"end":{}}],"line":164},"2":{"loc":{"start":{"line":177,"column":13},"end":{"line":177,"column":30}},"type":"binary-expr","locations":[{"start":{"line":177,"column":13},"end":{"line":177,"column":21}},{"start":{"line":177,"column":25},"end":{"line":177,"column":30}}],"line":177},"3":{"loc":{"start":{"line":196,"column":2},"end":{"line":196,"column":70}},"type":"if","locations":[{"start":{"line":196,"column":2},"end":{"line":196,"column":70}},{"start":{},"end":{}}],"line":196},"4":{"loc":{"start":{"line":202,"column":2},"end":{"line":202,"column":75}},"type":"if","locations":[{"start":{"line":202,"column":2},"end":{"line":202,"column":75}},{"start":{},"end":{}}],"line":202}},"s":{"0":1,"1":1,"2":1,"3":1,"4":1,"5":1,"6":1,"7":3,"8":3,"9":3,"10":1,"11":2,"12":2,"13":2,"14":2,"15":1,"16":1,"17":1,"18":1,"19":1,"20":1,"21":0,"22":0,"23":1,"24":0,"25":0,"26":0,"27":0,"28":0,"29":0,"30":0,"31":0,"32":0,"33":0,"34":0,"35":0,"36":1,"37":1,"38":1,"39":1,"40":1,"41":1,"42":1,"43":1,"44":1,"45":1,"46":1,"47":1,"48":1},"f":{"0":3,"1":0,"2":1,"3":1,"4":1,"5":1},"b":{"0":[1,2],"1":[1,1],"2":[1,1],"3":[0,0],"4":[0,0]},"_coverageSchema":"1a1c01bbd47fc00a2c39e90264f33305004495a9","hash":"18c9993d6f5e599da9273f2b6e376dbb8bbfa4b1"}
}
