TN:
SF:middleware\apiKeyAuth.js
FN:6,(anonymous_0)
FN:15,(anonymous_1)
FNF:2
FNH:0
FNDA:0,(anonymous_0)
FNDA:0,(anonymous_1)
DA:1,1
DA:2,1
DA:3,1
DA:6,1
DA:7,0
DA:15,1
DA:16,0
DA:17,0
DA:19,0
DA:20,0
DA:22,0
DA:23,0
DA:24,0
LF:13
LH:5
BRDA:17,0,0,0
BRDA:17,0,1,0
BRDA:20,1,0,0
BRDA:20,1,1,0
BRF:4
BRH:0
end_of_record
TN:
SF:middleware\validateObjectId.js
FN:3,(anonymous_0)
FNF:1
FNH:0
FNDA:0,(anonymous_0)
DA:1,1
DA:3,1
DA:4,0
DA:5,0
DA:7,0
LF:5
LH:2
BRDA:4,0,0,0
BRDA:4,0,1,0
BRF:2
BRH:0
end_of_record
TN:
SF:models\ApiKeyUsageLog.js
FNF:0
FNH:0
DA:1,1
DA:2,1
DA:8,1
LF:3
LH:3
BRF:0
BRH:0
end_of_record
TN:
SF:models\Partner.js
FNF:0
FNH:0
DA:1,1
DA:3,1
DA:10,1
DA:12,1
LF:4
LH:4
BRF:0
BRH:0
end_of_record
TN:
SF:models\user.js
FN:17,(anonymous_0)
FN:28,(anonymous_1)
FN:48,(anonymous_2)
FNF:3
FNH:0
FNDA:0,(anonymous_0)
FNDA:0,(anonymous_1)
FNDA:0,(anonymous_2)
DA:1,1
DA:2,1
DA:3,1
DA:4,1
DA:5,1
DA:6,1
DA:8,1
DA:17,0
DA:21,1
DA:22,1
DA:23,1
DA:24,1
DA:25,1
DA:26,1
DA:28,1
DA:29,0
DA:30,0
DA:33,0
DA:44,0
DA:48,1
DA:49,0
DA:55,0
DA:58,1
DA:60,1
LF:24
LH:17
BRDA:29,0,0,0
BRDA:29,0,1,0
BRF:2
BRH:0
end_of_record
TN:
SF:routes\partners.js
FN:95,(anonymous_0)
FN:114,(anonymous_1)
FN:125,(anonymous_2)
FN:137,(anonymous_3)
FNF:4
FNH:2
FNDA:4,(anonymous_0)
FNDA:0,(anonymous_1)
FNDA:7,(anonymous_2)
FNDA:0,(anonymous_3)
DA:79,11
DA:80,11
DA:81,11
DA:82,11
DA:86,11
DA:92,11
DA:95,11
DA:96,4
DA:97,4
DA:99,0
DA:100,0
DA:101,0
DA:102,0
DA:103,0
DA:105,0
DA:106,0
DA:108,0
DA:114,11
DA:115,0
DA:116,0
DA:117,0
DA:119,0
DA:124,11
DA:125,11
DA:126,7
DA:127,7
DA:130,7
DA:132,0
DA:137,11
DA:138,0
DA:139,0
DA:140,0
DA:141,0
DA:143,0
DA:147,11
LF:35
LH:17
BRDA:92,0,0,11
BRDA:92,0,1,11
BRDA:97,1,0,4
BRDA:97,1,1,0
BRDA:105,2,0,0
BRDA:105,2,1,0
BRDA:140,3,0,0
BRDA:140,3,1,0
BRF:8
BRH:3
end_of_record
TN:
SF:routes\search.js
FN:30,(anonymous_0)
FNF:1
FNH:1
FNDA:3,(anonymous_0)
DA:26,1
DA:27,1
DA:28,1
DA:30,1
DA:31,3
DA:32,3
DA:33,2
DA:36,2
DA:37,2
DA:39,1
DA:43,1
LF:11
LH:11
BRDA:32,0,0,2
BRDA:32,0,1,1
BRF:2
BRH:2
end_of_record
TN:
SF:routes\sharedFavorites.js
FN:12,(anonymous_0)
FN:27,(anonymous_1)
FNF:2
FNH:2
FNDA:3,(anonymous_0)
FNDA:2,(anonymous_1)
DA:4,1
DA:5,1
DA:6,1
DA:7,1
DA:8,1
DA:12,1
DA:13,3
DA:14,3
DA:15,3
DA:16,2
DA:18,1
DA:19,1
DA:20,1
DA:22,0
DA:27,1
DA:28,2
DA:29,2
DA:30,2
DA:31,2
DA:32,1
DA:34,0
DA:38,1
LF:22
LH:20
BRDA:15,0,0,2
BRDA:15,0,1,1
BRDA:15,1,0,3
BRDA:15,1,1,2
BRDA:15,1,2,2
BRDA:31,2,0,1
BRDA:31,2,1,1
BRF:7
BRH:7
end_of_record
TN:
SF:routes\songs.js
FN:23,(anonymous_0)
FN:26,(anonymous_1)
FN:66,(anonymous_2)
FN:116,(anonymous_3)
FN:170,(anonymous_4)
FN:226,(anonymous_5)
FN:274,(anonymous_6)
FN:281,(anonymous_7)
FN:312,(anonymous_8)
FN:323,(anonymous_9)
FN:334,(anonymous_10)
FN:338,(anonymous_11)
FN:350,(anonymous_12)
FN:358,(anonymous_13)
FN:416,(anonymous_14)
FN:470,(anonymous_15)
FN:507,(anonymous_16)
FN:549,(anonymous_17)
FN:600,(anonymous_18)
FN:612,(anonymous_19)
FN:656,(anonymous_20)
FN:689,(anonymous_21)
FN:714,(anonymous_22)
FN:860,(anonymous_23)
FN:867,(anonymous_24)
FN:909,(anonymous_25)
FN:920,(anonymous_26)
FN:939,(anonymous_27)
FN:943,(anonymous_28)
FN:965,(anonymous_29)
FN:987,(anonymous_30)
FNF:31
FNH:4
FNDA:0,(anonymous_0)
FNDA:0,(anonymous_1)
FNDA:2,(anonymous_2)
FNDA:3,(anonymous_3)
FNDA:0,(anonymous_4)
FNDA:0,(anonymous_5)
FNDA:1,(anonymous_6)
FNDA:1,(anonymous_7)
FNDA:0,(anonymous_8)
FNDA:0,(anonymous_9)
FNDA:0,(anonymous_10)
FNDA:0,(anonymous_11)
FNDA:0,(anonymous_12)
FNDA:0,(anonymous_13)
FNDA:0,(anonymous_14)
FNDA:0,(anonymous_15)
FNDA:0,(anonymous_16)
FNDA:0,(anonymous_17)
FNDA:0,(anonymous_18)
FNDA:0,(anonymous_19)
FNDA:0,(anonymous_20)
FNDA:0,(anonymous_21)
FNDA:0,(anonymous_22)
FNDA:0,(anonymous_23)
FNDA:0,(anonymous_24)
FNDA:0,(anonymous_25)
FNDA:0,(anonymous_26)
FNDA:0,(anonymous_27)
FNDA:0,(anonymous_28)
FNDA:0,(anonymous_29)
FNDA:0,(anonymous_30)
DA:8,1
DA:9,1
DA:10,1
DA:11,1
DA:12,1
DA:13,1
DA:14,1
DA:15,1
DA:16,1
DA:17,1
DA:22,1
DA:24,0
DA:27,0
DA:31,1
DA:66,1
DA:67,2
DA:68,2
DA:69,2
DA:70,1
DA:72,1
DA:73,1
DA:74,0
DA:76,1
DA:78,1
DA:79,1
DA:80,1
DA:82,0
DA:84,0
DA:85,0
DA:116,1
DA:117,3
DA:118,3
DA:119,3
DA:120,1
DA:122,2
DA:123,1
DA:125,1
DA:126,1
DA:127,0
DA:129,1
DA:131,1
DA:132,1
DA:134,0
DA:135,0
DA:167,1
DA:171,0
DA:172,0
DA:173,0
DA:176,0
DA:184,0
DA:185,0
DA:186,0
DA:188,0
DA:189,0
DA:190,0
DA:192,0
DA:223,1
DA:227,0
DA:228,0
DA:229,0
DA:232,0
DA:239,0
DA:240,0
DA:241,0
DA:243,0
DA:244,0
DA:245,0
DA:249,0
DA:250,0
DA:274,1
DA:275,1
DA:276,1
DA:277,1
DA:278,0
DA:280,1
DA:281,1
DA:285,1
DA:287,0
DA:288,0
DA:312,1
DA:313,0
DA:314,0
DA:315,0
DA:316,0
DA:318,0
DA:319,0
DA:320,0
DA:323,0
DA:324,0
DA:325,0
DA:327,0
DA:328,0
DA:334,1
DA:335,0
DA:336,0
DA:337,0
DA:338,0
DA:342,0
DA:344,0
DA:345,0
DA:350,1
DA:351,0
DA:352,0
DA:353,0
DA:354,0
DA:355,0
DA:358,0
DA:359,0
DA:360,0
DA:362,0
DA:363,0
DA:416,1
DA:417,0
DA:418,0
DA:419,0
DA:420,0
DA:422,0
DA:423,0
DA:425,0
DA:426,0
DA:427,0
DA:429,0
DA:430,0
DA:431,0
DA:433,0
DA:434,0
DA:436,0
DA:437,0
DA:470,1
DA:471,0
DA:472,0
DA:473,0
DA:474,0
DA:477,0
DA:478,0
DA:479,0
DA:481,0
DA:482,0
DA:483,0
DA:487,0
DA:488,0
DA:489,0
DA:490,0
DA:491,0
DA:495,0
DA:496,0
DA:497,0
DA:498,0
DA:499,0
DA:503,0
DA:506,0
DA:507,0
DA:508,0
DA:510,0
DA:511,0
DA:514,0
DA:515,0
DA:518,0
DA:519,0
DA:520,0
DA:522,0
DA:523,0
DA:549,1
DA:550,0
DA:552,0
DA:553,0
DA:556,0
DA:557,0
DA:558,0
DA:560,0
DA:561,0
DA:562,0
DA:565,0
DA:566,0
DA:567,0
DA:570,0
DA:571,0
DA:573,0
DA:575,0
DA:576,0
DA:600,1
DA:601,0
DA:602,0
DA:603,0
DA:604,0
DA:606,0
DA:607,0
DA:608,0
DA:612,0
DA:613,0
DA:615,0
DA:617,0
DA:618,0
DA:656,1
DA:657,0
DA:658,0
DA:661,0
DA:662,0
DA:664,0
DA:666,0
DA:667,0
DA:689,1
DA:690,0
DA:691,0
DA:714,1
DA:715,0
DA:716,0
DA:717,0
DA:718,0
DA:720,0
DA:722,0
DA:723,0
DA:860,1
DA:861,0
DA:862,0
DA:863,0
DA:864,0
DA:866,0
DA:867,0
DA:871,0
DA:873,0
DA:874,0
DA:909,1
DA:910,0
DA:911,0
DA:912,0
DA:913,0
DA:915,0
DA:916,0
DA:917,0
DA:920,0
DA:921,0
DA:922,0
DA:924,0
DA:925,0
DA:939,1
DA:940,0
DA:941,0
DA:942,0
DA:943,0
DA:947,0
DA:949,0
DA:950,0
DA:965,1
DA:966,0
DA:970,1
DA:987,1
DA:988,0
DA:989,0
DA:990,0
DA:991,0
DA:993,0
DA:994,0
DA:998,1
LF:254
LH:61
BRDA:69,0,0,1
BRDA:69,0,1,1
BRDA:73,1,0,0
BRDA:73,1,1,1
BRDA:74,2,0,0
BRDA:74,2,1,0
BRDA:79,3,0,1
BRDA:79,3,1,0
BRDA:119,4,0,1
BRDA:119,4,1,2
BRDA:119,5,0,3
BRDA:119,5,1,2
BRDA:122,6,0,1
BRDA:122,6,1,1
BRDA:126,7,0,0
BRDA:126,7,1,1
BRDA:127,8,0,0
BRDA:127,8,1,0
BRDA:181,9,0,0
BRDA:181,9,1,0
BRDA:185,10,0,0
BRDA:185,10,1,0
BRDA:240,11,0,0
BRDA:240,11,1,0
BRDA:277,12,0,0
BRDA:277,12,1,1
BRDA:315,13,0,0
BRDA:315,13,1,0
BRDA:319,14,0,0
BRDA:319,14,1,0
BRDA:354,15,0,0
BRDA:354,15,1,0
BRDA:419,16,0,0
BRDA:419,16,1,0
BRDA:422,17,0,0
BRDA:422,17,1,0
BRDA:426,18,0,0
BRDA:426,18,1,0
BRDA:430,19,0,0
BRDA:430,19,1,0
BRDA:477,20,0,0
BRDA:477,20,1,0
BRDA:481,21,0,0
BRDA:481,21,1,0
BRDA:489,22,0,0
BRDA:489,22,1,0
BRDA:497,23,0,0
BRDA:497,23,1,0
BRDA:503,24,0,0
BRDA:503,24,1,0
BRDA:508,25,0,0
BRDA:508,25,1,0
BRDA:552,26,0,0
BRDA:552,26,1,0
BRDA:557,27,0,0
BRDA:557,27,1,0
BRDA:561,28,0,0
BRDA:561,28,1,0
BRDA:566,29,0,0
BRDA:566,29,1,0
BRDA:603,30,0,0
BRDA:603,30,1,0
BRDA:607,31,0,0
BRDA:607,31,1,0
BRDA:661,32,0,0
BRDA:661,32,1,0
BRDA:717,33,0,0
BRDA:717,33,1,0
BRDA:863,34,0,0
BRDA:863,34,1,0
BRDA:912,35,0,0
BRDA:912,35,1,0
BRDA:916,36,0,0
BRDA:916,36,1,0
BRF:74
BRH:12
end_of_record
TN:
SF:routes\users.js
FN:156,(anonymous_0)
FN:191,(anonymous_1)
FN:214,(anonymous_2)
FN:221,(anonymous_3)
FN:227,(anonymous_4)
FN:237,(anonymous_5)
FNF:6
FNH:5
FNDA:3,(anonymous_0)
FNDA:0,(anonymous_1)
FNDA:1,(anonymous_2)
FNDA:1,(anonymous_3)
FNDA:1,(anonymous_4)
FNDA:1,(anonymous_5)
DA:7,1
DA:8,1
DA:9,1
DA:10,1
DA:12,1
DA:13,1
DA:156,1
DA:157,3
DA:158,3
DA:159,3
DA:160,2
DA:162,2
DA:163,2
DA:164,2
DA:165,1
DA:169,1
DA:170,1
DA:173,1
DA:180,1
DA:182,1
DA:185,0
DA:186,0
DA:191,1
DA:192,0
DA:194,0
DA:195,0
DA:196,0
DA:198,0
DA:202,0
DA:204,0
DA:205,0
DA:207,0
DA:209,0
DA:214,1
DA:215,1
DA:216,1
DA:221,1
DA:222,1
DA:223,1
DA:227,1
DA:228,1
DA:233,1
DA:237,1
DA:238,1
DA:239,1
DA:242,1
LF:46
LH:34
BRDA:159,0,0,1
BRDA:159,0,1,2
BRDA:164,1,0,1
BRDA:164,1,1,1
BRDA:177,2,0,1
BRDA:177,2,1,1
BRDA:196,3,0,0
BRDA:196,3,1,0
BRDA:202,4,0,0
BRDA:202,4,1,0
BRF:10
BRH:6
end_of_record
