{"C:\\Users\\SHREERAJ M\\Downloads\\V1\\lyric-frontend\\src\\App.js": {"path":"C:\\Users\\SHREERAJ M\\Downloads\\V1\\lyric-frontend\\src\\App.js","statementMap":{"0":{"start":{"line":8,"column":48},"end":{"line":8,"column":63}},"1":{"start":{"line":9,"column":46},"end":{"line":9,"column":61}},"2":{"start":{"line":10,"column":50},"end":{"line":10,"column":65}},"3":{"start":{"line":12,"column":2},"end":{"line":35,"column":9}},"4":{"start":{"line":13,"column":24},"end":{"line":13,"column":63}},"5":{"start":{"line":14,"column":23},"end":{"line":14,"column":61}},"6":{"start":{"line":15,"column":22},"end":{"line":15,"column":59}},"7":{"start":{"line":17,"column":25},"end":{"line":17,"column":30}},"8":{"start":{"line":18,"column":24},"end":{"line":18,"column":29}},"9":{"start":{"line":19,"column":23},"end":{"line":19,"column":28}},"10":{"start":{"line":21,"column":4},"end":{"line":23,"column":5}},"11":{"start":{"line":22,"column":6},"end":{"line":22,"column":75}},"12":{"start":{"line":25,"column":4},"end":{"line":27,"column":5}},"13":{"start":{"line":26,"column":6},"end":{"line":26,"column":73}},"14":{"start":{"line":29,"column":4},"end":{"line":31,"column":5}},"15":{"start":{"line":30,"column":6},"end":{"line":30,"column":71}},"16":{"start":{"line":32,"column":4},"end":{"line":32,"column":40}},"17":{"start":{"line":33,"column":4},"end":{"line":33,"column":38}},"18":{"start":{"line":34,"column":4},"end":{"line":34,"column":36}},"19":{"start":{"line":37,"column":24},"end":{"line":40,"column":3}},"20":{"start":{"line":38,"column":4},"end":{"line":38,"column":53}},"21":{"start":{"line":39,"column":4},"end":{"line":39,"column":30}},"22":{"start":{"line":42,"column":23},"end":{"line":45,"column":3}},"23":{"start":{"line":43,"column":4},"end":{"line":43,"column":52}},"24":{"start":{"line":44,"column":4},"end":{"line":44,"column":29}},"25":{"start":{"line":47,"column":22},"end":{"line":50,"column":3}},"26":{"start":{"line":48,"column":4},"end":{"line":48,"column":51}},"27":{"start":{"line":49,"column":4},"end":{"line":49,"column":28}},"28":{"start":{"line":52,"column":2},"end":{"line":69,"column":3}}},"fnMap":{"0":{"name":"App","decl":{"start":{"line":7,"column":24},"end":{"line":7,"column":27}},"loc":{"start":{"line":7,"column":30},"end":{"line":70,"column":1}},"line":7},"1":{"name":"(anonymous_1)","decl":{"start":{"line":12,"column":12},"end":{"line":12,"column":13}},"loc":{"start":{"line":12,"column":18},"end":{"line":35,"column":3}},"line":12},"2":{"name":"(anonymous_2)","decl":{"start":{"line":37,"column":24},"end":{"line":37,"column":25}},"loc":{"start":{"line":37,"column":30},"end":{"line":40,"column":3}},"line":37},"3":{"name":"(anonymous_3)","decl":{"start":{"line":42,"column":23},"end":{"line":42,"column":24}},"loc":{"start":{"line":42,"column":29},"end":{"line":45,"column":3}},"line":42},"4":{"name":"(anonymous_4)","decl":{"start":{"line":47,"column":22},"end":{"line":47,"column":23}},"loc":{"start":{"line":47,"column":28},"end":{"line":50,"column":3}},"line":47}},"branchMap":{"0":{"loc":{"start":{"line":21,"column":4},"end":{"line":23,"column":5}},"type":"if","locations":[{"start":{"line":21,"column":4},"end":{"line":23,"column":5}},{"start":{},"end":{}}],"line":21},"1":{"loc":{"start":{"line":25,"column":4},"end":{"line":27,"column":5}},"type":"if","locations":[{"start":{"line":25,"column":4},"end":{"line":27,"column":5}},{"start":{},"end":{}}],"line":25},"2":{"loc":{"start":{"line":29,"column":4},"end":{"line":31,"column":5}},"type":"if","locations":[{"start":{"line":29,"column":4},"end":{"line":31,"column":5}},{"start":{},"end":{}}],"line":29},"3":{"loc":{"start":{"line":54,"column":5},"end":{"line":66,"column":5}},"type":"cond-expr","locations":[{"start":{"line":55,"column":6},"end":{"line":55,"column":21}},{"start":{"line":56,"column":8},"end":{"line":66,"column":5}}],"line":54},"4":{"loc":{"start":{"line":56,"column":8},"end":{"line":66,"column":5}},"type":"cond-expr","locations":[{"start":{"line":57,"column":6},"end":{"line":57,"column":16}},{"start":{"line":58,"column":8},"end":{"line":66,"column":5}}],"line":56},"5":{"loc":{"start":{"line":58,"column":8},"end":{"line":66,"column":5}},"type":"cond-expr","locations":[{"start":{"line":59,"column":6},"end":{"line":59,"column":22}},{"start":{"line":61,"column":6},"end":{"line":65,"column":8}}],"line":58}},"s":{"0":0,"1":0,"2":0,"3":0,"4":0,"5":0,"6":0,"7":0,"8":0,"9":0,"10":0,"11":0,"12":0,"13":0,"14":0,"15":0,"16":0,"17":0,"18":0,"19":0,"20":0,"21":0,"22":0,"23":0,"24":0,"25":0,"26":0,"27":0,"28":0},"f":{"0":0,"1":0,"2":0,"3":0,"4":0},"b":{"0":[0,0],"1":[0,0],"2":[0,0],"3":[0,0],"4":[0,0],"5":[0,0]}}
,"C:\\Users\\SHREERAJ M\\Downloads\\V1\\lyric-frontend\\src\\Store.js": {"path":"C:\\Users\\SHREERAJ M\\Downloads\\V1\\lyric-frontend\\src\\Store.js","statementMap":{"0":{"start":{"line":4,"column":14},"end":{"line":8,"column":2}}},"fnMap":{},"branchMap":{},"s":{"0":0},"f":{},"b":{}}
,"C:\\Users\\SHREERAJ M\\Downloads\\V1\\lyric-frontend\\src\\config.js": {"path":"C:\\Users\\SHREERAJ M\\Downloads\\V1\\lyric-frontend\\src\\config.js","statementMap":{"0":{"start":{"line":1,"column":15},"end":{"line":4,"column":1}}},"fnMap":{},"branchMap":{},"s":{"0":0},"f":{},"b":{}}
,"C:\\Users\\SHREERAJ M\\Downloads\\V1\\lyric-frontend\\src\\index.js": {"path":"C:\\Users\\SHREERAJ M\\Downloads\\V1\\lyric-frontend\\src\\index.js","statementMap":{"0":{"start":{"line":8,"column":13},"end":{"line":8,"column":65}},"1":{"start":{"line":9,"column":0},"end":{"line":14,"column":2}}},"fnMap":{},"branchMap":{},"s":{"0":0,"1":0},"f":{},"b":{}}
,"C:\\Users\\SHREERAJ M\\Downloads\\V1\\lyric-frontend\\src\\admin\\AdminAddNews.js": {"path":"C:\\Users\\SHREERAJ M\\Downloads\\V1\\lyric-frontend\\src\\admin\\AdminAddNews.js","statementMap":{"0":{"start":{"line":5,"column":17},"end":{"line":5,"column":24}},"1":{"start":{"line":6,"column":19},"end":{"line":6,"column":26}},"2":{"start":{"line":8,"column":24},"end":{"line":27,"column":1}},"3":{"start":{"line":9,"column":12},"end":{"line":9,"column":67}},"4":{"start":{"line":10,"column":17},"end":{"line":10,"column":25}},"5":{"start":{"line":11,"column":15},"end":{"line":11,"column":46}},"6":{"start":{"line":12,"column":18},"end":{"line":23,"column":3}},"7":{"start":{"line":24,"column":2},"end":{"line":24,"column":20}},"8":{"start":{"line":25,"column":2},"end":{"line":25,"column":61}},"9":{"start":{"line":26,"column":2},"end":{"line":26,"column":17}},"10":{"start":{"line":30,"column":28},"end":{"line":30,"column":40}},"11":{"start":{"line":31,"column":32},"end":{"line":31,"column":44}},"12":{"start":{"line":32,"column":28},"end":{"line":32,"column":42}},"13":{"start":{"line":33,"column":32},"end":{"line":33,"column":46}},"14":{"start":{"line":34,"column":36},"end":{"line":34,"column":51}},"15":{"start":{"line":36,"column":28},"end":{"line":49,"column":3}},"16":{"start":{"line":37,"column":17},"end":{"line":37,"column":34}},"17":{"start":{"line":38,"column":4},"end":{"line":48,"column":5}},"18":{"start":{"line":39,"column":21},"end":{"line":39,"column":37}},"19":{"start":{"line":40,"column":6},"end":{"line":43,"column":8}},"20":{"start":{"line":41,"column":8},"end":{"line":41,"column":32}},"21":{"start":{"line":42,"column":8},"end":{"line":42,"column":34}},"22":{"start":{"line":44,"column":6},"end":{"line":44,"column":33}},"23":{"start":{"line":46,"column":6},"end":{"line":46,"column":21}},"24":{"start":{"line":47,"column":6},"end":{"line":47,"column":23}},"25":{"start":{"line":51,"column":23},"end":{"line":61,"column":3}},"26":{"start":{"line":52,"column":4},"end":{"line":52,"column":23}},"27":{"start":{"line":53,"column":4},"end":{"line":53,"column":49}},"28":{"start":{"line":53,"column":42},"end":{"line":53,"column":49}},"29":{"start":{"line":54,"column":4},"end":{"line":54,"column":43}},"30":{"start":{"line":55,"column":4},"end":{"line":55,"column":17}},"31":{"start":{"line":56,"column":4},"end":{"line":56,"column":19}},"32":{"start":{"line":57,"column":4},"end":{"line":57,"column":19}},"33":{"start":{"line":58,"column":4},"end":{"line":58,"column":21}},"34":{"start":{"line":59,"column":4},"end":{"line":59,"column":23}},"35":{"start":{"line":60,"column":4},"end":{"line":60,"column":35}},"36":{"start":{"line":60,"column":21},"end":{"line":60,"column":35}},"37":{"start":{"line":63,"column":2},"end":{"line":97,"column":4}},"38":{"start":{"line":72,"column":27},"end":{"line":72,"column":51}},"39":{"start":{"line":79,"column":27},"end":{"line":79,"column":53}}},"fnMap":{"0":{"name":"(anonymous_0)","decl":{"start":{"line":8,"column":24},"end":{"line":8,"column":25}},"loc":{"start":{"line":8,"column":58},"end":{"line":27,"column":1}},"line":8},"1":{"name":"AdminAddNews","decl":{"start":{"line":29,"column":24},"end":{"line":29,"column":36}},"loc":{"start":{"line":29,"column":54},"end":{"line":98,"column":1}},"line":29},"2":{"name":"(anonymous_2)","decl":{"start":{"line":36,"column":28},"end":{"line":36,"column":29}},"loc":{"start":{"line":36,"column":33},"end":{"line":49,"column":3}},"line":36},"3":{"name":"(anonymous_3)","decl":{"start":{"line":40,"column":25},"end":{"line":40,"column":26}},"loc":{"start":{"line":40,"column":31},"end":{"line":43,"column":7}},"line":40},"4":{"name":"(anonymous_4)","decl":{"start":{"line":51,"column":23},"end":{"line":51,"column":24}},"loc":{"start":{"line":51,"column":28},"end":{"line":61,"column":3}},"line":51},"5":{"name":"(anonymous_5)","decl":{"start":{"line":72,"column":22},"end":{"line":72,"column":23}},"loc":{"start":{"line":72,"column":27},"end":{"line":72,"column":51}},"line":72},"6":{"name":"(anonymous_6)","decl":{"start":{"line":79,"column":22},"end":{"line":79,"column":23}},"loc":{"start":{"line":79,"column":27},"end":{"line":79,"column":53}},"line":79}},"branchMap":{"0":{"loc":{"start":{"line":9,"column":12},"end":{"line":9,"column":67}},"type":"binary-expr","locations":[{"start":{"line":9,"column":12},"end":{"line":9,"column":61}},{"start":{"line":9,"column":65},"end":{"line":9,"column":67}}],"line":9},"1":{"loc":{"start":{"line":20,"column":11},"end":{"line":20,"column":31}},"type":"binary-expr","locations":[{"start":{"line":20,"column":11},"end":{"line":20,"column":23}},{"start":{"line":20,"column":27},"end":{"line":20,"column":31}}],"line":20},"2":{"loc":{"start":{"line":38,"column":4},"end":{"line":48,"column":5}},"type":"if","locations":[{"start":{"line":38,"column":4},"end":{"line":48,"column":5}},{"start":{"line":45,"column":11},"end":{"line":48,"column":5}}],"line":38},"3":{"loc":{"start":{"line":53,"column":4},"end":{"line":53,"column":49}},"type":"if","locations":[{"start":{"line":53,"column":4},"end":{"line":53,"column":49}},{"start":{},"end":{}}],"line":53},"4":{"loc":{"start":{"line":53,"column":8},"end":{"line":53,"column":40}},"type":"binary-expr","locations":[{"start":{"line":53,"column":8},"end":{"line":53,"column":21}},{"start":{"line":53,"column":25},"end":{"line":53,"column":40}}],"line":53},"5":{"loc":{"start":{"line":60,"column":4},"end":{"line":60,"column":35}},"type":"if","locations":[{"start":{"line":60,"column":4},"end":{"line":60,"column":35}},{"start":{},"end":{}}],"line":60},"6":{"loc":{"start":{"line":89,"column":11},"end":{"line":91,"column":11}},"type":"binary-expr","locations":[{"start":{"line":89,"column":11},"end":{"line":89,"column":18}},{"start":{"line":90,"column":12},"end":{"line":90,"column":86}}],"line":89},"7":{"loc":{"start":{"line":94,"column":9},"end":{"line":94,"column":75}},"type":"binary-expr","locations":[{"start":{"line":94,"column":9},"end":{"line":94,"column":18}},{"start":{"line":94,"column":22},"end":{"line":94,"column":75}}],"line":94}},"s":{"0":0,"1":0,"2":0,"3":0,"4":0,"5":0,"6":0,"7":0,"8":0,"9":0,"10":0,"11":0,"12":0,"13":0,"14":0,"15":0,"16":0,"17":0,"18":0,"19":0,"20":0,"21":0,"22":0,"23":0,"24":0,"25":0,"26":0,"27":0,"28":0,"29":0,"30":0,"31":0,"32":0,"33":0,"34":0,"35":0,"36":0,"37":0,"38":0,"39":0},"f":{"0":0,"1":0,"2":0,"3":0,"4":0,"5":0,"6":0},"b":{"0":[0,0],"1":[0,0],"2":[0,0],"3":[0,0],"4":[0,0],"5":[0,0],"6":[0,0],"7":[0,0]}}
,"C:\\Users\\SHREERAJ M\\Downloads\\V1\\lyric-frontend\\src\\admin\\AdminAddPartner.js": {"path":"C:\\Users\\SHREERAJ M\\Downloads\\V1\\lyric-frontend\\src\\admin\\AdminAddPartner.js","statementMap":{"0":{"start":{"line":5,"column":24},"end":{"line":60,"column":1}},"1":{"start":{"line":6,"column":40},"end":{"line":6,"column":52}},"2":{"start":{"line":7,"column":30},"end":{"line":7,"column":42}},"3":{"start":{"line":8,"column":28},"end":{"line":8,"column":40}},"4":{"start":{"line":9,"column":32},"end":{"line":9,"column":44}},"5":{"start":{"line":10,"column":32},"end":{"line":10,"column":47}},"6":{"start":{"line":12,"column":23},"end":{"line":29,"column":3}},"7":{"start":{"line":13,"column":4},"end":{"line":13,"column":23}},"8":{"start":{"line":14,"column":4},"end":{"line":14,"column":21}},"9":{"start":{"line":15,"column":4},"end":{"line":15,"column":17}},"10":{"start":{"line":16,"column":4},"end":{"line":16,"column":19}},"11":{"start":{"line":17,"column":4},"end":{"line":17,"column":18}},"12":{"start":{"line":18,"column":4},"end":{"line":28,"column":5}},"13":{"start":{"line":19,"column":18},"end":{"line":19,"column":74}},"14":{"start":{"line":20,"column":6},"end":{"line":20,"column":33}},"15":{"start":{"line":21,"column":6},"end":{"line":21,"column":48}},"16":{"start":{"line":23,"column":6},"end":{"line":25,"column":8}},"17":{"start":{"line":27,"column":6},"end":{"line":27,"column":24}},"18":{"start":{"line":31,"column":2},"end":{"line":59,"column":4}},"19":{"start":{"line":40,"column":27},"end":{"line":40,"column":57}}},"fnMap":{"0":{"name":"(anonymous_0)","decl":{"start":{"line":5,"column":24},"end":{"line":5,"column":25}},"loc":{"start":{"line":5,"column":30},"end":{"line":60,"column":1}},"line":5},"1":{"name":"(anonymous_1)","decl":{"start":{"line":12,"column":23},"end":{"line":12,"column":24}},"loc":{"start":{"line":12,"column":36},"end":{"line":29,"column":3}},"line":12},"2":{"name":"(anonymous_2)","decl":{"start":{"line":40,"column":20},"end":{"line":40,"column":21}},"loc":{"start":{"line":40,"column":27},"end":{"line":40,"column":57}},"line":40}},"branchMap":{"0":{"loc":{"start":{"line":24,"column":8},"end":{"line":24,"column":85}},"type":"binary-expr","locations":[{"start":{"line":24,"column":8},"end":{"line":24,"column":35}},{"start":{"line":24,"column":39},"end":{"line":24,"column":85}}],"line":24},"1":{"loc":{"start":{"line":43,"column":40},"end":{"line":43,"column":63}},"type":"binary-expr","locations":[{"start":{"line":43,"column":40},"end":{"line":43,"column":47}},{"start":{"line":43,"column":51},"end":{"line":43,"column":63}}],"line":43},"2":{"loc":{"start":{"line":44,"column":11},"end":{"line":44,"column":48}},"type":"cond-expr","locations":[{"start":{"line":44,"column":21},"end":{"line":44,"column":32}},{"start":{"line":44,"column":35},"end":{"line":44,"column":48}}],"line":44},"3":{"loc":{"start":{"line":47,"column":7},"end":{"line":56,"column":7}},"type":"binary-expr","locations":[{"start":{"line":47,"column":7},"end":{"line":47,"column":14}},{"start":{"line":48,"column":8},"end":{"line":55,"column":14}}],"line":47},"4":{"loc":{"start":{"line":50,"column":11},"end":{"line":54,"column":11}},"type":"binary-expr","locations":[{"start":{"line":50,"column":11},"end":{"line":50,"column":17}},{"start":{"line":51,"column":12},"end":{"line":53,"column":18}}],"line":50},"5":{"loc":{"start":{"line":57,"column":7},"end":{"line":57,"column":60}},"type":"binary-expr","locations":[{"start":{"line":57,"column":7},"end":{"line":57,"column":12}},{"start":{"line":57,"column":16},"end":{"line":57,"column":60}}],"line":57}},"s":{"0":0,"1":0,"2":0,"3":0,"4":0,"5":0,"6":0,"7":0,"8":0,"9":0,"10":0,"11":0,"12":0,"13":0,"14":0,"15":0,"16":0,"17":0,"18":0,"19":0},"f":{"0":0,"1":0,"2":0},"b":{"0":[0,0],"1":[0,0],"2":[0,0],"3":[0,0],"4":[0,0],"5":[0,0]}}
,"C:\\Users\\SHREERAJ M\\Downloads\\V1\\lyric-frontend\\src\\admin\\AdminApiKeyUsage.js": {"path":"C:\\Users\\SHREERAJ M\\Downloads\\V1\\lyric-frontend\\src\\admin\\AdminApiKeyUsage.js","statementMap":{"0":{"start":{"line":6,"column":25},"end":{"line":89,"column":1}},"1":{"start":{"line":7,"column":34},"end":{"line":7,"column":46}},"2":{"start":{"line":8,"column":48},"end":{"line":8,"column":60}},"3":{"start":{"line":9,"column":28},"end":{"line":9,"column":40}},"4":{"start":{"line":10,"column":32},"end":{"line":10,"column":47}},"5":{"start":{"line":11,"column":28},"end":{"line":11,"column":40}},"6":{"start":{"line":13,"column":2},"end":{"line":22,"column":9}},"7":{"start":{"line":15,"column":4},"end":{"line":21,"column":9}},"8":{"start":{"line":16,"column":19},"end":{"line":16,"column":51}},"9":{"start":{"line":18,"column":8},"end":{"line":18,"column":55}},"10":{"start":{"line":19,"column":8},"end":{"line":19,"column":24}},"11":{"start":{"line":20,"column":8},"end":{"line":20,"column":45}},"12":{"start":{"line":24,"column":21},"end":{"line":37,"column":3}},"13":{"start":{"line":25,"column":4},"end":{"line":25,"column":21}},"14":{"start":{"line":26,"column":4},"end":{"line":26,"column":17}},"15":{"start":{"line":27,"column":4},"end":{"line":27,"column":17}},"16":{"start":{"line":28,"column":4},"end":{"line":36,"column":5}},"17":{"start":{"line":29,"column":18},"end":{"line":29,"column":69}},"18":{"start":{"line":30,"column":6},"end":{"line":30,"column":36}},"19":{"start":{"line":32,"column":6},"end":{"line":32,"column":50}},"20":{"start":{"line":33,"column":6},"end":{"line":33,"column":46}},"21":{"start":{"line":35,"column":6},"end":{"line":35,"column":24}},"22":{"start":{"line":39,"column":23},"end":{"line":44,"column":3}},"23":{"start":{"line":40,"column":22},"end":{"line":40,"column":36}},"24":{"start":{"line":41,"column":4},"end":{"line":41,"column":34}},"25":{"start":{"line":42,"column":4},"end":{"line":43,"column":22}},"26":{"start":{"line":42,"column":19},"end":{"line":42,"column":41}},"27":{"start":{"line":43,"column":9},"end":{"line":43,"column":22}},"28":{"start":{"line":46,"column":2},"end":{"line":88,"column":4}},"29":{"start":{"line":55,"column":14},"end":{"line":55,"column":65}},"30":{"start":{"line":76,"column":14},"end":{"line":80,"column":19}}},"fnMap":{"0":{"name":"(anonymous_0)","decl":{"start":{"line":6,"column":25},"end":{"line":6,"column":26}},"loc":{"start":{"line":6,"column":31},"end":{"line":89,"column":1}},"line":6},"1":{"name":"(anonymous_1)","decl":{"start":{"line":13,"column":12},"end":{"line":13,"column":13}},"loc":{"start":{"line":13,"column":18},"end":{"line":22,"column":3}},"line":13},"2":{"name":"(anonymous_2)","decl":{"start":{"line":16,"column":12},"end":{"line":16,"column":13}},"loc":{"start":{"line":16,"column":19},"end":{"line":16,"column":51}},"line":16},"3":{"name":"(anonymous_3)","decl":{"start":{"line":17,"column":13},"end":{"line":17,"column":14}},"loc":{"start":{"line":17,"column":20},"end":{"line":21,"column":7}},"line":17},"4":{"name":"(anonymous_4)","decl":{"start":{"line":24,"column":21},"end":{"line":24,"column":22}},"loc":{"start":{"line":24,"column":42},"end":{"line":37,"column":3}},"line":24},"5":{"name":"(anonymous_5)","decl":{"start":{"line":39,"column":23},"end":{"line":39,"column":24}},"loc":{"start":{"line":39,"column":30},"end":{"line":44,"column":3}},"line":39},"6":{"name":"(anonymous_6)","decl":{"start":{"line":54,"column":27},"end":{"line":54,"column":28}},"loc":{"start":{"line":55,"column":14},"end":{"line":55,"column":65}},"line":55},"7":{"name":"(anonymous_7)","decl":{"start":{"line":75,"column":23},"end":{"line":75,"column":24}},"loc":{"start":{"line":76,"column":14},"end":{"line":80,"column":19}},"line":76}},"branchMap":{"0":{"loc":{"start":{"line":16,"column":31},"end":{"line":16,"column":50}},"type":"binary-expr","locations":[{"start":{"line":16,"column":31},"end":{"line":16,"column":44}},{"start":{"line":16,"column":48},"end":{"line":16,"column":50}}],"line":16},"1":{"loc":{"start":{"line":30,"column":15},"end":{"line":30,"column":34}},"type":"binary-expr","locations":[{"start":{"line":30,"column":15},"end":{"line":30,"column":28}},{"start":{"line":30,"column":32},"end":{"line":30,"column":34}}],"line":30},"2":{"loc":{"start":{"line":42,"column":4},"end":{"line":43,"column":22}},"type":"if","locations":[{"start":{"line":42,"column":4},"end":{"line":43,"column":22}},{"start":{"line":43,"column":9},"end":{"line":43,"column":22}}],"line":42},"3":{"loc":{"start":{"line":61,"column":7},"end":{"line":86,"column":14}},"type":"cond-expr","locations":[{"start":{"line":62,"column":8},"end":{"line":62,"column":40}},{"start":{"line":63,"column":10},"end":{"line":86,"column":14}}],"line":61},"4":{"loc":{"start":{"line":63,"column":10},"end":{"line":86,"column":14}},"type":"cond-expr","locations":[{"start":{"line":64,"column":8},"end":{"line":64,"column":52}},{"start":{"line":65,"column":10},"end":{"line":86,"column":14}}],"line":63},"5":{"loc":{"start":{"line":65,"column":10},"end":{"line":86,"column":14}},"type":"cond-expr","locations":[{"start":{"line":66,"column":8},"end":{"line":83,"column":16}},{"start":{"line":84,"column":10},"end":{"line":86,"column":14}}],"line":65},"6":{"loc":{"start":{"line":84,"column":10},"end":{"line":86,"column":14}},"type":"cond-expr","locations":[{"start":{"line":85,"column":8},"end":{"line":85,"column":50}},{"start":{"line":86,"column":10},"end":{"line":86,"column":14}}],"line":84}},"s":{"0":0,"1":0,"2":0,"3":0,"4":0,"5":0,"6":0,"7":0,"8":0,"9":0,"10":0,"11":0,"12":0,"13":0,"14":0,"15":0,"16":0,"17":0,"18":0,"19":0,"20":0,"21":0,"22":0,"23":0,"24":0,"25":0,"26":0,"27":0,"28":0,"29":0,"30":0},"f":{"0":0,"1":0,"2":0,"3":0,"4":0,"5":0,"6":0,"7":0},"b":{"0":[0,0],"1":[0,0],"2":[0,0],"3":[0,0],"4":[0,0],"5":[0,0],"6":[0,0]}}
,"C:\\Users\\SHREERAJ M\\Downloads\\V1\\lyric-frontend\\src\\admin\\AdminErrorPage.js": {"path":"C:\\Users\\SHREERAJ M\\Downloads\\V1\\lyric-frontend\\src\\admin\\AdminErrorPage.js","statementMap":{"0":{"start":{"line":4,"column":2},"end":{"line":11,"column":3}}},"fnMap":{"0":{"name":"AdminErrorPage","decl":{"start":{"line":3,"column":24},"end":{"line":3,"column":38}},"loc":{"start":{"line":3,"column":41},"end":{"line":12,"column":1}},"line":3}},"branchMap":{},"s":{"0":0},"f":{"0":0},"b":{}}
,"C:\\Users\\SHREERAJ M\\Downloads\\V1\\lyric-frontend\\src\\admin\\AdminHome.js": {"path":"C:\\Users\\SHREERAJ M\\Downloads\\V1\\lyric-frontend\\src\\admin\\AdminHome.js","statementMap":{"0":{"start":{"line":10,"column":2},"end":{"line":118,"column":4}}},"fnMap":{"0":{"name":"AdminHome","decl":{"start":{"line":9,"column":24},"end":{"line":9,"column":33}},"loc":{"start":{"line":9,"column":36},"end":{"line":119,"column":1}},"line":9}},"branchMap":{},"s":{"0":0},"f":{"0":0},"b":{}}
,"C:\\Users\\SHREERAJ M\\Downloads\\V1\\lyric-frontend\\src\\admin\\AdminLogin.js": {"path":"C:\\Users\\SHREERAJ M\\Downloads\\V1\\lyric-frontend\\src\\admin\\AdminLogin.js","statementMap":{"0":{"start":{"line":8,"column":28},"end":{"line":8,"column":40}},"1":{"start":{"line":9,"column":34},"end":{"line":9,"column":46}},"2":{"start":{"line":10,"column":28},"end":{"line":10,"column":40}},"3":{"start":{"line":11,"column":32},"end":{"line":11,"column":47}},"4":{"start":{"line":12,"column":19},"end":{"line":12,"column":32}},"5":{"start":{"line":14,"column":23},"end":{"line":37,"column":3}},"6":{"start":{"line":15,"column":4},"end":{"line":15,"column":23}},"7":{"start":{"line":16,"column":4},"end":{"line":16,"column":21}},"8":{"start":{"line":18,"column":4},"end":{"line":36,"column":5}},"9":{"start":{"line":19,"column":23},"end":{"line":22,"column":8}},"10":{"start":{"line":24,"column":23},"end":{"line":24,"column":31}},"11":{"start":{"line":25,"column":6},"end":{"line":27,"column":7}},"12":{"start":{"line":26,"column":8},"end":{"line":26,"column":70}},"13":{"start":{"line":28,"column":6},"end":{"line":28,"column":21}},"14":{"start":{"line":29,"column":6},"end":{"line":29,"column":61}},"15":{"start":{"line":30,"column":6},"end":{"line":30,"column":71}},"16":{"start":{"line":31,"column":6},"end":{"line":31,"column":29}},"17":{"start":{"line":33,"column":6},"end":{"line":33,"column":61}},"18":{"start":{"line":35,"column":6},"end":{"line":35,"column":24}},"19":{"start":{"line":39,"column":2},"end":{"line":92,"column":4}},"20":{"start":{"line":62,"column":35},"end":{"line":62,"column":59}},"21":{"start":{"line":71,"column":35},"end":{"line":71,"column":62}}},"fnMap":{"0":{"name":"AdminLogin","decl":{"start":{"line":7,"column":24},"end":{"line":7,"column":34}},"loc":{"start":{"line":7,"column":53},"end":{"line":93,"column":1}},"line":7},"1":{"name":"(anonymous_1)","decl":{"start":{"line":14,"column":23},"end":{"line":14,"column":24}},"loc":{"start":{"line":14,"column":36},"end":{"line":37,"column":3}},"line":14},"2":{"name":"(anonymous_2)","decl":{"start":{"line":62,"column":28},"end":{"line":62,"column":29}},"loc":{"start":{"line":62,"column":35},"end":{"line":62,"column":59}},"line":62},"3":{"name":"(anonymous_3)","decl":{"start":{"line":71,"column":28},"end":{"line":71,"column":29}},"loc":{"start":{"line":71,"column":35},"end":{"line":71,"column":62}},"line":71}},"branchMap":{"0":{"loc":{"start":{"line":25,"column":6},"end":{"line":27,"column":7}},"type":"if","locations":[{"start":{"line":25,"column":6},"end":{"line":27,"column":7}},{"start":{},"end":{}}],"line":25},"1":{"loc":{"start":{"line":33,"column":15},"end":{"line":33,"column":59}},"type":"binary-expr","locations":[{"start":{"line":33,"column":15},"end":{"line":33,"column":28}},{"start":{"line":33,"column":32},"end":{"line":33,"column":59}}],"line":33},"2":{"loc":{"start":{"line":80,"column":17},"end":{"line":80,"column":52}},"type":"cond-expr","locations":[{"start":{"line":80,"column":27},"end":{"line":80,"column":42}},{"start":{"line":80,"column":45},"end":{"line":80,"column":52}}],"line":80},"3":{"loc":{"start":{"line":87,"column":13},"end":{"line":87,"column":66}},"type":"binary-expr","locations":[{"start":{"line":87,"column":13},"end":{"line":87,"column":18}},{"start":{"line":87,"column":22},"end":{"line":87,"column":66}}],"line":87}},"s":{"0":0,"1":0,"2":0,"3":0,"4":0,"5":0,"6":0,"7":0,"8":0,"9":0,"10":0,"11":0,"12":0,"13":0,"14":0,"15":0,"16":0,"17":0,"18":0,"19":0,"20":0,"21":0},"f":{"0":0,"1":0,"2":0,"3":0},"b":{"0":[0,0],"1":[0,0],"2":[0,0],"3":[0,0]}}
,"C:\\Users\\SHREERAJ M\\Downloads\\V1\\lyric-frontend\\src\\admin\\AdminNavBar.js": {"path":"C:\\Users\\SHREERAJ M\\Downloads\\V1\\lyric-frontend\\src\\admin\\AdminNavBar.js","statementMap":{"0":{"start":{"line":19,"column":2},"end":{"line":39,"column":3}}},"fnMap":{"0":{"name":"AdminNavBar","decl":{"start":{"line":17,"column":24},"end":{"line":17,"column":35}},"loc":{"start":{"line":17,"column":38},"end":{"line":40,"column":1}},"line":17}},"branchMap":{},"s":{"0":0},"f":{"0":0},"b":{}}
,"C:\\Users\\SHREERAJ M\\Downloads\\V1\\lyric-frontend\\src\\admin\\AdminPartnersList.js": {"path":"C:\\Users\\SHREERAJ M\\Downloads\\V1\\lyric-frontend\\src\\admin\\AdminPartnersList.js","statementMap":{"0":{"start":{"line":5,"column":26},"end":{"line":79,"column":1}},"1":{"start":{"line":6,"column":34},"end":{"line":6,"column":46}},"2":{"start":{"line":7,"column":32},"end":{"line":7,"column":46}},"3":{"start":{"line":8,"column":28},"end":{"line":8,"column":40}},"4":{"start":{"line":9,"column":38},"end":{"line":9,"column":52}},"5":{"start":{"line":11,"column":24},"end":{"line":22,"column":3}},"6":{"start":{"line":12,"column":4},"end":{"line":12,"column":21}},"7":{"start":{"line":13,"column":4},"end":{"line":13,"column":17}},"8":{"start":{"line":14,"column":4},"end":{"line":21,"column":5}},"9":{"start":{"line":15,"column":18},"end":{"line":15,"column":50}},"10":{"start":{"line":16,"column":6},"end":{"line":16,"column":39}},"11":{"start":{"line":18,"column":6},"end":{"line":18,"column":44}},"12":{"start":{"line":20,"column":6},"end":{"line":20,"column":24}},"13":{"start":{"line":24,"column":2},"end":{"line":26,"column":9}},"14":{"start":{"line":25,"column":4},"end":{"line":25,"column":20}},"15":{"start":{"line":28,"column":23},"end":{"line":39,"column":3}},"16":{"start":{"line":29,"column":4},"end":{"line":29,"column":81}},"17":{"start":{"line":29,"column":74},"end":{"line":29,"column":81}},"18":{"start":{"line":30,"column":4},"end":{"line":30,"column":22}},"19":{"start":{"line":31,"column":4},"end":{"line":38,"column":5}},"20":{"start":{"line":32,"column":6},"end":{"line":32,"column":48}},"21":{"start":{"line":33,"column":6},"end":{"line":33,"column":56}},"22":{"start":{"line":33,"column":41},"end":{"line":33,"column":53}},"23":{"start":{"line":35,"column":6},"end":{"line":35,"column":44}},"24":{"start":{"line":37,"column":6},"end":{"line":37,"column":26}},"25":{"start":{"line":41,"column":2},"end":{"line":78,"column":4}},"26":{"start":{"line":60,"column":14},"end":{"line":72,"column":19}},"27":{"start":{"line":66,"column":35},"end":{"line":66,"column":60}}},"fnMap":{"0":{"name":"(anonymous_0)","decl":{"start":{"line":5,"column":26},"end":{"line":5,"column":27}},"loc":{"start":{"line":5,"column":32},"end":{"line":79,"column":1}},"line":5},"1":{"name":"(anonymous_1)","decl":{"start":{"line":11,"column":24},"end":{"line":11,"column":25}},"loc":{"start":{"line":11,"column":36},"end":{"line":22,"column":3}},"line":11},"2":{"name":"(anonymous_2)","decl":{"start":{"line":24,"column":12},"end":{"line":24,"column":13}},"loc":{"start":{"line":24,"column":18},"end":{"line":26,"column":3}},"line":24},"3":{"name":"(anonymous_3)","decl":{"start":{"line":28,"column":23},"end":{"line":28,"column":24}},"loc":{"start":{"line":28,"column":37},"end":{"line":39,"column":3}},"line":28},"4":{"name":"(anonymous_4)","decl":{"start":{"line":33,"column":34},"end":{"line":33,"column":35}},"loc":{"start":{"line":33,"column":41},"end":{"line":33,"column":53}},"line":33},"5":{"name":"(anonymous_5)","decl":{"start":{"line":59,"column":26},"end":{"line":59,"column":27}},"loc":{"start":{"line":60,"column":14},"end":{"line":72,"column":19}},"line":60},"6":{"name":"(anonymous_6)","decl":{"start":{"line":66,"column":29},"end":{"line":66,"column":30}},"loc":{"start":{"line":66,"column":35},"end":{"line":66,"column":60}},"line":66}},"branchMap":{"0":{"loc":{"start":{"line":16,"column":18},"end":{"line":16,"column":37}},"type":"binary-expr","locations":[{"start":{"line":16,"column":18},"end":{"line":16,"column":31}},{"start":{"line":16,"column":35},"end":{"line":16,"column":37}}],"line":16},"1":{"loc":{"start":{"line":29,"column":4},"end":{"line":29,"column":81}},"type":"if","locations":[{"start":{"line":29,"column":4},"end":{"line":29,"column":81}},{"start":{},"end":{}}],"line":29},"2":{"loc":{"start":{"line":44,"column":7},"end":{"line":76,"column":7}},"type":"cond-expr","locations":[{"start":{"line":45,"column":8},"end":{"line":45,"column":29}},{"start":{"line":46,"column":10},"end":{"line":76,"column":7}}],"line":44},"3":{"loc":{"start":{"line":46,"column":10},"end":{"line":76,"column":7}},"type":"cond-expr","locations":[{"start":{"line":47,"column":8},"end":{"line":47,"column":52}},{"start":{"line":49,"column":8},"end":{"line":75,"column":16}}],"line":46},"4":{"loc":{"start":{"line":63,"column":21},"end":{"line":63,"column":61}},"type":"cond-expr","locations":[{"start":{"line":63,"column":39},"end":{"line":63,"column":48}},{"start":{"line":63,"column":51},"end":{"line":63,"column":61}}],"line":63},"5":{"loc":{"start":{"line":69,"column":21},"end":{"line":69,"column":74}},"type":"cond-expr","locations":[{"start":{"line":69,"column":50},"end":{"line":69,"column":63}},{"start":{"line":69,"column":66},"end":{"line":69,"column":74}}],"line":69}},"s":{"0":0,"1":0,"2":0,"3":0,"4":0,"5":0,"6":0,"7":0,"8":0,"9":0,"10":0,"11":0,"12":0,"13":0,"14":0,"15":0,"16":0,"17":0,"18":0,"19":0,"20":0,"21":0,"22":0,"23":0,"24":0,"25":0,"26":0,"27":0},"f":{"0":0,"1":0,"2":0,"3":0,"4":0,"5":0,"6":0},"b":{"0":[0,0],"1":[0,0],"2":[0,0],"3":[0,0],"4":[0,0],"5":[0,0]}}
,"C:\\Users\\SHREERAJ M\\Downloads\\V1\\lyric-frontend\\src\\admin\\AllArtistBios.js": {"path":"C:\\Users\\SHREERAJ M\\Downloads\\V1\\lyric-frontend\\src\\admin\\AllArtistBios.js","statementMap":{"0":{"start":{"line":6,"column":21},"end":{"line":8,"column":1}},"1":{"start":{"line":7,"column":2},"end":{"line":7,"column":65}},"2":{"start":{"line":12,"column":26},"end":{"line":12,"column":38}},"3":{"start":{"line":13,"column":40},"end":{"line":13,"column":52}},"4":{"start":{"line":15,"column":2},"end":{"line":36,"column":9}},"5":{"start":{"line":16,"column":4},"end":{"line":16,"column":33}},"6":{"start":{"line":18,"column":29},"end":{"line":34,"column":5}},"7":{"start":{"line":19,"column":6},"end":{"line":33,"column":7}},"8":{"start":{"line":20,"column":26},"end":{"line":20,"column":64}},"9":{"start":{"line":21,"column":25},"end":{"line":23,"column":10}},"10":{"start":{"line":24,"column":20},"end":{"line":24,"column":22}},"11":{"start":{"line":25,"column":8},"end":{"line":29,"column":11}},"12":{"start":{"line":26,"column":10},"end":{"line":28,"column":11}},"13":{"start":{"line":27,"column":12},"end":{"line":27,"column":38}},"14":{"start":{"line":30,"column":8},"end":{"line":30,"column":28}},"15":{"start":{"line":32,"column":8},"end":{"line":32,"column":27}},"16":{"start":{"line":35,"column":4},"end":{"line":35,"column":23}},"17":{"start":{"line":39,"column":2},"end":{"line":39,"column":51}},"18":{"start":{"line":40,"column":2},"end":{"line":40,"column":29}},"19":{"start":{"line":43,"column":23},"end":{"line":43,"column":60}},"20":{"start":{"line":45,"column":2},"end":{"line":81,"column":4}},"21":{"start":{"line":53,"column":26},"end":{"line":53,"column":51}},"22":{"start":{"line":65,"column":32},"end":{"line":65,"column":57}},"23":{"start":{"line":66,"column":34},"end":{"line":66,"column":59}},"24":{"start":{"line":67,"column":14},"end":{"line":75,"column":16}}},"fnMap":{"0":{"name":"(anonymous_0)","decl":{"start":{"line":6,"column":21},"end":{"line":6,"column":22}},"loc":{"start":{"line":6,"column":33},"end":{"line":8,"column":1}},"line":6},"1":{"name":"AllArtistBios","decl":{"start":{"line":11,"column":24},"end":{"line":11,"column":37}},"loc":{"start":{"line":11,"column":40},"end":{"line":82,"column":1}},"line":11},"2":{"name":"(anonymous_2)","decl":{"start":{"line":15,"column":12},"end":{"line":15,"column":13}},"loc":{"start":{"line":15,"column":18},"end":{"line":36,"column":3}},"line":15},"3":{"name":"(anonymous_3)","decl":{"start":{"line":18,"column":29},"end":{"line":18,"column":30}},"loc":{"start":{"line":18,"column":41},"end":{"line":34,"column":5}},"line":18},"4":{"name":"(anonymous_4)","decl":{"start":{"line":25,"column":26},"end":{"line":25,"column":27}},"loc":{"start":{"line":25,"column":34},"end":{"line":29,"column":9}},"line":25},"5":{"name":"(anonymous_5)","decl":{"start":{"line":53,"column":19},"end":{"line":53,"column":20}},"loc":{"start":{"line":53,"column":26},"end":{"line":53,"column":51}},"line":53},"6":{"name":"(anonymous_6)","decl":{"start":{"line":65,"column":25},"end":{"line":65,"column":26}},"loc":{"start":{"line":65,"column":32},"end":{"line":65,"column":57}},"line":65},"7":{"name":"(anonymous_7)","decl":{"start":{"line":65,"column":63},"end":{"line":65,"column":64}},"loc":{"start":{"line":65,"column":70},"end":{"line":76,"column":13}},"line":65}},"branchMap":{"0":{"loc":{"start":{"line":7,"column":9},"end":{"line":7,"column":64}},"type":"binary-expr","locations":[{"start":{"line":7,"column":9},"end":{"line":7,"column":58}},{"start":{"line":7,"column":62},"end":{"line":7,"column":64}}],"line":7},"1":{"loc":{"start":{"line":26,"column":10},"end":{"line":28,"column":11}},"type":"if","locations":[{"start":{"line":26,"column":10},"end":{"line":28,"column":11}},{"start":{},"end":{}}],"line":26},"2":{"loc":{"start":{"line":26,"column":14},"end":{"line":26,"column":52}},"type":"binary-expr","locations":[{"start":{"line":26,"column":14},"end":{"line":26,"column":27}},{"start":{"line":26,"column":31},"end":{"line":26,"column":39}},{"start":{"line":26,"column":43},"end":{"line":26,"column":52}}],"line":26},"3":{"loc":{"start":{"line":48,"column":7},"end":{"line":52,"column":7}},"type":"binary-expr","locations":[{"start":{"line":48,"column":7},"end":{"line":48,"column":19}},{"start":{"line":49,"column":8},"end":{"line":51,"column":14}}],"line":48},"4":{"loc":{"start":{"line":53,"column":7},"end":{"line":79,"column":7}},"type":"cond-expr","locations":[{"start":{"line":54,"column":8},"end":{"line":54,"column":49}},{"start":{"line":56,"column":8},"end":{"line":78,"column":16}}],"line":53},"5":{"loc":{"start":{"line":69,"column":77},"end":{"line":69,"column":108}},"type":"cond-expr","locations":[{"start":{"line":69,"column":91},"end":{"line":69,"column":100}},{"start":{"line":69,"column":103},"end":{"line":69,"column":108}}],"line":69},"6":{"loc":{"start":{"line":70,"column":21},"end":{"line":70,"column":132}},"type":"binary-expr","locations":[{"start":{"line":70,"column":21},"end":{"line":70,"column":32}},{"start":{"line":70,"column":36},"end":{"line":70,"column":50}},{"start":{"line":70,"column":54},"end":{"line":70,"column":72}},{"start":{"line":70,"column":76},"end":{"line":70,"column":91}},{"start":{"line":70,"column":95},"end":{"line":70,"column":132}}],"line":70}},"s":{"0":0,"1":0,"2":0,"3":0,"4":0,"5":0,"6":0,"7":0,"8":0,"9":0,"10":0,"11":0,"12":0,"13":0,"14":0,"15":0,"16":0,"17":0,"18":0,"19":0,"20":0,"21":0,"22":0,"23":0,"24":0},"f":{"0":0,"1":0,"2":0,"3":0,"4":0,"5":0,"6":0,"7":0},"b":{"0":[0,0],"1":[0,0],"2":[0,0,0],"3":[0,0],"4":[0,0],"5":[0,0],"6":[0,0,0,0,0]}}
,"C:\\Users\\SHREERAJ M\\Downloads\\V1\\lyric-frontend\\src\\admin\\AllArtistNews.js": {"path":"C:\\Users\\SHREERAJ M\\Downloads\\V1\\lyric-frontend\\src\\admin\\AllArtistNews.js","statementMap":{"0":{"start":{"line":4,"column":21},"end":{"line":6,"column":1}},"1":{"start":{"line":5,"column":2},"end":{"line":5,"column":65}},"2":{"start":{"line":9,"column":34},"end":{"line":9,"column":46}},"3":{"start":{"line":11,"column":2},"end":{"line":13,"column":9}},"4":{"start":{"line":12,"column":4},"end":{"line":12,"column":37}},"5":{"start":{"line":15,"column":2},"end":{"line":37,"column":4}},"6":{"start":{"line":24,"column":14},"end":{"line":31,"column":19}}},"fnMap":{"0":{"name":"(anonymous_0)","decl":{"start":{"line":4,"column":21},"end":{"line":4,"column":22}},"loc":{"start":{"line":4,"column":33},"end":{"line":6,"column":1}},"line":4},"1":{"name":"AllArtistNews","decl":{"start":{"line":8,"column":24},"end":{"line":8,"column":37}},"loc":{"start":{"line":8,"column":40},"end":{"line":38,"column":1}},"line":8},"2":{"name":"(anonymous_2)","decl":{"start":{"line":11,"column":12},"end":{"line":11,"column":13}},"loc":{"start":{"line":11,"column":18},"end":{"line":13,"column":3}},"line":11},"3":{"name":"(anonymous_3)","decl":{"start":{"line":23,"column":26},"end":{"line":23,"column":27}},"loc":{"start":{"line":24,"column":14},"end":{"line":31,"column":19}},"line":24}},"branchMap":{"0":{"loc":{"start":{"line":5,"column":9},"end":{"line":5,"column":64}},"type":"binary-expr","locations":[{"start":{"line":5,"column":9},"end":{"line":5,"column":58}},{"start":{"line":5,"column":62},"end":{"line":5,"column":64}}],"line":5},"1":{"loc":{"start":{"line":19,"column":9},"end":{"line":34,"column":9}},"type":"cond-expr","locations":[{"start":{"line":20,"column":10},"end":{"line":20,"column":43}},{"start":{"line":22,"column":10},"end":{"line":33,"column":15}}],"line":19},"2":{"loc":{"start":{"line":26,"column":17},"end":{"line":28,"column":17}},"type":"binary-expr","locations":[{"start":{"line":26,"column":17},"end":{"line":26,"column":24}},{"start":{"line":27,"column":18},"end":{"line":27,"column":156}}],"line":26},"3":{"loc":{"start":{"line":30,"column":63},"end":{"line":30,"column":126}},"type":"binary-expr","locations":[{"start":{"line":30,"column":63},"end":{"line":30,"column":75}},{"start":{"line":30,"column":79},"end":{"line":30,"column":95}},{"start":{"line":30,"column":99},"end":{"line":30,"column":112}},{"start":{"line":30,"column":116},"end":{"line":30,"column":126}}],"line":30}},"s":{"0":0,"1":0,"2":0,"3":0,"4":0,"5":0,"6":0},"f":{"0":0,"1":0,"2":0,"3":0},"b":{"0":[0,0],"1":[0,0],"2":[0,0],"3":[0,0,0,0]}}
,"C:\\Users\\SHREERAJ M\\Downloads\\V1\\lyric-frontend\\src\\admin\\ArtistBioApprovals.js": {"path":"C:\\Users\\SHREERAJ M\\Downloads\\V1\\lyric-frontend\\src\\admin\\ArtistBioApprovals.js","statementMap":{"0":{"start":{"line":6,"column":25},"end":{"line":18,"column":1}},"1":{"start":{"line":8,"column":14},"end":{"line":8,"column":69}},"2":{"start":{"line":10,"column":17},"end":{"line":10,"column":19}},"3":{"start":{"line":11,"column":2},"end":{"line":16,"column":5}},"4":{"start":{"line":12,"column":4},"end":{"line":15,"column":5}},"5":{"start":{"line":13,"column":18},"end":{"line":13,"column":54}},"6":{"start":{"line":14,"column":6},"end":{"line":14,"column":24}},"7":{"start":{"line":17,"column":2},"end":{"line":17,"column":31}},"8":{"start":{"line":19,"column":19},"end":{"line":23,"column":1}},"9":{"start":{"line":20,"column":12},"end":{"line":20,"column":67}},"10":{"start":{"line":21,"column":2},"end":{"line":21,"column":126}},"11":{"start":{"line":21,"column":23},"end":{"line":21,"column":124}},"12":{"start":{"line":22,"column":2},"end":{"line":22,"column":61}},"13":{"start":{"line":24,"column":18},"end":{"line":28,"column":1}},"14":{"start":{"line":25,"column":12},"end":{"line":25,"column":67}},"15":{"start":{"line":26,"column":2},"end":{"line":26,"column":126}},"16":{"start":{"line":26,"column":23},"end":{"line":26,"column":124}},"17":{"start":{"line":27,"column":2},"end":{"line":27,"column":61}},"18":{"start":{"line":29,"column":20},"end":{"line":33,"column":1}},"19":{"start":{"line":30,"column":12},"end":{"line":30,"column":67}},"20":{"start":{"line":31,"column":2},"end":{"line":31,"column":121}},"21":{"start":{"line":31,"column":23},"end":{"line":31,"column":119}},"22":{"start":{"line":32,"column":2},"end":{"line":32,"column":61}},"23":{"start":{"line":34,"column":19},"end":{"line":38,"column":1}},"24":{"start":{"line":35,"column":12},"end":{"line":35,"column":67}},"25":{"start":{"line":36,"column":2},"end":{"line":36,"column":121}},"26":{"start":{"line":36,"column":23},"end":{"line":36,"column":119}},"27":{"start":{"line":37,"column":2},"end":{"line":37,"column":61}},"28":{"start":{"line":41,"column":32},"end":{"line":41,"column":44}},"29":{"start":{"line":42,"column":32},"end":{"line":42,"column":47}},"30":{"start":{"line":44,"column":34},"end":{"line":44,"column":46}},"31":{"start":{"line":45,"column":40},"end":{"line":45,"column":52}},"32":{"start":{"line":47,"column":2},"end":{"line":68,"column":16}},"33":{"start":{"line":48,"column":4},"end":{"line":48,"column":40}},"34":{"start":{"line":50,"column":29},"end":{"line":66,"column":5}},"35":{"start":{"line":51,"column":6},"end":{"line":65,"column":7}},"36":{"start":{"line":52,"column":26},"end":{"line":52,"column":64}},"37":{"start":{"line":53,"column":25},"end":{"line":55,"column":10}},"38":{"start":{"line":56,"column":20},"end":{"line":56,"column":22}},"39":{"start":{"line":57,"column":8},"end":{"line":61,"column":11}},"40":{"start":{"line":58,"column":10},"end":{"line":60,"column":11}},"41":{"start":{"line":59,"column":12},"end":{"line":59,"column":38}},"42":{"start":{"line":62,"column":8},"end":{"line":62,"column":28}},"43":{"start":{"line":64,"column":8},"end":{"line":64,"column":27}},"44":{"start":{"line":67,"column":4},"end":{"line":67,"column":23}},"45":{"start":{"line":70,"column":24},"end":{"line":73,"column":3}},"46":{"start":{"line":71,"column":4},"end":{"line":71,"column":44}},"47":{"start":{"line":72,"column":4},"end":{"line":72,"column":24}},"48":{"start":{"line":72,"column":20},"end":{"line":72,"column":22}},"49":{"start":{"line":74,"column":23},"end":{"line":77,"column":3}},"50":{"start":{"line":75,"column":4},"end":{"line":75,"column":43}},"51":{"start":{"line":76,"column":4},"end":{"line":76,"column":24}},"52":{"start":{"line":76,"column":20},"end":{"line":76,"column":22}},"53":{"start":{"line":78,"column":23},"end":{"line":81,"column":3}},"54":{"start":{"line":79,"column":16},"end":{"line":79,"column":44}},"55":{"start":{"line":80,"column":4},"end":{"line":80,"column":89}},"56":{"start":{"line":80,"column":23},"end":{"line":80,"column":87}},"57":{"start":{"line":80,"column":60},"end":{"line":80,"column":70}},"58":{"start":{"line":82,"column":28},"end":{"line":86,"column":3}},"59":{"start":{"line":83,"column":4},"end":{"line":83,"column":32}},"60":{"start":{"line":84,"column":4},"end":{"line":84,"column":20}},"61":{"start":{"line":85,"column":4},"end":{"line":85,"column":24}},"62":{"start":{"line":85,"column":20},"end":{"line":85,"column":22}},"63":{"start":{"line":87,"column":27},"end":{"line":91,"column":3}},"64":{"start":{"line":88,"column":4},"end":{"line":88,"column":31}},"65":{"start":{"line":89,"column":4},"end":{"line":89,"column":20}},"66":{"start":{"line":90,"column":4},"end":{"line":90,"column":24}},"67":{"start":{"line":90,"column":20},"end":{"line":90,"column":22}},"68":{"start":{"line":94,"column":23},"end":{"line":94,"column":60}},"69":{"start":{"line":96,"column":2},"end":{"line":132,"column":4}},"70":{"start":{"line":112,"column":26},"end":{"line":112,"column":62}},"71":{"start":{"line":113,"column":34},"end":{"line":113,"column":59}},"72":{"start":{"line":114,"column":14},"end":{"line":126,"column":16}},"73":{"start":{"line":116,"column":90},"end":{"line":116,"column":133}},"74":{"start":{"line":121,"column":45},"end":{"line":121,"column":89}},"75":{"start":{"line":122,"column":45},"end":{"line":122,"column":88}}},"fnMap":{"0":{"name":"(anonymous_0)","decl":{"start":{"line":6,"column":25},"end":{"line":6,"column":26}},"loc":{"start":{"line":6,"column":37},"end":{"line":18,"column":1}},"line":6},"1":{"name":"(anonymous_1)","decl":{"start":{"line":11,"column":14},"end":{"line":11,"column":15}},"loc":{"start":{"line":11,"column":21},"end":{"line":16,"column":3}},"line":11},"2":{"name":"(anonymous_2)","decl":{"start":{"line":19,"column":19},"end":{"line":19,"column":20}},"loc":{"start":{"line":19,"column":52},"end":{"line":23,"column":1}},"line":19},"3":{"name":"(anonymous_3)","decl":{"start":{"line":21,"column":16},"end":{"line":21,"column":17}},"loc":{"start":{"line":21,"column":23},"end":{"line":21,"column":124}},"line":21},"4":{"name":"(anonymous_4)","decl":{"start":{"line":24,"column":18},"end":{"line":24,"column":19}},"loc":{"start":{"line":24,"column":51},"end":{"line":28,"column":1}},"line":24},"5":{"name":"(anonymous_5)","decl":{"start":{"line":26,"column":16},"end":{"line":26,"column":17}},"loc":{"start":{"line":26,"column":23},"end":{"line":26,"column":124}},"line":26},"6":{"name":"(anonymous_6)","decl":{"start":{"line":29,"column":20},"end":{"line":29,"column":21}},"loc":{"start":{"line":29,"column":42},"end":{"line":33,"column":1}},"line":29},"7":{"name":"(anonymous_7)","decl":{"start":{"line":31,"column":16},"end":{"line":31,"column":17}},"loc":{"start":{"line":31,"column":23},"end":{"line":31,"column":119}},"line":31},"8":{"name":"(anonymous_8)","decl":{"start":{"line":34,"column":19},"end":{"line":34,"column":20}},"loc":{"start":{"line":34,"column":41},"end":{"line":38,"column":1}},"line":34},"9":{"name":"(anonymous_9)","decl":{"start":{"line":36,"column":16},"end":{"line":36,"column":17}},"loc":{"start":{"line":36,"column":23},"end":{"line":36,"column":119}},"line":36},"10":{"name":"ArtistBioApprovals","decl":{"start":{"line":40,"column":24},"end":{"line":40,"column":42}},"loc":{"start":{"line":40,"column":45},"end":{"line":133,"column":1}},"line":40},"11":{"name":"(anonymous_11)","decl":{"start":{"line":47,"column":12},"end":{"line":47,"column":13}},"loc":{"start":{"line":47,"column":18},"end":{"line":68,"column":3}},"line":47},"12":{"name":"(anonymous_12)","decl":{"start":{"line":50,"column":29},"end":{"line":50,"column":30}},"loc":{"start":{"line":50,"column":41},"end":{"line":66,"column":5}},"line":50},"13":{"name":"(anonymous_13)","decl":{"start":{"line":57,"column":26},"end":{"line":57,"column":27}},"loc":{"start":{"line":57,"column":34},"end":{"line":61,"column":9}},"line":57},"14":{"name":"(anonymous_14)","decl":{"start":{"line":70,"column":24},"end":{"line":70,"column":25}},"loc":{"start":{"line":70,"column":57},"end":{"line":73,"column":3}},"line":70},"15":{"name":"(anonymous_15)","decl":{"start":{"line":72,"column":15},"end":{"line":72,"column":16}},"loc":{"start":{"line":72,"column":20},"end":{"line":72,"column":22}},"line":72},"16":{"name":"(anonymous_16)","decl":{"start":{"line":74,"column":23},"end":{"line":74,"column":24}},"loc":{"start":{"line":74,"column":56},"end":{"line":77,"column":3}},"line":74},"17":{"name":"(anonymous_17)","decl":{"start":{"line":76,"column":15},"end":{"line":76,"column":16}},"loc":{"start":{"line":76,"column":20},"end":{"line":76,"column":22}},"line":76},"18":{"name":"(anonymous_18)","decl":{"start":{"line":78,"column":23},"end":{"line":78,"column":24}},"loc":{"start":{"line":78,"column":50},"end":{"line":81,"column":3}},"line":78},"19":{"name":"(anonymous_19)","decl":{"start":{"line":80,"column":16},"end":{"line":80,"column":17}},"loc":{"start":{"line":80,"column":23},"end":{"line":80,"column":87}},"line":80},"20":{"name":"(anonymous_20)","decl":{"start":{"line":80,"column":54},"end":{"line":80,"column":55}},"loc":{"start":{"line":80,"column":60},"end":{"line":80,"column":70}},"line":80},"21":{"name":"(anonymous_21)","decl":{"start":{"line":82,"column":28},"end":{"line":82,"column":29}},"loc":{"start":{"line":82,"column":40},"end":{"line":86,"column":3}},"line":82},"22":{"name":"(anonymous_22)","decl":{"start":{"line":85,"column":15},"end":{"line":85,"column":16}},"loc":{"start":{"line":85,"column":20},"end":{"line":85,"column":22}},"line":85},"23":{"name":"(anonymous_23)","decl":{"start":{"line":87,"column":27},"end":{"line":87,"column":28}},"loc":{"start":{"line":87,"column":39},"end":{"line":91,"column":3}},"line":87},"24":{"name":"(anonymous_24)","decl":{"start":{"line":90,"column":15},"end":{"line":90,"column":16}},"loc":{"start":{"line":90,"column":20},"end":{"line":90,"column":22}},"line":90},"25":{"name":"(anonymous_25)","decl":{"start":{"line":111,"column":25},"end":{"line":111,"column":26}},"loc":{"start":{"line":111,"column":32},"end":{"line":127,"column":13}},"line":111},"26":{"name":"(anonymous_26)","decl":{"start":{"line":116,"column":84},"end":{"line":116,"column":85}},"loc":{"start":{"line":116,"column":90},"end":{"line":116,"column":133}},"line":116},"27":{"name":"(anonymous_27)","decl":{"start":{"line":121,"column":39},"end":{"line":121,"column":40}},"loc":{"start":{"line":121,"column":45},"end":{"line":121,"column":89}},"line":121},"28":{"name":"(anonymous_28)","decl":{"start":{"line":122,"column":39},"end":{"line":122,"column":40}},"loc":{"start":{"line":122,"column":45},"end":{"line":122,"column":88}},"line":122}},"branchMap":{"0":{"loc":{"start":{"line":8,"column":14},"end":{"line":8,"column":69}},"type":"binary-expr","locations":[{"start":{"line":8,"column":14},"end":{"line":8,"column":63}},{"start":{"line":8,"column":67},"end":{"line":8,"column":69}}],"line":8},"1":{"loc":{"start":{"line":12,"column":4},"end":{"line":15,"column":5}},"type":"if","locations":[{"start":{"line":12,"column":4},"end":{"line":15,"column":5}},{"start":{},"end":{}}],"line":12},"2":{"loc":{"start":{"line":20,"column":12},"end":{"line":20,"column":67}},"type":"binary-expr","locations":[{"start":{"line":20,"column":12},"end":{"line":20,"column":61}},{"start":{"line":20,"column":65},"end":{"line":20,"column":67}}],"line":20},"3":{"loc":{"start":{"line":21,"column":23},"end":{"line":21,"column":124}},"type":"cond-expr","locations":[{"start":{"line":21,"column":88},"end":{"line":21,"column":118}},{"start":{"line":21,"column":121},"end":{"line":21,"column":124}}],"line":21},"4":{"loc":{"start":{"line":21,"column":24},"end":{"line":21,"column":84}},"type":"binary-expr","locations":[{"start":{"line":21,"column":24},"end":{"line":21,"column":49}},{"start":{"line":21,"column":53},"end":{"line":21,"column":84}}],"line":21},"5":{"loc":{"start":{"line":25,"column":12},"end":{"line":25,"column":67}},"type":"binary-expr","locations":[{"start":{"line":25,"column":12},"end":{"line":25,"column":61}},{"start":{"line":25,"column":65},"end":{"line":25,"column":67}}],"line":25},"6":{"loc":{"start":{"line":26,"column":23},"end":{"line":26,"column":124}},"type":"cond-expr","locations":[{"start":{"line":26,"column":88},"end":{"line":26,"column":118}},{"start":{"line":26,"column":121},"end":{"line":26,"column":124}}],"line":26},"7":{"loc":{"start":{"line":26,"column":24},"end":{"line":26,"column":84}},"type":"binary-expr","locations":[{"start":{"line":26,"column":24},"end":{"line":26,"column":49}},{"start":{"line":26,"column":53},"end":{"line":26,"column":84}}],"line":26},"8":{"loc":{"start":{"line":30,"column":12},"end":{"line":30,"column":67}},"type":"binary-expr","locations":[{"start":{"line":30,"column":12},"end":{"line":30,"column":61}},{"start":{"line":30,"column":65},"end":{"line":30,"column":67}}],"line":30},"9":{"loc":{"start":{"line":31,"column":23},"end":{"line":31,"column":119}},"type":"cond-expr","locations":[{"start":{"line":31,"column":83},"end":{"line":31,"column":113}},{"start":{"line":31,"column":116},"end":{"line":31,"column":119}}],"line":31},"10":{"loc":{"start":{"line":35,"column":12},"end":{"line":35,"column":67}},"type":"binary-expr","locations":[{"start":{"line":35,"column":12},"end":{"line":35,"column":61}},{"start":{"line":35,"column":65},"end":{"line":35,"column":67}}],"line":35},"11":{"loc":{"start":{"line":36,"column":23},"end":{"line":36,"column":119}},"type":"cond-expr","locations":[{"start":{"line":36,"column":83},"end":{"line":36,"column":113}},{"start":{"line":36,"column":116},"end":{"line":36,"column":119}}],"line":36},"12":{"loc":{"start":{"line":58,"column":10},"end":{"line":60,"column":11}},"type":"if","locations":[{"start":{"line":58,"column":10},"end":{"line":60,"column":11}},{"start":{},"end":{}}],"line":58},"13":{"loc":{"start":{"line":58,"column":14},"end":{"line":58,"column":52}},"type":"binary-expr","locations":[{"start":{"line":58,"column":14},"end":{"line":58,"column":27}},{"start":{"line":58,"column":31},"end":{"line":58,"column":39}},{"start":{"line":58,"column":43},"end":{"line":58,"column":52}}],"line":58},"14":{"loc":{"start":{"line":80,"column":23},"end":{"line":80,"column":87}},"type":"cond-expr","locations":[{"start":{"line":80,"column":43},"end":{"line":80,"column":71}},{"start":{"line":80,"column":74},"end":{"line":80,"column":87}}],"line":80},"15":{"loc":{"start":{"line":99,"column":7},"end":{"line":103,"column":7}},"type":"binary-expr","locations":[{"start":{"line":99,"column":7},"end":{"line":99,"column":19}},{"start":{"line":100,"column":8},"end":{"line":102,"column":14}}],"line":99},"16":{"loc":{"start":{"line":104,"column":7},"end":{"line":130,"column":7}},"type":"cond-expr","locations":[{"start":{"line":104,"column":30},"end":{"line":104,"column":66}},{"start":{"line":105,"column":8},"end":{"line":129,"column":11}}],"line":104},"17":{"loc":{"start":{"line":107,"column":224},"end":{"line":107,"column":273}},"type":"cond-expr","locations":[{"start":{"line":107,"column":248},"end":{"line":107,"column":261}},{"start":{"line":107,"column":264},"end":{"line":107,"column":273}}],"line":107},"18":{"loc":{"start":{"line":108,"column":206},"end":{"line":108,"column":255}},"type":"cond-expr","locations":[{"start":{"line":108,"column":230},"end":{"line":108,"column":243}},{"start":{"line":108,"column":246},"end":{"line":108,"column":255}}],"line":108},"19":{"loc":{"start":{"line":118,"column":46},"end":{"line":118,"column":132}},"type":"binary-expr","locations":[{"start":{"line":118,"column":46},"end":{"line":118,"column":57}},{"start":{"line":118,"column":61},"end":{"line":118,"column":75}},{"start":{"line":118,"column":79},"end":{"line":118,"column":97}},{"start":{"line":118,"column":101},"end":{"line":118,"column":116}},{"start":{"line":118,"column":120},"end":{"line":118,"column":132}}],"line":118}},"s":{"0":0,"1":0,"2":0,"3":0,"4":0,"5":0,"6":0,"7":0,"8":0,"9":0,"10":0,"11":0,"12":0,"13":0,"14":0,"15":0,"16":0,"17":0,"18":0,"19":0,"20":0,"21":0,"22":0,"23":0,"24":0,"25":0,"26":0,"27":0,"28":0,"29":0,"30":0,"31":0,"32":0,"33":0,"34":0,"35":0,"36":0,"37":0,"38":0,"39":0,"40":0,"41":0,"42":0,"43":0,"44":0,"45":0,"46":0,"47":0,"48":0,"49":0,"50":0,"51":0,"52":0,"53":0,"54":0,"55":0,"56":0,"57":0,"58":0,"59":0,"60":0,"61":0,"62":0,"63":0,"64":0,"65":0,"66":0,"67":0,"68":0,"69":0,"70":0,"71":0,"72":0,"73":0,"74":0,"75":0},"f":{"0":0,"1":0,"2":0,"3":0,"4":0,"5":0,"6":0,"7":0,"8":0,"9":0,"10":0,"11":0,"12":0,"13":0,"14":0,"15":0,"16":0,"17":0,"18":0,"19":0,"20":0,"21":0,"22":0,"23":0,"24":0,"25":0,"26":0,"27":0,"28":0},"b":{"0":[0,0],"1":[0,0],"2":[0,0],"3":[0,0],"4":[0,0],"5":[0,0],"6":[0,0],"7":[0,0],"8":[0,0],"9":[0,0],"10":[0,0],"11":[0,0],"12":[0,0],"13":[0,0,0],"14":[0,0],"15":[0,0],"16":[0,0],"17":[0,0],"18":[0,0],"19":[0,0,0,0,0]}}
,"C:\\Users\\SHREERAJ M\\Downloads\\V1\\lyric-frontend\\src\\admin\\ArtistNewsApproval.js": {"path":"C:\\Users\\SHREERAJ M\\Downloads\\V1\\lyric-frontend\\src\\admin\\ArtistNewsApproval.js","statementMap":{"0":{"start":{"line":4,"column":21},"end":{"line":6,"column":1}},"1":{"start":{"line":5,"column":2},"end":{"line":5,"column":65}},"2":{"start":{"line":8,"column":25},"end":{"line":16,"column":1}},"3":{"start":{"line":9,"column":12},"end":{"line":9,"column":67}},"4":{"start":{"line":10,"column":14},"end":{"line":10,"column":53}},"5":{"start":{"line":10,"column":33},"end":{"line":10,"column":52}},"6":{"start":{"line":11,"column":2},"end":{"line":14,"column":3}},"7":{"start":{"line":12,"column":4},"end":{"line":12,"column":29}},"8":{"start":{"line":13,"column":4},"end":{"line":13,"column":63}},"9":{"start":{"line":15,"column":2},"end":{"line":15,"column":13}},"10":{"start":{"line":19,"column":34},"end":{"line":19,"column":46}},"11":{"start":{"line":21,"column":2},"end":{"line":23,"column":9}},"12":{"start":{"line":22,"column":4},"end":{"line":22,"column":37}},"13":{"start":{"line":25,"column":24},"end":{"line":28,"column":3}},"14":{"start":{"line":26,"column":4},"end":{"line":26,"column":47}},"15":{"start":{"line":27,"column":4},"end":{"line":27,"column":37}},"16":{"start":{"line":30,"column":23},"end":{"line":33,"column":3}},"17":{"start":{"line":31,"column":4},"end":{"line":31,"column":47}},"18":{"start":{"line":32,"column":4},"end":{"line":32,"column":37}},"19":{"start":{"line":35,"column":2},"end":{"line":60,"column":4}},"20":{"start":{"line":44,"column":14},"end":{"line":54,"column":19}},"21":{"start":{"line":50,"column":43},"end":{"line":50,"column":66}},"22":{"start":{"line":51,"column":43},"end":{"line":51,"column":65}}},"fnMap":{"0":{"name":"(anonymous_0)","decl":{"start":{"line":4,"column":21},"end":{"line":4,"column":22}},"loc":{"start":{"line":4,"column":33},"end":{"line":6,"column":1}},"line":4},"1":{"name":"(anonymous_1)","decl":{"start":{"line":8,"column":25},"end":{"line":8,"column":26}},"loc":{"start":{"line":8,"column":51},"end":{"line":16,"column":1}},"line":8},"2":{"name":"(anonymous_2)","decl":{"start":{"line":10,"column":28},"end":{"line":10,"column":29}},"loc":{"start":{"line":10,"column":33},"end":{"line":10,"column":52}},"line":10},"3":{"name":"ArtistNewsApproval","decl":{"start":{"line":18,"column":24},"end":{"line":18,"column":42}},"loc":{"start":{"line":18,"column":45},"end":{"line":61,"column":1}},"line":18},"4":{"name":"(anonymous_4)","decl":{"start":{"line":21,"column":12},"end":{"line":21,"column":13}},"loc":{"start":{"line":21,"column":18},"end":{"line":23,"column":3}},"line":21},"5":{"name":"(anonymous_5)","decl":{"start":{"line":25,"column":24},"end":{"line":25,"column":25}},"loc":{"start":{"line":25,"column":42},"end":{"line":28,"column":3}},"line":25},"6":{"name":"(anonymous_6)","decl":{"start":{"line":30,"column":23},"end":{"line":30,"column":24}},"loc":{"start":{"line":30,"column":41},"end":{"line":33,"column":3}},"line":30},"7":{"name":"(anonymous_7)","decl":{"start":{"line":43,"column":26},"end":{"line":43,"column":27}},"loc":{"start":{"line":44,"column":14},"end":{"line":54,"column":19}},"line":44},"8":{"name":"(anonymous_8)","decl":{"start":{"line":50,"column":37},"end":{"line":50,"column":38}},"loc":{"start":{"line":50,"column":43},"end":{"line":50,"column":66}},"line":50},"9":{"name":"(anonymous_9)","decl":{"start":{"line":51,"column":37},"end":{"line":51,"column":38}},"loc":{"start":{"line":51,"column":43},"end":{"line":51,"column":65}},"line":51}},"branchMap":{"0":{"loc":{"start":{"line":5,"column":9},"end":{"line":5,"column":64}},"type":"binary-expr","locations":[{"start":{"line":5,"column":9},"end":{"line":5,"column":58}},{"start":{"line":5,"column":62},"end":{"line":5,"column":64}}],"line":5},"1":{"loc":{"start":{"line":9,"column":12},"end":{"line":9,"column":67}},"type":"binary-expr","locations":[{"start":{"line":9,"column":12},"end":{"line":9,"column":61}},{"start":{"line":9,"column":65},"end":{"line":9,"column":67}}],"line":9},"2":{"loc":{"start":{"line":11,"column":2},"end":{"line":14,"column":3}},"type":"if","locations":[{"start":{"line":11,"column":2},"end":{"line":14,"column":3}},{"start":{},"end":{}}],"line":11},"3":{"loc":{"start":{"line":39,"column":9},"end":{"line":57,"column":9}},"type":"cond-expr","locations":[{"start":{"line":40,"column":10},"end":{"line":40,"column":43}},{"start":{"line":42,"column":10},"end":{"line":56,"column":15}}],"line":39},"4":{"loc":{"start":{"line":47,"column":63},"end":{"line":47,"column":126}},"type":"binary-expr","locations":[{"start":{"line":47,"column":63},"end":{"line":47,"column":75}},{"start":{"line":47,"column":79},"end":{"line":47,"column":95}},{"start":{"line":47,"column":99},"end":{"line":47,"column":112}},{"start":{"line":47,"column":116},"end":{"line":47,"column":126}}],"line":47},"5":{"loc":{"start":{"line":48,"column":17},"end":{"line":53,"column":17}},"type":"binary-expr","locations":[{"start":{"line":48,"column":17},"end":{"line":48,"column":39}},{"start":{"line":49,"column":18},"end":{"line":52,"column":21}}],"line":48}},"s":{"0":0,"1":0,"2":0,"3":0,"4":0,"5":0,"6":0,"7":0,"8":0,"9":0,"10":0,"11":0,"12":0,"13":0,"14":0,"15":0,"16":0,"17":0,"18":0,"19":0,"20":0,"21":0,"22":0},"f":{"0":0,"1":0,"2":0,"3":0,"4":0,"5":0,"6":0,"7":0,"8":0,"9":0},"b":{"0":[0,0],"1":[0,0],"2":[0,0],"3":[0,0],"4":[0,0,0,0],"5":[0,0]}}
,"C:\\Users\\SHREERAJ M\\Downloads\\V1\\lyric-frontend\\src\\admin\\PendingSongs.js": {"path":"C:\\Users\\SHREERAJ M\\Downloads\\V1\\lyric-frontend\\src\\admin\\PendingSongs.js","statementMap":{"0":{"start":{"line":8,"column":34},"end":{"line":8,"column":46}},"1":{"start":{"line":9,"column":36},"end":{"line":9,"column":51}},"2":{"start":{"line":10,"column":36},"end":{"line":10,"column":50}},"3":{"start":{"line":11,"column":50},"end":{"line":11,"column":65}},"4":{"start":{"line":12,"column":42},"end":{"line":12,"column":54}},"5":{"start":{"line":13,"column":42},"end":{"line":13,"column":56}},"6":{"start":{"line":15,"column":42},"end":{"line":15,"column":54}},"7":{"start":{"line":16,"column":32},"end":{"line":16,"column":47}},"8":{"start":{"line":17,"column":28},"end":{"line":17,"column":40}},"9":{"start":{"line":19,"column":28},"end":{"line":32,"column":3}},"10":{"start":{"line":20,"column":4},"end":{"line":20,"column":21}},"11":{"start":{"line":21,"column":4},"end":{"line":31,"column":5}},"12":{"start":{"line":22,"column":24},"end":{"line":22,"column":62}},"13":{"start":{"line":23,"column":23},"end":{"line":25,"column":8}},"14":{"start":{"line":26,"column":6},"end":{"line":26,"column":33}},"15":{"start":{"line":28,"column":6},"end":{"line":28,"column":48}},"16":{"start":{"line":30,"column":6},"end":{"line":30,"column":24}},"17":{"start":{"line":34,"column":2},"end":{"line":34,"column":48}},"18":{"start":{"line":34,"column":20},"end":{"line":34,"column":40}},"19":{"start":{"line":36,"column":23},"end":{"line":46,"column":3}},"20":{"start":{"line":37,"column":22},"end":{"line":37,"column":60}},"21":{"start":{"line":38,"column":4},"end":{"line":45,"column":5}},"22":{"start":{"line":39,"column":6},"end":{"line":41,"column":9}},"23":{"start":{"line":42,"column":6},"end":{"line":42,"column":26}},"24":{"start":{"line":44,"column":6},"end":{"line":44,"column":44}},"25":{"start":{"line":48,"column":27},"end":{"line":64,"column":3}},"26":{"start":{"line":49,"column":4},"end":{"line":49,"column":38}},"27":{"start":{"line":49,"column":31},"end":{"line":49,"column":38}},"28":{"start":{"line":50,"column":17},"end":{"line":50,"column":19}},"29":{"start":{"line":51,"column":4},"end":{"line":53,"column":5}},"30":{"start":{"line":52,"column":6},"end":{"line":52,"column":74}},"31":{"start":{"line":54,"column":22},"end":{"line":54,"column":60}},"32":{"start":{"line":55,"column":4},"end":{"line":63,"column":5}},"33":{"start":{"line":56,"column":6},"end":{"line":58,"column":9}},"34":{"start":{"line":59,"column":6},"end":{"line":59,"column":22}},"35":{"start":{"line":60,"column":6},"end":{"line":60,"column":26}},"36":{"start":{"line":62,"column":6},"end":{"line":62,"column":38}},"37":{"start":{"line":66,"column":25},"end":{"line":69,"column":3}},"38":{"start":{"line":67,"column":4},"end":{"line":67,"column":23}},"39":{"start":{"line":68,"column":4},"end":{"line":68,"column":23}},"40":{"start":{"line":71,"column":25},"end":{"line":73,"column":3}},"41":{"start":{"line":72,"column":4},"end":{"line":72,"column":92}},"42":{"start":{"line":72,"column":24},"end":{"line":72,"column":90}},"43":{"start":{"line":72,"column":63},"end":{"line":72,"column":73}},"44":{"start":{"line":75,"column":29},"end":{"line":79,"column":3}},"45":{"start":{"line":76,"column":4},"end":{"line":76,"column":26}},"46":{"start":{"line":77,"column":4},"end":{"line":77,"column":48}},"47":{"start":{"line":78,"column":4},"end":{"line":78,"column":30}},"48":{"start":{"line":81,"column":30},"end":{"line":87,"column":3}},"49":{"start":{"line":82,"column":4},"end":{"line":82,"column":30}},"50":{"start":{"line":82,"column":23},"end":{"line":82,"column":30}},"51":{"start":{"line":83,"column":4},"end":{"line":83,"column":67}},"52":{"start":{"line":84,"column":4},"end":{"line":84,"column":31}},"53":{"start":{"line":85,"column":4},"end":{"line":85,"column":26}},"54":{"start":{"line":86,"column":4},"end":{"line":86,"column":24}},"55":{"start":{"line":90,"column":2},"end":{"line":144,"column":4}},"56":{"start":{"line":96,"column":104},"end":{"line":96,"column":132}},"57":{"start":{"line":97,"column":102},"end":{"line":97,"column":130}},"58":{"start":{"line":114,"column":16},"end":{"line":126,"column":27}},"59":{"start":{"line":114,"column":63},"end":{"line":114,"column":143}},"60":{"start":{"line":114,"column":122},"end":{"line":114,"column":143}},"61":{"start":{"line":115,"column":43},"end":{"line":115,"column":62}},"62":{"start":{"line":115,"column":128},"end":{"line":115,"column":152}},"63":{"start":{"line":123,"column":79},"end":{"line":123,"column":99}},"64":{"start":{"line":123,"column":100},"end":{"line":123,"column":135}},"65":{"start":{"line":124,"column":76},"end":{"line":124,"column":96}},"66":{"start":{"line":124,"column":97},"end":{"line":124,"column":122}},"67":{"start":{"line":130,"column":64},"end":{"line":130,"column":83}},"68":{"start":{"line":131,"column":57},"end":{"line":131,"column":83}},"69":{"start":{"line":134,"column":86},"end":{"line":134,"column":117}},"70":{"start":{"line":137,"column":37},"end":{"line":137,"column":63}}},"fnMap":{"0":{"name":"PendingSongs","decl":{"start":{"line":7,"column":24},"end":{"line":7,"column":36}},"loc":{"start":{"line":7,"column":39},"end":{"line":145,"column":1}},"line":7},"1":{"name":"(anonymous_1)","decl":{"start":{"line":19,"column":28},"end":{"line":19,"column":29}},"loc":{"start":{"line":19,"column":40},"end":{"line":32,"column":3}},"line":19},"2":{"name":"(anonymous_2)","decl":{"start":{"line":34,"column":12},"end":{"line":34,"column":13}},"loc":{"start":{"line":34,"column":18},"end":{"line":34,"column":42}},"line":34},"3":{"name":"(anonymous_3)","decl":{"start":{"line":36,"column":23},"end":{"line":36,"column":24}},"loc":{"start":{"line":36,"column":67},"end":{"line":46,"column":3}},"line":36},"4":{"name":"(anonymous_4)","decl":{"start":{"line":48,"column":27},"end":{"line":48,"column":28}},"loc":{"start":{"line":48,"column":45},"end":{"line":64,"column":3}},"line":48},"5":{"name":"(anonymous_5)","decl":{"start":{"line":66,"column":25},"end":{"line":66,"column":26}},"loc":{"start":{"line":66,"column":35},"end":{"line":69,"column":3}},"line":66},"6":{"name":"(anonymous_6)","decl":{"start":{"line":71,"column":25},"end":{"line":71,"column":26}},"loc":{"start":{"line":71,"column":33},"end":{"line":73,"column":3}},"line":71},"7":{"name":"(anonymous_7)","decl":{"start":{"line":72,"column":16},"end":{"line":72,"column":17}},"loc":{"start":{"line":72,"column":24},"end":{"line":72,"column":90}},"line":72},"8":{"name":"(anonymous_8)","decl":{"start":{"line":72,"column":56},"end":{"line":72,"column":57}},"loc":{"start":{"line":72,"column":63},"end":{"line":72,"column":73}},"line":72},"9":{"name":"(anonymous_9)","decl":{"start":{"line":75,"column":29},"end":{"line":75,"column":30}},"loc":{"start":{"line":75,"column":39},"end":{"line":79,"column":3}},"line":75},"10":{"name":"(anonymous_10)","decl":{"start":{"line":81,"column":30},"end":{"line":81,"column":31}},"loc":{"start":{"line":81,"column":42},"end":{"line":87,"column":3}},"line":81},"11":{"name":"(anonymous_11)","decl":{"start":{"line":96,"column":98},"end":{"line":96,"column":99}},"loc":{"start":{"line":96,"column":104},"end":{"line":96,"column":132}},"line":96},"12":{"name":"(anonymous_12)","decl":{"start":{"line":97,"column":96},"end":{"line":97,"column":97}},"loc":{"start":{"line":97,"column":102},"end":{"line":97,"column":130}},"line":97},"13":{"name":"(anonymous_13)","decl":{"start":{"line":113,"column":32},"end":{"line":113,"column":33}},"loc":{"start":{"line":114,"column":16},"end":{"line":126,"column":27}},"line":114},"14":{"name":"(anonymous_14)","decl":{"start":{"line":114,"column":56},"end":{"line":114,"column":57}},"loc":{"start":{"line":114,"column":61},"end":{"line":114,"column":145}},"line":114},"15":{"name":"(anonymous_15)","decl":{"start":{"line":115,"column":38},"end":{"line":115,"column":39}},"loc":{"start":{"line":115,"column":43},"end":{"line":115,"column":62}},"line":115},"16":{"name":"(anonymous_16)","decl":{"start":{"line":115,"column":122},"end":{"line":115,"column":123}},"loc":{"start":{"line":115,"column":128},"end":{"line":115,"column":152}},"line":115},"17":{"name":"(anonymous_17)","decl":{"start":{"line":123,"column":73},"end":{"line":123,"column":74}},"loc":{"start":{"line":123,"column":78},"end":{"line":123,"column":136}},"line":123},"18":{"name":"(anonymous_18)","decl":{"start":{"line":124,"column":70},"end":{"line":124,"column":71}},"loc":{"start":{"line":124,"column":75},"end":{"line":124,"column":123}},"line":124},"19":{"name":"(anonymous_19)","decl":{"start":{"line":130,"column":58},"end":{"line":130,"column":59}},"loc":{"start":{"line":130,"column":64},"end":{"line":130,"column":83}},"line":130},"20":{"name":"(anonymous_20)","decl":{"start":{"line":131,"column":51},"end":{"line":131,"column":52}},"loc":{"start":{"line":131,"column":57},"end":{"line":131,"column":83}},"line":131},"21":{"name":"(anonymous_21)","decl":{"start":{"line":134,"column":81},"end":{"line":134,"column":82}},"loc":{"start":{"line":134,"column":86},"end":{"line":134,"column":117}},"line":134},"22":{"name":"(anonymous_22)","decl":{"start":{"line":137,"column":31},"end":{"line":137,"column":32}},"loc":{"start":{"line":137,"column":37},"end":{"line":137,"column":63}},"line":137}},"branchMap":{"0":{"loc":{"start":{"line":36,"column":42},"end":{"line":36,"column":62}},"type":"default-arg","locations":[{"start":{"line":36,"column":60},"end":{"line":36,"column":62}}],"line":36},"1":{"loc":{"start":{"line":49,"column":4},"end":{"line":49,"column":38}},"type":"if","locations":[{"start":{"line":49,"column":4},"end":{"line":49,"column":38}},{"start":{},"end":{}}],"line":49},"2":{"loc":{"start":{"line":51,"column":4},"end":{"line":53,"column":5}},"type":"if","locations":[{"start":{"line":51,"column":4},"end":{"line":53,"column":5}},{"start":{},"end":{}}],"line":51},"3":{"loc":{"start":{"line":52,"column":15},"end":{"line":52,"column":73}},"type":"binary-expr","locations":[{"start":{"line":52,"column":15},"end":{"line":52,"column":67}},{"start":{"line":52,"column":71},"end":{"line":52,"column":73}}],"line":52},"4":{"loc":{"start":{"line":72,"column":24},"end":{"line":72,"column":90}},"type":"cond-expr","locations":[{"start":{"line":72,"column":44},"end":{"line":72,"column":74}},{"start":{"line":72,"column":77},"end":{"line":72,"column":90}}],"line":72},"5":{"loc":{"start":{"line":77,"column":20},"end":{"line":77,"column":46}},"type":"binary-expr","locations":[{"start":{"line":77,"column":20},"end":{"line":77,"column":40}},{"start":{"line":77,"column":44},"end":{"line":77,"column":46}}],"line":77},"6":{"loc":{"start":{"line":82,"column":4},"end":{"line":82,"column":30}},"type":"if","locations":[{"start":{"line":82,"column":4},"end":{"line":82,"column":30}},{"start":{},"end":{}}],"line":82},"7":{"loc":{"start":{"line":93,"column":7},"end":{"line":142,"column":7}},"type":"cond-expr","locations":[{"start":{"line":93,"column":17},"end":{"line":93,"column":34}},{"start":{"line":93,"column":37},"end":{"line":142,"column":7}}],"line":93},"8":{"loc":{"start":{"line":93,"column":37},"end":{"line":142,"column":7}},"type":"cond-expr","locations":[{"start":{"line":93,"column":45},"end":{"line":93,"column":59}},{"start":{"line":94,"column":8},"end":{"line":141,"column":16}}],"line":93},"9":{"loc":{"start":{"line":114,"column":63},"end":{"line":114,"column":143}},"type":"if","locations":[{"start":{"line":114,"column":63},"end":{"line":114,"column":143}},{"start":{},"end":{}}],"line":114},"10":{"loc":{"start":{"line":114,"column":66},"end":{"line":114,"column":120}},"type":"binary-expr","locations":[{"start":{"line":114,"column":66},"end":{"line":114,"column":92}},{"start":{"line":114,"column":96},"end":{"line":114,"column":120}}],"line":114},"11":{"loc":{"start":{"line":121,"column":43},"end":{"line":121,"column":153}},"type":"cond-expr","locations":[{"start":{"line":121,"column":66},"end":{"line":121,"column":146}},{"start":{"line":121,"column":149},"end":{"line":121,"column":153}}],"line":121}},"s":{"0":0,"1":0,"2":0,"3":0,"4":0,"5":0,"6":0,"7":0,"8":0,"9":0,"10":0,"11":0,"12":0,"13":0,"14":0,"15":0,"16":0,"17":0,"18":0,"19":0,"20":0,"21":0,"22":0,"23":0,"24":0,"25":0,"26":0,"27":0,"28":0,"29":0,"30":0,"31":0,"32":0,"33":0,"34":0,"35":0,"36":0,"37":0,"38":0,"39":0,"40":0,"41":0,"42":0,"43":0,"44":0,"45":0,"46":0,"47":0,"48":0,"49":0,"50":0,"51":0,"52":0,"53":0,"54":0,"55":0,"56":0,"57":0,"58":0,"59":0,"60":0,"61":0,"62":0,"63":0,"64":0,"65":0,"66":0,"67":0,"68":0,"69":0,"70":0},"f":{"0":0,"1":0,"2":0,"3":0,"4":0,"5":0,"6":0,"7":0,"8":0,"9":0,"10":0,"11":0,"12":0,"13":0,"14":0,"15":0,"16":0,"17":0,"18":0,"19":0,"20":0,"21":0,"22":0},"b":{"0":[0],"1":[0,0],"2":[0,0],"3":[0,0],"4":[0,0],"5":[0,0],"6":[0,0],"7":[0,0],"8":[0,0],"9":[0,0],"10":[0,0],"11":[0,0]}}
,"C:\\Users\\SHREERAJ M\\Downloads\\V1\\lyric-frontend\\src\\admin\\SongDetailsModal.js": {"path":"C:\\Users\\SHREERAJ M\\Downloads\\V1\\lyric-frontend\\src\\admin\\SongDetailsModal.js","statementMap":{"0":{"start":{"line":5,"column":2},"end":{"line":5,"column":25}},"1":{"start":{"line":5,"column":13},"end":{"line":5,"column":25}},"2":{"start":{"line":6,"column":2},"end":{"line":24,"column":4}}},"fnMap":{"0":{"name":"SongDetailsModal","decl":{"start":{"line":4,"column":24},"end":{"line":4,"column":40}},"loc":{"start":{"line":4,"column":70},"end":{"line":25,"column":1}},"line":4}},"branchMap":{"0":{"loc":{"start":{"line":5,"column":2},"end":{"line":5,"column":25}},"type":"if","locations":[{"start":{"line":5,"column":2},"end":{"line":5,"column":25}},{"start":{},"end":{}}],"line":5},"1":{"loc":{"start":{"line":14,"column":69},"end":{"line":14,"column":92}},"type":"binary-expr","locations":[{"start":{"line":14,"column":69},"end":{"line":14,"column":85}},{"start":{"line":14,"column":89},"end":{"line":14,"column":92}}],"line":14},"2":{"loc":{"start":{"line":16,"column":73},"end":{"line":16,"column":100}},"type":"binary-expr","locations":[{"start":{"line":16,"column":73},"end":{"line":16,"column":93}},{"start":{"line":16,"column":97},"end":{"line":16,"column":100}}],"line":16}},"s":{"0":0,"1":0,"2":0},"f":{"0":0},"b":{"0":[0,0],"1":[0,0],"2":[0,0]}}
,"C:\\Users\\SHREERAJ M\\Downloads\\V1\\lyric-frontend\\src\\admin\\SongsData.js": {"path":"C:\\Users\\SHREERAJ M\\Downloads\\V1\\lyric-frontend\\src\\admin\\SongsData.js","statementMap":{"0":{"start":{"line":19,"column":28},"end":{"line":19,"column":40}},"1":{"start":{"line":20,"column":32},"end":{"line":20,"column":47}},"2":{"start":{"line":21,"column":28},"end":{"line":21,"column":40}},"3":{"start":{"line":22,"column":34},"end":{"line":22,"column":49}},"4":{"start":{"line":24,"column":22},"end":{"line":35,"column":3}},"5":{"start":{"line":25,"column":4},"end":{"line":34,"column":5}},"6":{"start":{"line":26,"column":6},"end":{"line":26,"column":23}},"7":{"start":{"line":27,"column":23},"end":{"line":27,"column":67}},"8":{"start":{"line":29,"column":6},"end":{"line":29,"column":26}},"9":{"start":{"line":31,"column":6},"end":{"line":31,"column":40}},"10":{"start":{"line":33,"column":6},"end":{"line":33,"column":24}},"11":{"start":{"line":37,"column":2},"end":{"line":39,"column":9}},"12":{"start":{"line":38,"column":4},"end":{"line":38,"column":18}},"13":{"start":{"line":41,"column":28},"end":{"line":44,"column":3}},"14":{"start":{"line":42,"column":4},"end":{"line":42,"column":18}},"15":{"start":{"line":43,"column":4},"end":{"line":43,"column":23}},"16":{"start":{"line":46,"column":27},"end":{"line":62,"column":3}},"17":{"start":{"line":47,"column":4},"end":{"line":61,"column":5}},"18":{"start":{"line":48,"column":6},"end":{"line":48,"column":23}},"19":{"start":{"line":49,"column":24},"end":{"line":49,"column":62}},"20":{"start":{"line":50,"column":6},"end":{"line":54,"column":9}},"21":{"start":{"line":55,"column":6},"end":{"line":55,"column":20}},"22":{"start":{"line":57,"column":6},"end":{"line":57,"column":53}},"23":{"start":{"line":58,"column":6},"end":{"line":58,"column":59}},"24":{"start":{"line":60,"column":6},"end":{"line":60,"column":24}},"25":{"start":{"line":64,"column":26},"end":{"line":67,"column":3}},"26":{"start":{"line":65,"column":4},"end":{"line":65,"column":23}},"27":{"start":{"line":66,"column":4},"end":{"line":66,"column":18}},"28":{"start":{"line":69,"column":2},"end":{"line":187,"column":4}},"29":{"start":{"line":90,"column":27},"end":{"line":90,"column":44}},"30":{"start":{"line":142,"column":18},"end":{"line":171,"column":29}},"31":{"start":{"line":166,"column":39},"end":{"line":166,"column":65}}},"fnMap":{"0":{"name":"SongsData","decl":{"start":{"line":18,"column":24},"end":{"line":18,"column":33}},"loc":{"start":{"line":18,"column":36},"end":{"line":188,"column":1}},"line":18},"1":{"name":"(anonymous_1)","decl":{"start":{"line":24,"column":22},"end":{"line":24,"column":23}},"loc":{"start":{"line":24,"column":34},"end":{"line":35,"column":3}},"line":24},"2":{"name":"(anonymous_2)","decl":{"start":{"line":37,"column":12},"end":{"line":37,"column":13}},"loc":{"start":{"line":37,"column":18},"end":{"line":39,"column":3}},"line":37},"3":{"name":"(anonymous_3)","decl":{"start":{"line":41,"column":28},"end":{"line":41,"column":29}},"loc":{"start":{"line":41,"column":34},"end":{"line":44,"column":3}},"line":41},"4":{"name":"(anonymous_4)","decl":{"start":{"line":46,"column":27},"end":{"line":46,"column":28}},"loc":{"start":{"line":46,"column":41},"end":{"line":62,"column":3}},"line":46},"5":{"name":"(anonymous_5)","decl":{"start":{"line":64,"column":26},"end":{"line":64,"column":27}},"loc":{"start":{"line":64,"column":32},"end":{"line":67,"column":3}},"line":64},"6":{"name":"(anonymous_6)","decl":{"start":{"line":90,"column":21},
[...]
":{}}],"line":93},"11":{"loc":{"start":{"line":111,"column":6},"end":{"line":115,"column":7}},"type":"if","locations":[{"start":{"line":111,"column":6},"end":{"line":115,"column":7}},{"start":{},"end":{}}],"line":111},"12":{"loc":{"start":{"line":117,"column":6},"end":{"line":120,"column":7}},"type":"if","locations":[{"start":{"line":117,"column":6},"end":{"line":120,"column":7}},{"start":{},"end":{}}],"line":117},"13":{"loc":{"start":{"line":117,"column":10},"end":{"line":117,"column":28}},"type":"binary-expr","locations":[{"start":{"line":117,"column":10},"end":{"line":117,"column":15}},{"start":{"line":117,"column":19},"end":{"line":117,"column":28}}],"line":117},"14":{"loc":{"start":{"line":143,"column":6},"end":{"line":151,"column":7}},"type":"if","locations":[{"start":{"line":143,"column":6},"end":{"line":151,"column":7}},{"start":{"line":149,"column":13},"end":{"line":151,"column":7}}],"line":143},"15":{"loc":{"start":{"line":146,"column":8},"end":{"line":148,"column":9}},"type":"if","locations":[{"start":{"line":146,"column":8},"end":{"line":148,"column":9}},{"start":{},"end":{}}],"line":146},"16":{"loc":{"start":{"line":154,"column":6},"end":{"line":174,"column":7}},"type":"if","locations":[{"start":{"line":154,"column":6},"end":{"line":174,"column":7}},{"start":{"line":172,"column":13},"end":{"line":174,"column":7}}],"line":154},"17":{"loc":{"start":{"line":155,"column":8},"end":{"line":171,"column":9}},"type":"switch","locations":[{"start":{"line":156,"column":10},"end":{"line":162,"column":18}},{"start":{"line":163,"column":10},"end":{"line":165,"column":18}},{"start":{"line":166,"column":10},"end":{"line":168,"column":18}},{"start":{"line":169,"column":10},"end":{"line":170,"column":58}}],"line":155},"18":{"loc":{"start":{"line":180,"column":14},"end":{"line":180,"column":77}},"type":"binary-expr","locations":[{"start":{"line":180,"column":14},"end":{"line":180,"column":22}},{"start":{"line":180,"column":26},"end":{"line":180,"column":36}},{"start":{"line":180,"column":40},"end":{"line":180,"column":50}},{"start":{"line":180,"column":54},"end":{"line":180,"column":77}}],"line":180},"19":{"loc":{"start":{"line":182,"column":4},"end":{"line":182,"column":43}},"type":"if","locations":[{"start":{"line":182,"column":4},"end":{"line":182,"column":43}},{"start":{},"end":{}}],"line":182},"20":{"loc":{"start":{"line":184,"column":4},"end":{"line":184,"column":60}},"type":"if","locations":[{"start":{"line":184,"column":4},"end":{"line":184,"column":60}},{"start":{},"end":{}}],"line":184},"21":{"loc":{"start":{"line":270,"column":13},"end":{"line":274,"column":13}},"type":"cond-expr","locations":[{"start":{"line":271,"column":14},"end":{"line":271,"column":35}},{"start":{"line":273,"column":14},"end":{"line":273,"column":35}}],"line":270}},"s":{"0":0,"1":0,"2":0,"3":0,"4":0,"5":0,"6":0,"7":0,"8":0,"9":0,"10":0,"11":0,"12":0,"13":0,"14":0,"15":0,"16":0,"17":0,"18":0,"19":0,"20":0,"21":0,"22":0,"23":0,"24":0,"25":0,"26":0,"27":0,"28":0,"29":0,"30":0,"31":0,"32":0,"33":0,"34":0,"35":0,"36":0,"37":0,"38":0,"39":0,"40":0,"41":0,"42":0,"43":0,"44":0,"45":0,"46":0,"47":0,"48":0,"49":0,"50":0,"51":0,"52":0,"53":0,"54":0,"55":0,"56":0,"57":0,"58":0,"59":0,"60":0,"61":0,"62":0,"63":0,"64":0,"65":0,"66":0,"67":0,"68":0,"69":0,"70":0,"71":0,"72":0,"73":0,"74":0,"75":0,"76":0,"77":0,"78":0,"79":0,"80":0,"81":0,"82":0,"83":0,"84":0,"85":0,"86":0,"87":0},"f":{"0":0,"1":0,"2":0,"3":0,"4":0,"5":0,"6":0,"7":0,"8":0,"9":0},"b":{"0":[0,0],"1":[0,0],"2":[0,0],"3":[0,0],"4":[0,0],"5":[0,0],"6":[0,0],"7":[0,0],"8":[0,0],"9":[0,0],"10":[0,0],"11":[0,0],"12":[0,0],"13":[0,0],"14":[0,0],"15":[0,0],"16":[0,0],"17":[0,0,0,0],"18":[0,0,0,0],"19":[0,0],"20":[0,0],"21":[0,0]}}
,"C:\\Users\\SHREERAJ M\\Downloads\\V1\\lyric-frontend\\src\\components\\songs\\Songs.js": {"path":"C:\\Users\\SHREERAJ M\\Downloads\\V1\\lyric-frontend\\src\\components\\songs\\Songs.js","statementMap":{"0":{"start":{"line":3,"column":14},"end":{"line":14,"column":1}},"1":{"start":{"line":4,"column":1},"end":{"line":13,"column":3}}},"fnMap":{"0":{"name":"(anonymous_0)","decl":{"start":{"line":3,"column":14},"end":{"line":3,"column":15}},"loc":{"start":{"line":3,"column":26},"end":{"line":14,"column":1}},"line":3}},"branchMap":{},"s":{"0":0,"1":0},"f":{"0":0},"b":{}}
,"C:\\Users\\SHREERAJ M\\Downloads\\V1\\lyric-frontend\\src\\components\\widgets\\Widgets.js": {"path":"C:\\Users\\SHREERAJ M\\Downloads\\V1\\lyric-frontend\\src\\components\\widgets\\Widgets.js","statementMap":{"0":{"start":{"line":9,"column":2},"end":{"line":12,"column":3}},"1":{"start":{"line":9,"column":15},"end":{"line":9,"column":31}},"2":{"start":{"line":10,"column":14},"end":{"line":10,"column":49}},"3":{"start":{"line":11,"column":4},"end":{"line":11,"column":48}},"4":{"start":{"line":13,"column":2},"end":{"line":13,"column":15}},"5":{"start":{"line":17,"column":28},"end":{"line":17,"column":40}},"6":{"start":{"line":18,"column":32},"end":{"line":18,"column":47}},"7":{"start":{"line":19,"column":28},"end":{"line":19,"column":40}},"8":{"start":{"line":21,"column":2},"end":{"line":36,"column":9}},"9":{"start":{"line":22,"column":24},"end":{"line":33,"column":5}},"10":{"start":{"line":23,"column":6},"end":{"line":32,"column":7}},"11":{"start":{"line":24,"column":8},"end":{"line":24,"column":25}},"12":{"start":{"line":25,"column":25},"end":{"line":25,"column":69}},"13":{"start":{"line":26,"column":8},"end":{"line":26,"column":42}},"14":{"start":{"line":27,"column":8},"end":{"line":27,"column":31}},"15":{"start":{"line":29,"column":8},"end":{"line":29,"column":42}},"16":{"start":{"line":31,"column":8},"end":{"line":31,"column":26}},"17":{"start":{"line":35,"column":4},"end":{"line":35,"column":18}},"18":{"start":{"line":38,"column":2},"end":{"line":48,"column":4}}},"fnMap":{"0":{"name":"shuffleArray","decl":{"start":{"line":8,"column":9},"end":{"line":8,"column":21}},"loc":{"start":{"line":8,"column":29},"end":{"line":14,"column":1}},"line":8},"1":{"name":"Widgets","decl":{"start":{"line":16,"column":24},"end":{"line":16,"column":31}},"loc":{"start":{"line":16,"column":34},"end":{"line":49,"column":1}},"line":16},"2":{"name":"(anonymous_2)","decl":{"start":{"line":21,"column":12},"end":{"line":21,"column":13}},"loc":{"start":{"line":21,"column":18},"end":{"line":36,"column":3}},"line":21},"3":{"name":"(anonymous_3)","decl":{"start":{"line":22,"column":24},"end":{"line":22,"column":25}},"loc":{"start":{"line":22,"column":36},"end":{"line":33,"column":5}},"line":22}},"branchMap":{"0":{"loc":{"start":{"line":40,"column":7},"end":{"line":46,"column":7}},"type":"binary-expr","locations":[{"start":{"line":40,"column":7},"end":{"line":40,"column":23}},{"start":{"line":41,"column":8},"end":{"line":45,"column":11}}],"line":40}},"s":{"0":0,"1":0,"2":0,"3":0,"4":0,"5":0,"6":0,"7":0,"8":0,"9":0,"10":0,"11":0,"12":0,"13":0,"14":0,"15":0,"16":0,"17":0,"18":0},"f":{"0":0,"1":0,"2":0,"3":0},"b":{"0":[0,0]}}
,"C:\\Users\\SHREERAJ M\\Downloads\\V1\\lyric-frontend\\src\\components\\widgets\\widgetCard.js": {"path":"C:\\Users\\SHREERAJ M\\Downloads\\V1\\lyric-frontend\\src\\components\\widgets\\widgetCard.js","statementMap":{"0":{"start":{"line":7,"column":19},"end":{"line":7,"column":32}},"1":{"start":{"line":9,"column":26},"end":{"line":18,"column":3}},"2":{"start":{"line":11,"column":4},"end":{"line":17,"column":7}},"3":{"start":{"line":20,"column":2},"end":{"line":32,"column":4}},"4":{"start":{"line":24,"column":8},"end":{"line":29,"column":10}},"5":{"start":{"line":28,"column":25},"end":{"line":28,"column":46}}},"fnMap":{"0":{"name":"WidgetCard","decl":{"start":{"line":6,"column":24},"end":{"line":6,"column":34}},"loc":{"start":{"line":6,"column":53},"end":{"line":33,"column":1}},"line":6},"1":{"name":"(anonymous_1)","decl":{"start":{"line":9,"column":26},"end":{"line":9,"column":27}},"loc":{"start":{"line":9,"column":36},"end":{"line":18,"column":3}},"line":9},"2":{"name":"(anonymous_2)","decl":{"start":{"line":23,"column":17},"end":{"line":23,"column":18}},"loc":{"start":{"line":24,"column":8},"end":{"line":29,"column":10}},"line":24},"3":{"name":"(anonymous_3)","decl":{"start":{"line":28,"column":19},"end":{"line":28,"column":20}},"loc":{"start":{"line":28,"column":25},"end":{"line":28,"column":46}},"line":28}},"branchMap":{},"s":{"0":0,"1":0,"2":0,"3":0,"4":0,"5":0},"f":{"0":0,"1":0,"2":0,"3":0},"b":{}}
,"C:\\Users\\SHREERAJ M\\Downloads\\V1\\lyric-frontend\\src\\components\\widgets\\widgetEntry.js": {"path":"C:\\Users\\SHREERAJ M\\Downloads\\V1\\lyric-frontend\\src\\components\\widgets\\widgetEntry.js","statementMap":{"0":{"start":{"line":8,"column":26},"end":{"line":11,"column":3}},"1":{"start":{"line":9,"column":4},"end":{"line":9,"column":24}},"2":{"start":{"line":10,"column":4},"end":{"line":10,"column":14}},"3":{"start":{"line":14,"column":2},"end":{"line":24,"column":4}}},"fnMap":{"0":{"name":"WidgetEntry","decl":{"start":{"line":6,"column":24},"end":{"line":6,"column":35}},"loc":{"start":{"line":6,"column":66},"end":{"line":25,"column":1}},"line":6},"1":{"name":"(anonymous_1)","decl":{"start":{"line":8,"column":26},"end":{"line":8,"column":27}},"loc":{"start":{"line":8,"column":33},"end":{"line":11,"column":3}},"line":8}},"branchMap":{},"s":{"0":0,"1":0,"2":0,"3":0},"f":{"0":0,"1":0},"b":{}}
,"C:\\Users\\SHREERAJ M\\Downloads\\V1\\lyric-frontend\\src\\main\\About.js": {"path":"C:\\Users\\SHREERAJ M\\Downloads\\V1\\lyric-frontend\\src\\main\\About.js","statementMap":{},"fnMap":{},"branchMap":{},"s":{},"f":{},"b":{}}
,"C:\\Users\\SHREERAJ M\\Downloads\\V1\\lyric-frontend\\src\\main\\DevelopersTeam.jsx": {"path":"C:\\Users\\SHREERAJ M\\Downloads\\V1\\lyric-frontend\\src\\main\\DevelopersTeam.jsx","statementMap":{"0":{"start":{"line":5,"column":19},"end":{"line":58,"column":1}},"1":{"start":{"line":63,"column":42},"end":{"line":63,"column":80}},"2":{"start":{"line":66,"column":21},"end":{"line":66,"column":38}},"3":{"start":{"line":67,"column":4},"end":{"line":67,"column":35}},"4":{"start":{"line":68,"column":4},"end":{"line":68,"column":30}},"5":{"start":{"line":71,"column":2},"end":{"line":109,"column":4}},"6":{"start":{"line":77,"column":12},"end":{"line":104,"column":18}},"7":{"start":{"line":80,"column":61},"end":{"line":80,"column":88}},"8":{"start":{"line":86,"column":20},"end":{"line":86,"column":89}}},"fnMap":{"0":{"name":"DevelopersTeam","decl":{"start":{"line":62,"column":24},"end":{"line":62,"column":38}},"loc":{"start":{"line":62,"column":41},"end":{"line":110,"column":1}},"line":62},"1":{"name":"handleShowContribution","decl":{"start":{"line":65,"column":11},"end":{"line":65,"column":33}},"loc":{"start":{"line":65,"column":39},"end":{"line":69,"column":3}},"line":65},"2":{"name":"(anonymous_2)","decl":{"start":{"line":76,"column":26},"end":{"line":76,"column":27}},"loc":{"start":{"line":77,"column":12},"end":{"line":104,"column":18}},"line":77},"3":{"name":"(anonymous_3)","decl":{"start":{"line":80,"column":55},"end":{"line":80,"column":56}},"loc":{"start":{"line":80,"column":61},"end":{"line":80,"column":88}},"line":80},"4":{"name":"(anonymous_4)","decl":{"start":{"line":85,"column":41},"end":{"line":85,"column":42}},"loc":{"start":{"line":86,"column":20},"end":{"line":86,"column":89}},"line":86}},"branchMap":{"0":{"loc":{"start":{"line":83,"column":15},"end":{"line":89,"column":15}},"type":"binary-expr","locations":[{"start":{"line":83,"column":15},"end":{"line":83,"column":32}},{"start":{"line":84,"column":16},"end":{"line":88,"column":22}}],"line":83}},"s":{"0":1,"1":7,"2":2,"3":2,"4":2,"5":7,"6":28,"7":2,"8":3},"f":{"0":7,"1":2,"2":28,"3":2,"4":3},"b":{"0":[28,1]},"_coverageSchema":"1a1c01bbd47fc00a2c39e90264f33305004495a9","hash":"a355f815b7e1b1d3f4e44bdacc6642f8cf6e7d89"}
,"C:\\Users\\SHREERAJ M\\Downloads\\V1\\lyric-frontend\\src\\main\\Instructions.jsx": {"path":"C:\\Users\\SHREERAJ M\\Downloads\\V1\\lyric-frontend\\src\\main\\Instructions.jsx","statementMap":{"0":{"start":{"line":4,"column":2},"end":{"line":35,"column":4}}},"fnMap":{"0":{"name":"Instructions","decl":{"start":{"line":3,"column":24},"end":{"line":3,"column":36}},"loc":{"start":{"line":3,"column":39},"end":{"line":36,"column":1}},"line":3}},"branchMap":{},"s":{"0":3},"f":{"0":3},"b":{},"_coverageSchema":"1a1c01bbd47fc00a2c39e90264f33305004495a9","hash":"fc0f67ae1caad46b59d56dd25fd6228df34518be"}
,"C:\\Users\\SHREERAJ M\\Downloads\\V1\\lyric-frontend\\src\\main\\MainErrorPage.js": {"path":"C:\\Users\\SHREERAJ M\\Downloads\\V1\\lyric-frontend\\src\\main\\MainErrorPage.js","statementMap":{"0":{"start":{"line":4,"column":2},"end":{"line":11,"column":4}}},"fnMap":{"0":{"name":"MainErrorPage","decl":{"start":{"line":3,"column":24},"end":{"line":3,"column":37}},"loc":{"start":{"line":3,"column":40},"end":{"line":12,"column":1}},"line":3}},"branchMap":{},"s":{"0":0},"f":{"0":0},"b":{}}
,"C:\\Users\\SHREERAJ M\\Downloads\\V1\\lyric-frontend\\src\\main\\MainHome.js": {"path":"C:\\Users\\SHREERAJ M\\Downloads\\V1\\lyric-frontend\\src\\main\\MainHome.js","statementMap":{"0":{"start":{"line":4,"column":2},"end":{"line":7,"column":4}}},"fnMap":{"0":{"name":"MainHome","decl":{"start":{"line":3,"column":24},"end":{"line":3,"column":32}},"loc":{"start":{"line":3,"column":35},"end":{"line":8,"column":1}},"line":3}},"branchMap":{},"s":{"0":0},"f":{"0":0},"b":{}}
,"C:\\Users\\SHREERAJ M\\Downloads\\V1\\lyric-frontend\\src\\main\\MainNavBar.js": {"path":"C:\\Users\\SHREERAJ M\\Downloads\\V1\\lyric-frontend\\src\\main\\MainNavBar.js","statementMap":{"0":{"start":{"line":17,"column":2},"end":{"line":52,"column":4}}},"fnMap":{"0":{"name":"MainNavBar","decl":{"start":{"line":16,"column":24},"end":{"line":16,"column":34}},"loc":{"start":{"line":16,"column":81},"end":{"line":53,"column":1}},"line":16}},"branchMap":{},"s":{"0":0},"f":{"0":0},"b":{}}
,"C:\\Users\\SHREERAJ M\\Downloads\\V1\\lyric-frontend\\src\\slices\\playlistSlice.js": {"path":"C:\\Users\\SHREERAJ M\\Downloads\\V1\\lyric-frontend\\src\\slices\\playlistSlice.js","statementMap":{"0":{"start":{"line":5,"column":40},"end":{"line":36,"column":1}},"1":{"start":{"line":8,"column":4},"end":{"line":34,"column":5}},"2":{"start":{"line":9,"column":23},"end":{"line":14,"column":7}},"3":{"start":{"line":15,"column":6},"end":{"line":31,"column":7}},"4":{"start":{"line":16,"column":8},"end":{"line":28,"column":12}},"5":{"start":{"line":16,"column":61},"end":{"line":28,"column":9}},"6":{"start":{"line":22,"column":64},"end":{"line":26,"column":13}},"7":{"start":{"line":30,"column":8},"end":{"line":30,"column":73}},"8":{"start":{"line":33,"column":6},"end":{"line":33,"column":44}},"9":{"start":{"line":40,"column":38},"end":{"line":64,"column":1}},"10":{"start":{"line":43,"column":4},"end":{"line":62,"column":5}},"11":{"start":{"line":44,"column":23},"end":{"line":49,"column":7}},"12":{"start":{"line":50,"column":6},"end":{"line":59,"column":7}},"13":{"start":{"line":51,"column":8},"end":{"line":56,"column":12}},"14":{"start":{"line":51,"column":61},"end":{"line":56,"column":9}},"15":{"start":{"line":58,"column":8},"end":{"line":58,"column":70}},"16":{"start":{"line":61,"column":6},"end":{"line":61,"column":44}},"17":{"start":{"line":67,"column":22},"end":{"line":105,"column":2}},"18":{"start":{"line":77,"column":4},"end":{"line":103,"column":9}},"19":{"start":{"line":80,"column":8},"end":{"line":80,"column":29}},"20":{"start":{"line":81,"column":8},"end":{"line":81,"column":25}},"21":{"start":{"line":84,"column":8},"end":{"line":84,"column":30}},"22":{"start":{"line":85,"column":8},"end":{"line":85,"column":41}},"23":{"start":{"line":88,"column":8},"end":{"line":88,"column":30}},"24":{"start":{"line":89,"column":8},"end":{"line":89,"column":37}},"25":{"start":{"line":93,"column":8},"end":{"line":93,"column":29}},"26":{"start":{"line":94,"column":8},"end":{"line":94,"column":25}},"27":{"start":{"line":97,"column":8},"end":{"line":97,"column":30}},"28":{"start":{"line":98,"column":8},"end":{"line":98,"column":49}},"29":{"start":{"line":101,"column":8},"end":{"line":101,"column":30}},"30":{"start":{"line":102,"column":8},"end":{"line":102,"column":37}}},"fnMap":{"0":{"name":"(anonymous_0)","decl":{"start":{"line":7,"column":2},"end":{"line":7,"column":3}},"loc":{"start":{"line":7,"column":61},"end":{"line":35,"column":3}},"line":7},"1":{"name":"(anonymous_1)","decl":{"start":{"line":16,"column":46},"end":{"line":16,"column":47}},"loc":{"start":{"line":16,"column":61},"end":{"line":28,"column":9}},"line":16},"2":{"name":"(anonymous_2)","decl":{"start":{"line":22,"column":55},"end":{"line":22,"column":56}},"loc":{"start":{"line":22,"column":64},"end":{"line":26,"column":13}},"line":22},"3":{"name":"(anonymous_3)","decl":{"start":{"line":42,"column":2},"end":{"line":42,"column":3}},"loc":{"start":{"line":42,"column":36},"end":{"line":63,"column":3}},"line":42},"4":{"name":"(anonymous_4)","decl":{"start":{"line":51,"column":46},"end":{"line":51,"column":47}},"loc":{"start":{"line":51,"column":61},"end":{"line":56,"column":9}},"line":51},"5":{"name":"(anonymous_5)","decl":{"start":{"line":76,"column":17},"end":{"line":76,"column":18}},"loc":{"start":{"line":76,"column":30},"end":{"line":104,"column":3}},"line":76},"6":{"name":"(anonymous_6)","decl":{"start":{"line":79,"column":49},"end":{"line":79,"column":50}},"loc":{"start":{"line":79,"column":60},"end":{"line":82,"column":7}},"line":79},"7":{"name":"(anonymous_7)","decl":{"start":{"line":83,"column":51},"end":{"line":83,"column":52}},"loc":{"start":{"line":83,"column":70},"end":{"line":86,"column":7}},"line":83},"8":{"name":"(anonymous_8)","decl":{"start":{"line":87,"column":50},"end":{"line":87,"column":51}},"loc":{"start":{"line":87,"column":69},"end":{"line":90,"column":7}},"line":87},"9":{"name":"(anonymous_9)","decl":{"start":{"line":92,"column":47},"end":{"line":92,"column":48}},"loc":{"start":{"line":92,"column":58},"end":{"line":95,"column":7}},"line":92},"10":{"name":"(anonymous_10)","decl":{"start":{"line":96,"column":49},"end":{"line":96,"column":50}},"loc":{"start":{"line":96,"column":68},"end":{"line":99,"column":7}},"line":96},"11":{"name":"(anonymous_11)","decl":{"start":{"line":100,"column":48},"end":{"line":100,"column":49}},"loc":{"start":{"line":100,"column":67},"end":{"line":103,"column":7}},"line":100}},"branchMap":{"0":{"loc":{"start":{"line":7,"column":9},"end":{"line":7,"column":35}},"type":"default-arg","locations":[{"start":{"line":7,"column":20},"end":{"line":7,"column":35}}],"line":7},"1":{"loc":{"start":{"line":15,"column":6},"end":{"line":31,"column":7}},"type":"if","locations":[{"start":{"line":15,"column":6},"end":{"line":31,"column":7}},{"start":{"line":29,"column":13},"end":{"line":31,"column":7}}],"line":15},"2":{"loc":{"start":{"line":19,"column":18},"end":{"line":19,"column":72}},"type":"cond-expr","locations":[{"start":{"line":19,"column":35},"end":{"line":19,"column":67}},{"start":{"line":19,"column":70},"end":{"line":19,"column":72}}],"line":19},"3":{"loc":{"start":{"line":22,"column":19},"end":{"line":26,"column":20}},"type":"cond-expr","locations":[{"start":{"line":22,"column":36},"end":{"line":26,"column":15}},{"start":{"line":26,"column":18},"end":{"line":26,"column":20}}],"line":22},"4":{"loc":{"start":{"line":50,"column":6},"end":{"line":59,"column":7}},"type":"if","locations":[{"start":{"line":50,"column":6},"end":{"line":59,"column":7}},{"start":{"line":57,"column":13},"end":{"line":59,"column":7}}],"line":50},"5":{"loc":{"start":{"line":54,"column":18},"end":{"line":54,"column":72}},"type":"cond-expr","locations":[{"start":{"line":54,"column":35},"end":{"line":54,"column":67}},{"start":{"line":54,"column":70},"end":{"line":54,"column":72}}],"line":54}},"s":{"0":0,"1":0,"2":0,"3":0,"4":0,"5":0,"6":0,"7":0,"8":0,"9":0,"10":0,"11":0,"12":0,"13":0,"14":0,"15":0,"16":0,"17":0,"18":0,"19":0,"20":0,"21":0,"22":0,"23":0,"24":0,"25":0,"26":0,"27":0,"28":0,"29":0,"30":0},"f":{"0":0,"1":0,"2":0,"3":0,"4":0,"5":0,"6":0,"7":0,"8":0,"9":0,"10":0,"11":0},"b":{"0":[0],"1":[0,0],"2":[0,0],"3":[0,0],"4":[0,0],"5":[0,0]}}
}
